   1              	 .syntax unified
   2              	 .cpu cortex-m4
   3              	 .eabi_attribute 27,3
   4              	 .fpu fpv4-sp-d16
   5              	 .eabi_attribute 20,1
   6              	 .eabi_attribute 21,1
   7              	 .eabi_attribute 23,3
   8              	 .eabi_attribute 24,1
   9              	 .eabi_attribute 25,1
  10              	 .eabi_attribute 26,1
  11              	 .eabi_attribute 30,6
  12              	 .eabi_attribute 34,1
  13              	 .eabi_attribute 18,4
  14              	 .thumb
  15              	 .file "main.c"
  16              	 .text
  17              	.Ltext0:
  18              	 .cfi_sections .debug_frame
  19              	 .section .text.main,"ax",%progbits
  20              	 .align 2
  21              	 .global main
  22              	 .thumb
  23              	 .thumb_func
  25              	main:
  26              	.LFB290:
  27              	 .file 1 "../main.c"
   1:../main.c     **** /*
   2:../main.c     ****  * main.c
   3:../main.c     ****  *
   4:../main.c     ****  *  Created on: 2024 Aug 25 03:32:06
   5:../main.c     ****  *  Author: admin
   6:../main.c     ****  */
   7:../main.c     **** 
   8:../main.c     **** 
   9:../main.c     **** 
  10:../main.c     **** 
  11:../main.c     **** #include "DAVE.h"                 //Declarations from DAVE Code Generation (includes SFR declaratio
  12:../main.c     **** 
  13:../main.c     **** /**
  14:../main.c     **** 
  15:../main.c     ****  * @brief main() - Application entry point
  16:../main.c     ****  *
  17:../main.c     ****  * <b>Details of function</b><br>
  18:../main.c     ****  * This routine is the application entry point. It is invoked by the device startup code. It is res
  19:../main.c     ****  * invoking the APP initialization dispatcher routine - DAVE_Init() and hosting the place-holder fo
  20:../main.c     ****  * code.
  21:../main.c     ****  */
  22:../main.c     **** 
  23:../main.c     **** int main(void)
  24:../main.c     **** {
  28              	 .loc 1 24 0
  29              	 .cfi_startproc
  30              	 
  31              	 
  32 0000 80B5     	 push {r7,lr}
  33              	.LCFI0:
  34              	 .cfi_def_cfa_offset 8
  35              	 .cfi_offset 7,-8
  36              	 .cfi_offset 14,-4
  37 0002 84B0     	 sub sp,sp,#16
  38              	.LCFI1:
  39              	 .cfi_def_cfa_offset 24
  40 0004 00AF     	 add r7,sp,#0
  41              	.LCFI2:
  42              	 .cfi_def_cfa_register 7
  25:../main.c     ****   DAVE_STATUS_t status;
  26:../main.c     ****   uint8_t ReadData;
  27:../main.c     ****   status = DAVE_Init();           /* Initialization of DAVE APPs  */
  43              	 .loc 1 27 0
  44 0006 FFF7FEFF 	 bl DAVE_Init
  45 000a 0346     	 mov r3,r0
  46 000c FB73     	 strb r3,[r7,#15]
  28:../main.c     ****   uint32_t baud=9600;
  47              	 .loc 1 28 0
  48 000e 4FF41653 	 mov r3,#9600
  49 0012 BB60     	 str r3,[r7,#8]
  29:../main.c     ****   if (status != DAVE_STATUS_SUCCESS)
  50              	 .loc 1 29 0
  51 0014 FB7B     	 ldrb r3,[r7,#15]
  52 0016 002B     	 cmp r3,#0
  53 0018 00D0     	 beq .L2
  54              	.L3:
  30:../main.c     ****   {
  31:../main.c     ****     /* Placeholder for error handler code. The while loop below can be replaced with an user error 
  32:../main.c     ****     XMC_DEBUG("DAVE APPs initialization failed\n");
  33:../main.c     **** 
  34:../main.c     ****     while(1U)
  35:../main.c     ****     {
  36:../main.c     **** 
  37:../main.c     ****     }
  55              	 .loc 1 37 0 discriminator 1
  56 001a FEE7     	 b .L3
  57              	.L2:
  38:../main.c     ****   }
  39:../main.c     **** 
  40:../main.c     ****   /* Placeholder for user application code. The while loop below can be replaced with user applicat
  41:../main.c     ****   UART_SetBaudrate(&UART_0, baud, 16);
  58              	 .loc 1 41 0
  59 001c 0F48     	 ldr r0,.L7
  60 001e B968     	 ldr r1,[r7,#8]
  61 0020 1022     	 movs r2,#16
  62 0022 FFF7FEFF 	 bl UART_SetBaudrate
  63              	.L6:
  42:../main.c     ****   while(1U)
  43:../main.c     ****   {
  44:../main.c     **** 
  45:../main.c     **** 	  UART_Receive(&UART_0, ReadData, 1);
  64              	 .loc 1 45 0
  65 0026 FB79     	 ldrb r3,[r7,#7]
  66 0028 0C48     	 ldr r0,.L7
  67 002a 1946     	 mov r1,r3
  68 002c 0122     	 movs r2,#1
  69 002e FFF7FEFF 	 bl UART_Receive
  46:../main.c     **** 
  47:../main.c     **** 	  UART_Transmit(&UART_0, ReadData, 1);
  70              	 .loc 1 47 0
  71 0032 FB79     	 ldrb r3,[r7,#7]
  72 0034 0948     	 ldr r0,.L7
  73 0036 1946     	 mov r1,r3
  74 0038 0122     	 movs r2,#1
  75 003a FFF7FEFF 	 bl UART_Transmit
  48:../main.c     **** 	  while(UART_0.runtime->rx_busy);
  76              	 .loc 1 48 0
  77 003e 00BF     	 nop
  78              	.L4:
  79              	 .loc 1 48 0 is_stmt 0 discriminator 1
  80 0040 064B     	 ldr r3,.L7
  81 0042 9B68     	 ldr r3,[r3,#8]
  82 0044 5B7E     	 ldrb r3,[r3,#25]
  83 0046 DBB2     	 uxtb r3,r3
  84 0048 002B     	 cmp r3,#0
  85 004a F9D1     	 bne .L4
  49:../main.c     **** 	  while(UART_0.runtime->tx_busy);
  86              	 .loc 1 49 0 is_stmt 1
  87 004c 00BF     	 nop
  88              	.L5:
  89              	 .loc 1 49 0 is_stmt 0 discriminator 1
  90 004e 034B     	 ldr r3,.L7
  91 0050 9B68     	 ldr r3,[r3,#8]
  92 0052 1B7E     	 ldrb r3,[r3,#24]
  93 0054 DBB2     	 uxtb r3,r3
  94 0056 002B     	 cmp r3,#0
  95 0058 F9D1     	 bne .L5
  50:../main.c     ****   }
  96              	 .loc 1 50 0 is_stmt 1
  97 005a E4E7     	 b .L6
  98              	.L8:
  99              	 .align 2
 100              	.L7:
 101 005c 00000000 	 .word UART_0
 102              	 .cfi_endproc
 103              	.LFE290:
 105              	 .text
 106              	.Letext0:
 107              	 .file 2 "c:\\infineon\\tools\\dave ide\\4.5.0.202105191637\\eclipse\\arm-gcc-49\\arm-none-eabi\\include\\machine\\_default_types.h"
 108              	 .file 3 "c:\\infineon\\tools\\dave ide\\4.5.0.202105191637\\eclipse\\arm-gcc-49\\arm-none-eabi\\include\\stdint.h"
 109              	 .file 4 "C:/work_mari/XMC4800/UART/Libraries/XMCLib/inc/xmc_gpio.h"
 110              	 .file 5 "C:/work_mari/XMC4800/UART/Libraries/XMCLib/inc/xmc4_gpio.h"
 111              	 .file 6 "C:/work_mari/XMC4800/UART/Libraries/XMCLib/inc/xmc_usic.h"
 112              	 .file 7 "C:/work_mari/XMC4800/UART/Libraries/XMCLib/inc/xmc_uart.h"
 113              	 .file 8 "C:/work_mari/XMC4800/UART/Dave/Generated/UART/uart.h"
 114              	 .file 9 "C:/work_mari/XMC4800/UART/Dave/Generated/DAVE.h"
 115              	 .file 10 "C:/work_mari/XMC4800/UART/Libraries/CMSIS/Include/cmsis_gcc.h"
 116              	 .file 11 "C:/work_mari/XMC4800/UART/Libraries/CMSIS/Include/core_cm4.h"
 117              	 .file 12 "C:/work_mari/XMC4800/UART/Libraries/CMSIS/Infineon/XMC4800_series/Include/system_XMC4800.h"
 118              	 .file 13 "C:/work_mari/XMC4800/UART/Dave/Generated/UART/uart_extern.h"
DEFINED SYMBOLS
                            *ABS*:00000000 main.c
    {standard input}:20     .text.main:00000000 $t
    {standard input}:25     .text.main:00000000 main
    {standard input}:101    .text.main:0000005c $d
                     .debug_frame:00000010 $d

UNDEFINED SYMBOLS
DAVE_Init
UART_SetBaudrate
UART_Receive
UART_Transmit
UART_0
