   1              	 .syntax unified
   2              	 .cpu cortex-m4
   3              	 .eabi_attribute 27,3
   4              	 .fpu fpv4-sp-d16
   5              	 .eabi_attribute 20,1
   6              	 .eabi_attribute 21,1
   7              	 .eabi_attribute 23,3
   8              	 .eabi_attribute 24,1
   9              	 .eabi_attribute 25,1
  10              	 .eabi_attribute 26,1
  11              	 .eabi_attribute 30,6
  12              	 .eabi_attribute 34,1
  13              	 .eabi_attribute 18,4
  14              	 .thumb
  15              	 .file "main.c"
  16              	 .text
  17              	.Ltext0:
  18              	 .cfi_sections .debug_frame
  19              	 .section .text.XMC_GPIO_SetOutputHigh,"ax",%progbits
  20              	 .align 2
  21              	 .thumb
  22              	 .thumb_func
  24              	XMC_GPIO_SetOutputHigh:
  25              	.LFB135:
  26              	 .file 1 "C:/work_mari/XMC4800/led_blinking/Libraries/XMCLib/inc/xmc_gpio.h"
   1:C:/work_mari/XMC4800/led_blinking/Libraries/XMCLib/inc\xmc_gpio.h **** /**
   2:C:/work_mari/XMC4800/led_blinking/Libraries/XMCLib/inc\xmc_gpio.h ****  * @file xmc_gpio.h
   3:C:/work_mari/XMC4800/led_blinking/Libraries/XMCLib/inc\xmc_gpio.h ****  * @date 2015-06-20
   4:C:/work_mari/XMC4800/led_blinking/Libraries/XMCLib/inc\xmc_gpio.h ****  *
   5:C:/work_mari/XMC4800/led_blinking/Libraries/XMCLib/inc\xmc_gpio.h ****  * @cond
   6:C:/work_mari/XMC4800/led_blinking/Libraries/XMCLib/inc\xmc_gpio.h ****  *****************************************************************************
   7:C:/work_mari/XMC4800/led_blinking/Libraries/XMCLib/inc\xmc_gpio.h ****  * XMClib v2.2.0 - XMC Peripheral Driver Library
   8:C:/work_mari/XMC4800/led_blinking/Libraries/XMCLib/inc\xmc_gpio.h ****  *
   9:C:/work_mari/XMC4800/led_blinking/Libraries/XMCLib/inc\xmc_gpio.h ****  * Copyright (c) 2015-2020, Infineon Technologies AG
  10:C:/work_mari/XMC4800/led_blinking/Libraries/XMCLib/inc\xmc_gpio.h ****  * All rights reserved.
  11:C:/work_mari/XMC4800/led_blinking/Libraries/XMCLib/inc\xmc_gpio.h ****  *
  12:C:/work_mari/XMC4800/led_blinking/Libraries/XMCLib/inc\xmc_gpio.h ****  * Boost Software License - Version 1.0 - August 17th, 2003
  13:C:/work_mari/XMC4800/led_blinking/Libraries/XMCLib/inc\xmc_gpio.h ****  *
  14:C:/work_mari/XMC4800/led_blinking/Libraries/XMCLib/inc\xmc_gpio.h ****  * Permission is hereby granted, free of charge, to any person or organization
  15:C:/work_mari/XMC4800/led_blinking/Libraries/XMCLib/inc\xmc_gpio.h ****  * obtaining a copy of the software and accompanying documentation covered by
  16:C:/work_mari/XMC4800/led_blinking/Libraries/XMCLib/inc\xmc_gpio.h ****  * this license (the "Software") to use, reproduce, display, distribute,
  17:C:/work_mari/XMC4800/led_blinking/Libraries/XMCLib/inc\xmc_gpio.h ****  * execute, and transmit the Software, and to prepare derivative works of the
  18:C:/work_mari/XMC4800/led_blinking/Libraries/XMCLib/inc\xmc_gpio.h ****  * Software, and to permit third-parties to whom the Software is furnished to
  19:C:/work_mari/XMC4800/led_blinking/Libraries/XMCLib/inc\xmc_gpio.h ****  * do so, all subject to the following:
  20:C:/work_mari/XMC4800/led_blinking/Libraries/XMCLib/inc\xmc_gpio.h ****  *
  21:C:/work_mari/XMC4800/led_blinking/Libraries/XMCLib/inc\xmc_gpio.h ****  * The copyright notices in the Software and this entire statement, including
  22:C:/work_mari/XMC4800/led_blinking/Libraries/XMCLib/inc\xmc_gpio.h ****  * the above license grant, this restriction and the following disclaimer,
  23:C:/work_mari/XMC4800/led_blinking/Libraries/XMCLib/inc\xmc_gpio.h ****  * must be included in all copies of the Software, in whole or in part, and
  24:C:/work_mari/XMC4800/led_blinking/Libraries/XMCLib/inc\xmc_gpio.h ****  * all derivative works of the Software, unless such copies or derivative
  25:C:/work_mari/XMC4800/led_blinking/Libraries/XMCLib/inc\xmc_gpio.h ****  * works are solely in the form of machine-executable object code generated by
  26:C:/work_mari/XMC4800/led_blinking/Libraries/XMCLib/inc\xmc_gpio.h ****  * a source language processor.
  27:C:/work_mari/XMC4800/led_blinking/Libraries/XMCLib/inc\xmc_gpio.h ****  *
  28:C:/work_mari/XMC4800/led_blinking/Libraries/XMCLib/inc\xmc_gpio.h ****  * THE SOFTWARE IS PROVIDED "AS IS", WITHOUT WARRANTY OF ANY KIND, EXPRESS OR
  29:C:/work_mari/XMC4800/led_blinking/Libraries/XMCLib/inc\xmc_gpio.h ****  * IMPLIED, INCLUDING BUT NOT LIMITED TO THE WARRANTIES OF MERCHANTABILITY,
  30:C:/work_mari/XMC4800/led_blinking/Libraries/XMCLib/inc\xmc_gpio.h ****  * FITNESS FOR A PARTICULAR PURPOSE, TITLE AND NON-INFRINGEMENT. IN NO EVENT
  31:C:/work_mari/XMC4800/led_blinking/Libraries/XMCLib/inc\xmc_gpio.h ****  * SHALL THE COPYRIGHT HOLDERS OR ANYONE DISTRIBUTING THE SOFTWARE BE LIABLE
  32:C:/work_mari/XMC4800/led_blinking/Libraries/XMCLib/inc\xmc_gpio.h ****  * FOR ANY DAMAGES OR OTHER LIABILITY, WHETHER IN CONTRACT, TORT OR OTHERWISE,
  33:C:/work_mari/XMC4800/led_blinking/Libraries/XMCLib/inc\xmc_gpio.h ****  * ARISING FROM, OUT OF OR IN CONNECTION WITH THE SOFTWARE OR THE USE OR OTHER
  34:C:/work_mari/XMC4800/led_blinking/Libraries/XMCLib/inc\xmc_gpio.h ****  * DEALINGS IN THE SOFTWARE.
  35:C:/work_mari/XMC4800/led_blinking/Libraries/XMCLib/inc\xmc_gpio.h ****  *
  36:C:/work_mari/XMC4800/led_blinking/Libraries/XMCLib/inc\xmc_gpio.h ****  * To improve the quality of the software, users are encouraged to share
  37:C:/work_mari/XMC4800/led_blinking/Libraries/XMCLib/inc\xmc_gpio.h ****  * modifications, enhancements or bug fixes with Infineon Technologies AG
  38:C:/work_mari/XMC4800/led_blinking/Libraries/XMCLib/inc\xmc_gpio.h ****  * at XMCSupport@infineon.com.
  39:C:/work_mari/XMC4800/led_blinking/Libraries/XMCLib/inc\xmc_gpio.h ****  *****************************************************************************
  40:C:/work_mari/XMC4800/led_blinking/Libraries/XMCLib/inc\xmc_gpio.h ****  *
  41:C:/work_mari/XMC4800/led_blinking/Libraries/XMCLib/inc\xmc_gpio.h ****  * Change History
  42:C:/work_mari/XMC4800/led_blinking/Libraries/XMCLib/inc\xmc_gpio.h ****  * --------------
  43:C:/work_mari/XMC4800/led_blinking/Libraries/XMCLib/inc\xmc_gpio.h ****  *
  44:C:/work_mari/XMC4800/led_blinking/Libraries/XMCLib/inc\xmc_gpio.h ****  * 2015-02-20:
  45:C:/work_mari/XMC4800/led_blinking/Libraries/XMCLib/inc\xmc_gpio.h ****  *     - Initial draft<br>
  46:C:/work_mari/XMC4800/led_blinking/Libraries/XMCLib/inc\xmc_gpio.h ****  *     - Documentation improved <br>
  47:C:/work_mari/XMC4800/led_blinking/Libraries/XMCLib/inc\xmc_gpio.h ****  *
  48:C:/work_mari/XMC4800/led_blinking/Libraries/XMCLib/inc\xmc_gpio.h ****  * 2015-06-20:
  49:C:/work_mari/XMC4800/led_blinking/Libraries/XMCLib/inc\xmc_gpio.h ****  *     - Removed version macros and declaration of GetDriverVersion API
  50:C:/work_mari/XMC4800/led_blinking/Libraries/XMCLib/inc\xmc_gpio.h ****  *
  51:C:/work_mari/XMC4800/led_blinking/Libraries/XMCLib/inc\xmc_gpio.h ****  * @endcond
  52:C:/work_mari/XMC4800/led_blinking/Libraries/XMCLib/inc\xmc_gpio.h ****  *
  53:C:/work_mari/XMC4800/led_blinking/Libraries/XMCLib/inc\xmc_gpio.h ****  */
  54:C:/work_mari/XMC4800/led_blinking/Libraries/XMCLib/inc\xmc_gpio.h **** 
  55:C:/work_mari/XMC4800/led_blinking/Libraries/XMCLib/inc\xmc_gpio.h **** #ifndef XMC_GPIO_H
  56:C:/work_mari/XMC4800/led_blinking/Libraries/XMCLib/inc\xmc_gpio.h **** #define XMC_GPIO_H
  57:C:/work_mari/XMC4800/led_blinking/Libraries/XMCLib/inc\xmc_gpio.h **** 
  58:C:/work_mari/XMC4800/led_blinking/Libraries/XMCLib/inc\xmc_gpio.h **** /**************************************************************************************************
  59:C:/work_mari/XMC4800/led_blinking/Libraries/XMCLib/inc\xmc_gpio.h ****  * HEADER FILES
  60:C:/work_mari/XMC4800/led_blinking/Libraries/XMCLib/inc\xmc_gpio.h ****  **************************************************************************************************
  61:C:/work_mari/XMC4800/led_blinking/Libraries/XMCLib/inc\xmc_gpio.h **** 
  62:C:/work_mari/XMC4800/led_blinking/Libraries/XMCLib/inc\xmc_gpio.h **** #include "xmc_common.h"
  63:C:/work_mari/XMC4800/led_blinking/Libraries/XMCLib/inc\xmc_gpio.h **** 
  64:C:/work_mari/XMC4800/led_blinking/Libraries/XMCLib/inc\xmc_gpio.h **** /**
  65:C:/work_mari/XMC4800/led_blinking/Libraries/XMCLib/inc\xmc_gpio.h ****  * @addtogroup XMClib XMC Peripheral Library
  66:C:/work_mari/XMC4800/led_blinking/Libraries/XMCLib/inc\xmc_gpio.h ****  * @{
  67:C:/work_mari/XMC4800/led_blinking/Libraries/XMCLib/inc\xmc_gpio.h ****  */
  68:C:/work_mari/XMC4800/led_blinking/Libraries/XMCLib/inc\xmc_gpio.h **** 
  69:C:/work_mari/XMC4800/led_blinking/Libraries/XMCLib/inc\xmc_gpio.h **** /**
  70:C:/work_mari/XMC4800/led_blinking/Libraries/XMCLib/inc\xmc_gpio.h ****  * @addtogroup GPIO
  71:C:/work_mari/XMC4800/led_blinking/Libraries/XMCLib/inc\xmc_gpio.h ****  * @brief General Purpose Input Output (GPIO) driver for the XMC microcontroller family.
  72:C:/work_mari/XMC4800/led_blinking/Libraries/XMCLib/inc\xmc_gpio.h ****  *
  73:C:/work_mari/XMC4800/led_blinking/Libraries/XMCLib/inc\xmc_gpio.h ****  * GPIO driver provide a generic and very flexible software interface for all standard digital I/O 
  74:C:/work_mari/XMC4800/led_blinking/Libraries/XMCLib/inc\xmc_gpio.h ****  * Each port slice has individual interfaces for the operation as General Purpose I/O and it furthe
  75:C:/work_mari/XMC4800/led_blinking/Libraries/XMCLib/inc\xmc_gpio.h ****  * connectivity to the on-chip periphery and the control for the pad characteristics.
  76:C:/work_mari/XMC4800/led_blinking/Libraries/XMCLib/inc\xmc_gpio.h ****  *
  77:C:/work_mari/XMC4800/led_blinking/Libraries/XMCLib/inc\xmc_gpio.h ****  * The driver is divided into Input and Output mode.
  78:C:/work_mari/XMC4800/led_blinking/Libraries/XMCLib/inc\xmc_gpio.h ****  *
  79:C:/work_mari/XMC4800/led_blinking/Libraries/XMCLib/inc\xmc_gpio.h ****  * Input mode features:
  80:C:/work_mari/XMC4800/led_blinking/Libraries/XMCLib/inc\xmc_gpio.h ****  * -# Configuration structure XMC_GPIO_CONFIG_t and initialization function XMC_GPIO_Init()
  81:C:/work_mari/XMC4800/led_blinking/Libraries/XMCLib/inc\xmc_gpio.h ****  * -# Allows the selection of weak pull-up or pull-down device. Configuration structure XMC_GPIO_MO
  82:C:/work_mari/XMC4800/led_blinking/Libraries/XMCLib/inc\xmc_gpio.h ****  * \if XMC1
  83:C:/work_mari/XMC4800/led_blinking/Libraries/XMCLib/inc\xmc_gpio.h ****  * -# Allows the selection of input hysteresis. XMC_GPIO_SetInputHysteresis()
  84:C:/work_mari/XMC4800/led_blinking/Libraries/XMCLib/inc\xmc_gpio.h ****  * \endif
  85:C:/work_mari/XMC4800/led_blinking/Libraries/XMCLib/inc\xmc_gpio.h ****  *
  86:C:/work_mari/XMC4800/led_blinking/Libraries/XMCLib/inc\xmc_gpio.h ****  *
  87:C:/work_mari/XMC4800/led_blinking/Libraries/XMCLib/inc\xmc_gpio.h ****  * Output mode features:
  88:C:/work_mari/XMC4800/led_blinking/Libraries/XMCLib/inc\xmc_gpio.h ****  * -# Allows the selection of push pull/open drain and Alternate output. Configuration structure XM
  89:C:/work_mari/XMC4800/led_blinking/Libraries/XMCLib/inc\xmc_gpio.h ****  * \if XMC4
  90:C:/work_mari/XMC4800/led_blinking/Libraries/XMCLib/inc\xmc_gpio.h ****  * -# Allows the selection of pad driver strength. Configuration structure XMC_GPIO_OUTPUT_STRENGTH
  91:C:/work_mari/XMC4800/led_blinking/Libraries/XMCLib/inc\xmc_gpio.h ****  * \endif
  92:C:/work_mari/XMC4800/led_blinking/Libraries/XMCLib/inc\xmc_gpio.h ****  *
  93:C:/work_mari/XMC4800/led_blinking/Libraries/XMCLib/inc\xmc_gpio.h ****  * -# Allows the selection of initial output level. Configuration structure XMC_GPIO_OUTPUT_LEVEL_t
  94:C:/work_mari/XMC4800/led_blinking/Libraries/XMCLib/inc\xmc_gpio.h ****  *
  95:C:/work_mari/XMC4800/led_blinking/Libraries/XMCLib/inc\xmc_gpio.h ****  *@{
  96:C:/work_mari/XMC4800/led_blinking/Libraries/XMCLib/inc\xmc_gpio.h ****  */
  97:C:/work_mari/XMC4800/led_blinking/Libraries/XMCLib/inc\xmc_gpio.h **** 
  98:C:/work_mari/XMC4800/led_blinking/Libraries/XMCLib/inc\xmc_gpio.h **** /**************************************************************************************************
  99:C:/work_mari/XMC4800/led_blinking/Libraries/XMCLib/inc\xmc_gpio.h ****  * MACROS
 100:C:/work_mari/XMC4800/led_blinking/Libraries/XMCLib/inc\xmc_gpio.h ****  **************************************************************************************************
 101:C:/work_mari/XMC4800/led_blinking/Libraries/XMCLib/inc\xmc_gpio.h **** 
 102:C:/work_mari/XMC4800/led_blinking/Libraries/XMCLib/inc\xmc_gpio.h **** #define PORT_IOCR_PC_Pos PORT0_IOCR0_PC0_Pos
 103:C:/work_mari/XMC4800/led_blinking/Libraries/XMCLib/inc\xmc_gpio.h **** #define PORT_IOCR_PC_Msk PORT0_IOCR0_PC0_Msk
 104:C:/work_mari/XMC4800/led_blinking/Libraries/XMCLib/inc\xmc_gpio.h **** 
 105:C:/work_mari/XMC4800/led_blinking/Libraries/XMCLib/inc\xmc_gpio.h **** #define PORT_IOCR_PC_Size 				(8U)
 106:C:/work_mari/XMC4800/led_blinking/Libraries/XMCLib/inc\xmc_gpio.h **** 
 107:C:/work_mari/XMC4800/led_blinking/Libraries/XMCLib/inc\xmc_gpio.h **** 
 108:C:/work_mari/XMC4800/led_blinking/Libraries/XMCLib/inc\xmc_gpio.h **** #define XMC_GPIO_CHECK_OUTPUT_LEVEL(level) ((level == XMC_GPIO_OUTPUT_LEVEL_LOW) || \
 109:C:/work_mari/XMC4800/led_blinking/Libraries/XMCLib/inc\xmc_gpio.h ****                                             (level == XMC_GPIO_OUTPUT_LEVEL_HIGH))
 110:C:/work_mari/XMC4800/led_blinking/Libraries/XMCLib/inc\xmc_gpio.h **** 
 111:C:/work_mari/XMC4800/led_blinking/Libraries/XMCLib/inc\xmc_gpio.h **** #define XMC_GPIO_CHECK_HWCTRL(hwctrl) ((hwctrl == XMC_GPIO_HWCTRL_DISABLED) || \
 112:C:/work_mari/XMC4800/led_blinking/Libraries/XMCLib/inc\xmc_gpio.h ****                                        (hwctrl == XMC_GPIO_HWCTRL_PERIPHERAL1) || \
 113:C:/work_mari/XMC4800/led_blinking/Libraries/XMCLib/inc\xmc_gpio.h ****                                        (hwctrl == XMC_GPIO_HWCTRL_PERIPHERAL2))
 114:C:/work_mari/XMC4800/led_blinking/Libraries/XMCLib/inc\xmc_gpio.h **** 
 115:C:/work_mari/XMC4800/led_blinking/Libraries/XMCLib/inc\xmc_gpio.h **** /**************************************************************************************************
 116:C:/work_mari/XMC4800/led_blinking/Libraries/XMCLib/inc\xmc_gpio.h ****  * ENUMS
 117:C:/work_mari/XMC4800/led_blinking/Libraries/XMCLib/inc\xmc_gpio.h ****  **************************************************************************************************
 118:C:/work_mari/XMC4800/led_blinking/Libraries/XMCLib/inc\xmc_gpio.h **** 
 119:C:/work_mari/XMC4800/led_blinking/Libraries/XMCLib/inc\xmc_gpio.h **** 
 120:C:/work_mari/XMC4800/led_blinking/Libraries/XMCLib/inc\xmc_gpio.h **** /**
 121:C:/work_mari/XMC4800/led_blinking/Libraries/XMCLib/inc\xmc_gpio.h ****  * Defines output level of a pin. Use type \a XMC_GPIO_OUTPUT_LEVEL_t for this enum.
 122:C:/work_mari/XMC4800/led_blinking/Libraries/XMCLib/inc\xmc_gpio.h ****  */
 123:C:/work_mari/XMC4800/led_blinking/Libraries/XMCLib/inc\xmc_gpio.h **** typedef enum XMC_GPIO_OUTPUT_LEVEL
 124:C:/work_mari/XMC4800/led_blinking/Libraries/XMCLib/inc\xmc_gpio.h **** {
 125:C:/work_mari/XMC4800/led_blinking/Libraries/XMCLib/inc\xmc_gpio.h ****   XMC_GPIO_OUTPUT_LEVEL_LOW  = 0x10000U, /**<  Reset bit */
 126:C:/work_mari/XMC4800/led_blinking/Libraries/XMCLib/inc\xmc_gpio.h ****   XMC_GPIO_OUTPUT_LEVEL_HIGH = 0x1U, 	/**< Set bit  */
 127:C:/work_mari/XMC4800/led_blinking/Libraries/XMCLib/inc\xmc_gpio.h **** } XMC_GPIO_OUTPUT_LEVEL_t;
 128:C:/work_mari/XMC4800/led_blinking/Libraries/XMCLib/inc\xmc_gpio.h **** 
 129:C:/work_mari/XMC4800/led_blinking/Libraries/XMCLib/inc\xmc_gpio.h **** /**
 130:C:/work_mari/XMC4800/led_blinking/Libraries/XMCLib/inc\xmc_gpio.h ****  * Defines direct hardware control characteristics of the pin . Use type \a XMC_GPIO_HWCTRL_t for t
 131:C:/work_mari/XMC4800/led_blinking/Libraries/XMCLib/inc\xmc_gpio.h ****  */
 132:C:/work_mari/XMC4800/led_blinking/Libraries/XMCLib/inc\xmc_gpio.h **** typedef enum XMC_GPIO_HWCTRL
 133:C:/work_mari/XMC4800/led_blinking/Libraries/XMCLib/inc\xmc_gpio.h **** {
 134:C:/work_mari/XMC4800/led_blinking/Libraries/XMCLib/inc\xmc_gpio.h ****   XMC_GPIO_HWCTRL_DISABLED     = 0x0U, /**<  Software control only */
 135:C:/work_mari/XMC4800/led_blinking/Libraries/XMCLib/inc\xmc_gpio.h ****   XMC_GPIO_HWCTRL_PERIPHERAL1  = 0x1U, /**<  HWI0/HWO0 control path can override the software confi
 136:C:/work_mari/XMC4800/led_blinking/Libraries/XMCLib/inc\xmc_gpio.h ****   XMC_GPIO_HWCTRL_PERIPHERAL2  = 0x2U  /**<  HWI1/HWO1 control path can override the software confi
 137:C:/work_mari/XMC4800/led_blinking/Libraries/XMCLib/inc\xmc_gpio.h **** } XMC_GPIO_HWCTRL_t;
 138:C:/work_mari/XMC4800/led_blinking/Libraries/XMCLib/inc\xmc_gpio.h **** 
 139:C:/work_mari/XMC4800/led_blinking/Libraries/XMCLib/inc\xmc_gpio.h **** /**************************************************************************************************
 140:C:/work_mari/XMC4800/led_blinking/Libraries/XMCLib/inc\xmc_gpio.h ****  * DEVICE FAMILY EXTENSIONS
 141:C:/work_mari/XMC4800/led_blinking/Libraries/XMCLib/inc\xmc_gpio.h ****  **************************************************************************************************
 142:C:/work_mari/XMC4800/led_blinking/Libraries/XMCLib/inc\xmc_gpio.h **** 
 143:C:/work_mari/XMC4800/led_blinking/Libraries/XMCLib/inc\xmc_gpio.h **** #if UC_FAMILY == XMC1
 144:C:/work_mari/XMC4800/led_blinking/Libraries/XMCLib/inc\xmc_gpio.h **** #include "xmc1_gpio.h"
 145:C:/work_mari/XMC4800/led_blinking/Libraries/XMCLib/inc\xmc_gpio.h **** #elif UC_FAMILY == XMC4
 146:C:/work_mari/XMC4800/led_blinking/Libraries/XMCLib/inc\xmc_gpio.h **** #include "xmc4_gpio.h"
 147:C:/work_mari/XMC4800/led_blinking/Libraries/XMCLib/inc\xmc_gpio.h **** #else
 148:C:/work_mari/XMC4800/led_blinking/Libraries/XMCLib/inc\xmc_gpio.h **** #error "xmc_gpio.h: family device not supported"
 149:C:/work_mari/XMC4800/led_blinking/Libraries/XMCLib/inc\xmc_gpio.h **** #endif
 150:C:/work_mari/XMC4800/led_blinking/Libraries/XMCLib/inc\xmc_gpio.h **** 
 151:C:/work_mari/XMC4800/led_blinking/Libraries/XMCLib/inc\xmc_gpio.h **** /**************************************************************************************************
 152:C:/work_mari/XMC4800/led_blinking/Libraries/XMCLib/inc\xmc_gpio.h ****  * API PROTOTYPES
 153:C:/work_mari/XMC4800/led_blinking/Libraries/XMCLib/inc\xmc_gpio.h ****  **************************************************************************************************
 154:C:/work_mari/XMC4800/led_blinking/Libraries/XMCLib/inc\xmc_gpio.h **** 
 155:C:/work_mari/XMC4800/led_blinking/Libraries/XMCLib/inc\xmc_gpio.h **** #ifdef __cplusplus
 156:C:/work_mari/XMC4800/led_blinking/Libraries/XMCLib/inc\xmc_gpio.h **** extern "C" {
 157:C:/work_mari/XMC4800/led_blinking/Libraries/XMCLib/inc\xmc_gpio.h **** #endif
 158:C:/work_mari/XMC4800/led_blinking/Libraries/XMCLib/inc\xmc_gpio.h **** 
 159:C:/work_mari/XMC4800/led_blinking/Libraries/XMCLib/inc\xmc_gpio.h **** 
 160:C:/work_mari/XMC4800/led_blinking/Libraries/XMCLib/inc\xmc_gpio.h **** /**
 161:C:/work_mari/XMC4800/led_blinking/Libraries/XMCLib/inc\xmc_gpio.h ****  * @param  port	  Constant pointer pointing to GPIO port, to access port registers like Pn_OUT,Pn_O
 162:C:/work_mari/XMC4800/led_blinking/Libraries/XMCLib/inc\xmc_gpio.h ****  * @param  pin	  Port pin number.
 163:C:/work_mari/XMC4800/led_blinking/Libraries/XMCLib/inc\xmc_gpio.h ****  * @param  config GPIO configuration data structure. Refer data structure @ref XMC_GPIO_CONFIG_t fo
 164:C:/work_mari/XMC4800/led_blinking/Libraries/XMCLib/inc\xmc_gpio.h ****  *
 165:C:/work_mari/XMC4800/led_blinking/Libraries/XMCLib/inc\xmc_gpio.h ****  * @return None
 166:C:/work_mari/XMC4800/led_blinking/Libraries/XMCLib/inc\xmc_gpio.h ****  *
 167:C:/work_mari/XMC4800/led_blinking/Libraries/XMCLib/inc\xmc_gpio.h ****  * \par<b>Description:</b><br>
 168:C:/work_mari/XMC4800/led_blinking/Libraries/XMCLib/inc\xmc_gpio.h ****  * \if XMC1
 169:C:/work_mari/XMC4800/led_blinking/Libraries/XMCLib/inc\xmc_gpio.h ****  * Initializes input / output mode settings like, pull up / pull down devices,hysteresis, push pull
 170:C:/work_mari/XMC4800/led_blinking/Libraries/XMCLib/inc\xmc_gpio.h ****  * Also configures alternate function outputs and clears hardware port control for a selected \a po
 171:C:/work_mari/XMC4800/led_blinking/Libraries/XMCLib/inc\xmc_gpio.h ****  * \a config provides selected I/O settings. It configures hardware registers Pn_IOCR,Pn_OUT, Pn_OM
 172:C:/work_mari/XMC4800/led_blinking/Libraries/XMCLib/inc\xmc_gpio.h ****  * \endif
 173:C:/work_mari/XMC4800/led_blinking/Libraries/XMCLib/inc\xmc_gpio.h ****  * \if XMC4
 174:C:/work_mari/XMC4800/led_blinking/Libraries/XMCLib/inc\xmc_gpio.h ****  * Initializes input / output mode settings like, pull up / pull down devices,push pull /open drain
 175:C:/work_mari/XMC4800/led_blinking/Libraries/XMCLib/inc\xmc_gpio.h ****  * Also configures alternate function outputs and clears hardware port control for selected \a port
 176:C:/work_mari/XMC4800/led_blinking/Libraries/XMCLib/inc\xmc_gpio.h ****  * It configures hardware registers Pn_IOCR,Pn_OUT,Pn_OMR,Pn_PDISC and Pn_PDR.\n
 177:C:/work_mari/XMC4800/led_blinking/Libraries/XMCLib/inc\xmc_gpio.h ****  * \endif
 178:C:/work_mari/XMC4800/led_blinking/Libraries/XMCLib/inc\xmc_gpio.h ****  *
 179:C:/work_mari/XMC4800/led_blinking/Libraries/XMCLib/inc\xmc_gpio.h ****  * \par<b>Related APIs:</b><BR>
 180:C:/work_mari/XMC4800/led_blinking/Libraries/XMCLib/inc\xmc_gpio.h ****  *  None
 181:C:/work_mari/XMC4800/led_blinking/Libraries/XMCLib/inc\xmc_gpio.h ****  *
 182:C:/work_mari/XMC4800/led_blinking/Libraries/XMCLib/inc\xmc_gpio.h ****  * \par<b>Note:</b><br>
 183:C:/work_mari/XMC4800/led_blinking/Libraries/XMCLib/inc\xmc_gpio.h ****  * This API is called in definition of DAVE_init by code generation and therefore should not be exp
 184:C:/work_mari/XMC4800/led_blinking/Libraries/XMCLib/inc\xmc_gpio.h ****  * for the normal operation. Use other APIs only after DAVE_init is called successfully (returns DA
 185:C:/work_mari/XMC4800/led_blinking/Libraries/XMCLib/inc\xmc_gpio.h ****  *
 186:C:/work_mari/XMC4800/led_blinking/Libraries/XMCLib/inc\xmc_gpio.h ****  *
 187:C:/work_mari/XMC4800/led_blinking/Libraries/XMCLib/inc\xmc_gpio.h ****  */
 188:C:/work_mari/XMC4800/led_blinking/Libraries/XMCLib/inc\xmc_gpio.h **** 
 189:C:/work_mari/XMC4800/led_blinking/Libraries/XMCLib/inc\xmc_gpio.h **** 
 190:C:/work_mari/XMC4800/led_blinking/Libraries/XMCLib/inc\xmc_gpio.h **** void XMC_GPIO_Init(XMC_GPIO_PORT_t *const port, const uint8_t pin, const XMC_GPIO_CONFIG_t *const c
 191:C:/work_mari/XMC4800/led_blinking/Libraries/XMCLib/inc\xmc_gpio.h **** 
 192:C:/work_mari/XMC4800/led_blinking/Libraries/XMCLib/inc\xmc_gpio.h **** /**
 193:C:/work_mari/XMC4800/led_blinking/Libraries/XMCLib/inc\xmc_gpio.h ****  *
 194:C:/work_mari/XMC4800/led_blinking/Libraries/XMCLib/inc\xmc_gpio.h ****  * @param  port	Constant pointer pointing to GPIO port, to access hardware register Pn_IOCR.
 195:C:/work_mari/XMC4800/led_blinking/Libraries/XMCLib/inc\xmc_gpio.h ****  * @param  pin	Port pin number.
 196:C:/work_mari/XMC4800/led_blinking/Libraries/XMCLib/inc\xmc_gpio.h ****  * @param  mode input / output functionality selection. Refer @ref XMC_GPIO_MODE_t for valid values
 197:C:/work_mari/XMC4800/led_blinking/Libraries/XMCLib/inc\xmc_gpio.h ****  *
 198:C:/work_mari/XMC4800/led_blinking/Libraries/XMCLib/inc\xmc_gpio.h ****  * @return None
 199:C:/work_mari/XMC4800/led_blinking/Libraries/XMCLib/inc\xmc_gpio.h ****  *
 200:C:/work_mari/XMC4800/led_blinking/Libraries/XMCLib/inc\xmc_gpio.h ****  * \par<b>Description:</b><br>
 201:C:/work_mari/XMC4800/led_blinking/Libraries/XMCLib/inc\xmc_gpio.h ****  * Sets digital input and output driver functionality and characteristics of a GPIO port pin. It co
 202:C:/work_mari/XMC4800/led_blinking/Libraries/XMCLib/inc\xmc_gpio.h ****  * registers Pn_IOCR. \a mode is initially configured during initialization in XMC_GPIO_Init(). Cal
 203:C:/work_mari/XMC4800/led_blinking/Libraries/XMCLib/inc\xmc_gpio.h ****  * the port direction functionality as needed later in the program.
 204:C:/work_mari/XMC4800/led_blinking/Libraries/XMCLib/inc\xmc_gpio.h ****  *
 205:C:/work_mari/XMC4800/led_blinking/Libraries/XMCLib/inc\xmc_gpio.h ****  * \par<b>Related APIs:</b><BR>
 206:C:/work_mari/XMC4800/led_blinking/Libraries/XMCLib/inc\xmc_gpio.h ****  *  None
 207:C:/work_mari/XMC4800/led_blinking/Libraries/XMCLib/inc\xmc_gpio.h ****  *
 208:C:/work_mari/XMC4800/led_blinking/Libraries/XMCLib/inc\xmc_gpio.h ****  */
 209:C:/work_mari/XMC4800/led_blinking/Libraries/XMCLib/inc\xmc_gpio.h **** 
 210:C:/work_mari/XMC4800/led_blinking/Libraries/XMCLib/inc\xmc_gpio.h **** void XMC_GPIO_SetMode(XMC_GPIO_PORT_t *const port, const uint8_t pin, const XMC_GPIO_MODE_t mode);
 211:C:/work_mari/XMC4800/led_blinking/Libraries/XMCLib/inc\xmc_gpio.h **** 
 212:C:/work_mari/XMC4800/led_blinking/Libraries/XMCLib/inc\xmc_gpio.h **** 
 213:C:/work_mari/XMC4800/led_blinking/Libraries/XMCLib/inc\xmc_gpio.h **** /**
 214:C:/work_mari/XMC4800/led_blinking/Libraries/XMCLib/inc\xmc_gpio.h ****  *
 215:C:/work_mari/XMC4800/led_blinking/Libraries/XMCLib/inc\xmc_gpio.h ****  * @param  port	 Constant pointer pointing to GPIO port, to access hardware register Pn_OMR.
 216:C:/work_mari/XMC4800/led_blinking/Libraries/XMCLib/inc\xmc_gpio.h ****  * @param  pin	 Port pin number.
 217:C:/work_mari/XMC4800/led_blinking/Libraries/XMCLib/inc\xmc_gpio.h ****  * @param  level output level selection. Refer @ref XMC_GPIO_OUTPUT_LEVEL_t for valid values.
 218:C:/work_mari/XMC4800/led_blinking/Libraries/XMCLib/inc\xmc_gpio.h ****  *
 219:C:/work_mari/XMC4800/led_blinking/Libraries/XMCLib/inc\xmc_gpio.h ****  * @return None
 220:C:/work_mari/XMC4800/led_blinking/Libraries/XMCLib/inc\xmc_gpio.h ****  *
 221:C:/work_mari/XMC4800/led_blinking/Libraries/XMCLib/inc\xmc_gpio.h ****  * \par<b>Description:</b><br>
 222:C:/work_mari/XMC4800/led_blinking/Libraries/XMCLib/inc\xmc_gpio.h ****  * Set port pin output level to high or low.It configures hardware registers Pn_OMR.\a level is ini
 223:C:/work_mari/XMC4800/led_blinking/Libraries/XMCLib/inc\xmc_gpio.h ****  * configured during initialization in XMC_GPIO_Init(). Call this API to alter output level as need
 224:C:/work_mari/XMC4800/led_blinking/Libraries/XMCLib/inc\xmc_gpio.h ****  *
 225:C:/work_mari/XMC4800/led_blinking/Libraries/XMCLib/inc\xmc_gpio.h ****  * \par<b>Related APIs:</b><BR>
 226:C:/work_mari/XMC4800/led_blinking/Libraries/XMCLib/inc\xmc_gpio.h ****  *  XMC_GPIO_SetOutputHigh(), XMC_GPIO_SetOutputLow().
 227:C:/work_mari/XMC4800/led_blinking/Libraries/XMCLib/inc\xmc_gpio.h ****  *
 228:C:/work_mari/XMC4800/led_blinking/Libraries/XMCLib/inc\xmc_gpio.h ****  * \par<b>Note:</b><br>
 229:C:/work_mari/XMC4800/led_blinking/Libraries/XMCLib/inc\xmc_gpio.h ****  * Prior to this api, user has to configure port pin to output mode using XMC_GPIO_SetMode().
 230:C:/work_mari/XMC4800/led_blinking/Libraries/XMCLib/inc\xmc_gpio.h ****  *
 231:C:/work_mari/XMC4800/led_blinking/Libraries/XMCLib/inc\xmc_gpio.h ****  */
 232:C:/work_mari/XMC4800/led_blinking/Libraries/XMCLib/inc\xmc_gpio.h **** 
 233:C:/work_mari/XMC4800/led_blinking/Libraries/XMCLib/inc\xmc_gpio.h **** 
 234:C:/work_mari/XMC4800/led_blinking/Libraries/XMCLib/inc\xmc_gpio.h **** __STATIC_INLINE void XMC_GPIO_SetOutputLevel(XMC_GPIO_PORT_t *const port, const uint8_t pin, const 
 235:C:/work_mari/XMC4800/led_blinking/Libraries/XMCLib/inc\xmc_gpio.h **** {
 236:C:/work_mari/XMC4800/led_blinking/Libraries/XMCLib/inc\xmc_gpio.h ****   XMC_ASSERT("XMC_GPIO_SetOutputLevel: Invalid port", XMC_GPIO_CHECK_OUTPUT_PORT(port));
 237:C:/work_mari/XMC4800/led_blinking/Libraries/XMCLib/inc\xmc_gpio.h ****   XMC_ASSERT("XMC_GPIO_SetOutputLevel: Invalid output level", XMC_GPIO_CHECK_OUTPUT_LEVEL(level));
 238:C:/work_mari/XMC4800/led_blinking/Libraries/XMCLib/inc\xmc_gpio.h **** 
 239:C:/work_mari/XMC4800/led_blinking/Libraries/XMCLib/inc\xmc_gpio.h ****   port->OMR = (uint32_t)level << pin;
 240:C:/work_mari/XMC4800/led_blinking/Libraries/XMCLib/inc\xmc_gpio.h **** }
 241:C:/work_mari/XMC4800/led_blinking/Libraries/XMCLib/inc\xmc_gpio.h **** 
 242:C:/work_mari/XMC4800/led_blinking/Libraries/XMCLib/inc\xmc_gpio.h **** 
 243:C:/work_mari/XMC4800/led_blinking/Libraries/XMCLib/inc\xmc_gpio.h **** /**
 244:C:/work_mari/XMC4800/led_blinking/Libraries/XMCLib/inc\xmc_gpio.h ****  * @param  port constant pointer pointing to GPIO port, to access hardware register Pn_OMR.
 245:C:/work_mari/XMC4800/led_blinking/Libraries/XMCLib/inc\xmc_gpio.h ****  * @param  pin	Port pin number.
 246:C:/work_mari/XMC4800/led_blinking/Libraries/XMCLib/inc\xmc_gpio.h ****  *
 247:C:/work_mari/XMC4800/led_blinking/Libraries/XMCLib/inc\xmc_gpio.h ****  * @return None
 248:C:/work_mari/XMC4800/led_blinking/Libraries/XMCLib/inc\xmc_gpio.h ****  *
 249:C:/work_mari/XMC4800/led_blinking/Libraries/XMCLib/inc\xmc_gpio.h ****  * \par<b>Description:</b><br>
 250:C:/work_mari/XMC4800/led_blinking/Libraries/XMCLib/inc\xmc_gpio.h ****  *  Sets port pin output to high. It configures hardware registers Pn_OMR.
 251:C:/work_mari/XMC4800/led_blinking/Libraries/XMCLib/inc\xmc_gpio.h ****  *
 252:C:/work_mari/XMC4800/led_blinking/Libraries/XMCLib/inc\xmc_gpio.h ****  *  \par<b>Related APIs:</b><BR>
 253:C:/work_mari/XMC4800/led_blinking/Libraries/XMCLib/inc\xmc_gpio.h ****  *  XMC_GPIO_SetOutputLow()
 254:C:/work_mari/XMC4800/led_blinking/Libraries/XMCLib/inc\xmc_gpio.h ****  *
 255:C:/work_mari/XMC4800/led_blinking/Libraries/XMCLib/inc\xmc_gpio.h ****  * \par<b>Note:</b><br>
 256:C:/work_mari/XMC4800/led_blinking/Libraries/XMCLib/inc\xmc_gpio.h ****  * Prior to this api, user has to configure port pin to output mode using XMC_GPIO_SetMode().\n
 257:C:/work_mari/XMC4800/led_blinking/Libraries/XMCLib/inc\xmc_gpio.h ****  * Register Pn_OMR is virtual and does not contain any flip-flop. A read action delivers the value 
 258:C:/work_mari/XMC4800/led_blinking/Libraries/XMCLib/inc\xmc_gpio.h ****  *
 259:C:/work_mari/XMC4800/led_blinking/Libraries/XMCLib/inc\xmc_gpio.h ****  */
 260:C:/work_mari/XMC4800/led_blinking/Libraries/XMCLib/inc\xmc_gpio.h **** 
 261:C:/work_mari/XMC4800/led_blinking/Libraries/XMCLib/inc\xmc_gpio.h **** __STATIC_INLINE void XMC_GPIO_SetOutputHigh(XMC_GPIO_PORT_t *const port, const uint8_t pin)
 262:C:/work_mari/XMC4800/led_blinking/Libraries/XMCLib/inc\xmc_gpio.h **** {
  27              	 .loc 1 262 0
  28              	 .cfi_startproc
  29              	 
  30              	 
  31              	 
  32 0000 80B4     	 push {r7}
  33              	.LCFI0:
  34              	 .cfi_def_cfa_offset 4
  35              	 .cfi_offset 7,-4
  36 0002 83B0     	 sub sp,sp,#12
  37              	.LCFI1:
  38              	 .cfi_def_cfa_offset 16
  39 0004 00AF     	 add r7,sp,#0
  40              	.LCFI2:
  41              	 .cfi_def_cfa_register 7
  42 0006 7860     	 str r0,[r7,#4]
  43 0008 0B46     	 mov r3,r1
  44 000a FB70     	 strb r3,[r7,#3]
 263:C:/work_mari/XMC4800/led_blinking/Libraries/XMCLib/inc\xmc_gpio.h ****   XMC_ASSERT("XMC_GPIO_SetOutputHigh: Invalid port", XMC_GPIO_CHECK_OUTPUT_PORT(port));
 264:C:/work_mari/XMC4800/led_blinking/Libraries/XMCLib/inc\xmc_gpio.h **** 
 265:C:/work_mari/XMC4800/led_blinking/Libraries/XMCLib/inc\xmc_gpio.h ****   port->OMR = (uint32_t)0x1U << pin;
  45              	 .loc 1 265 0
  46 000c FB78     	 ldrb r3,[r7,#3]
  47 000e 0122     	 movs r2,#1
  48 0010 9A40     	 lsls r2,r2,r3
  49 0012 7B68     	 ldr r3,[r7,#4]
  50 0014 5A60     	 str r2,[r3,#4]
 266:C:/work_mari/XMC4800/led_blinking/Libraries/XMCLib/inc\xmc_gpio.h **** }
  51              	 .loc 1 266 0
  52 0016 0C37     	 adds r7,r7,#12
  53              	.LCFI3:
  54              	 .cfi_def_cfa_offset 4
  55 0018 BD46     	 mov sp,r7
  56              	.LCFI4:
  57              	 .cfi_def_cfa_register 13
  58              	 
  59 001a 5DF8047B 	 ldr r7,[sp],#4
  60              	.LCFI5:
  61              	 .cfi_restore 7
  62              	 .cfi_def_cfa_offset 0
  63 001e 7047     	 bx lr
  64              	 .cfi_endproc
  65              	.LFE135:
  67              	 .section .text.XMC_GPIO_SetOutputLow,"ax",%progbits
  68              	 .align 2
  69              	 .thumb
  70              	 .thumb_func
  72              	XMC_GPIO_SetOutputLow:
  73              	.LFB136:
 267:C:/work_mari/XMC4800/led_blinking/Libraries/XMCLib/inc\xmc_gpio.h **** 
 268:C:/work_mari/XMC4800/led_blinking/Libraries/XMCLib/inc\xmc_gpio.h **** /**
 269:C:/work_mari/XMC4800/led_blinking/Libraries/XMCLib/inc\xmc_gpio.h ****  *
 270:C:/work_mari/XMC4800/led_blinking/Libraries/XMCLib/inc\xmc_gpio.h ****  * @param  port	constant pointer pointing to GPIO port, to access hardware register Pn_OMR.
 271:C:/work_mari/XMC4800/led_blinking/Libraries/XMCLib/inc\xmc_gpio.h ****  * @param  pin	port pin number.
 272:C:/work_mari/XMC4800/led_blinking/Libraries/XMCLib/inc\xmc_gpio.h ****  *
 273:C:/work_mari/XMC4800/led_blinking/Libraries/XMCLib/inc\xmc_gpio.h ****  * @return  None
 274:C:/work_mari/XMC4800/led_blinking/Libraries/XMCLib/inc\xmc_gpio.h ****  *
 275:C:/work_mari/XMC4800/led_blinking/Libraries/XMCLib/inc\xmc_gpio.h ****  *\par<b>Description:</b><br>
 276:C:/work_mari/XMC4800/led_blinking/Libraries/XMCLib/inc\xmc_gpio.h ****  * Sets port pin output to low. It configures hardware registers Pn_OMR.\n
 277:C:/work_mari/XMC4800/led_blinking/Libraries/XMCLib/inc\xmc_gpio.h ****  *
 278:C:/work_mari/XMC4800/led_blinking/Libraries/XMCLib/inc\xmc_gpio.h ****  * \par<b>Related APIs:</b><BR>>
 279:C:/work_mari/XMC4800/led_blinking/Libraries/XMCLib/inc\xmc_gpio.h ****  * XMC_GPIO_SetOutputHigh()
 280:C:/work_mari/XMC4800/led_blinking/Libraries/XMCLib/inc\xmc_gpio.h ****  *
 281:C:/work_mari/XMC4800/led_blinking/Libraries/XMCLib/inc\xmc_gpio.h ****  *\par<b>Note:</b><br>
 282:C:/work_mari/XMC4800/led_blinking/Libraries/XMCLib/inc\xmc_gpio.h ****  * Prior to this api, user has to configure port pin to output mode using XMC_GPIO_SetMode().
 283:C:/work_mari/XMC4800/led_blinking/Libraries/XMCLib/inc\xmc_gpio.h ****  * Register Pn_OMR is virtual and does not contain any flip-flop. A read action delivers the value 
 284:C:/work_mari/XMC4800/led_blinking/Libraries/XMCLib/inc\xmc_gpio.h ****  *
 285:C:/work_mari/XMC4800/led_blinking/Libraries/XMCLib/inc\xmc_gpio.h ****  */
 286:C:/work_mari/XMC4800/led_blinking/Libraries/XMCLib/inc\xmc_gpio.h **** 
 287:C:/work_mari/XMC4800/led_blinking/Libraries/XMCLib/inc\xmc_gpio.h **** __STATIC_INLINE void XMC_GPIO_SetOutputLow(XMC_GPIO_PORT_t *const port, const uint8_t pin)
 288:C:/work_mari/XMC4800/led_blinking/Libraries/XMCLib/inc\xmc_gpio.h **** {
  74              	 .loc 1 288 0
  75              	 .cfi_startproc
  76              	 
  77              	 
  78              	 
  79 0000 80B4     	 push {r7}
  80              	.LCFI6:
  81              	 .cfi_def_cfa_offset 4
  82              	 .cfi_offset 7,-4
  83 0002 83B0     	 sub sp,sp,#12
  84              	.LCFI7:
  85              	 .cfi_def_cfa_offset 16
  86 0004 00AF     	 add r7,sp,#0
  87              	.LCFI8:
  88              	 .cfi_def_cfa_register 7
  89 0006 7860     	 str r0,[r7,#4]
  90 0008 0B46     	 mov r3,r1
  91 000a FB70     	 strb r3,[r7,#3]
 289:C:/work_mari/XMC4800/led_blinking/Libraries/XMCLib/inc\xmc_gpio.h ****   XMC_ASSERT("XMC_GPIO_SetOutputLow: Invalid port", XMC_GPIO_CHECK_OUTPUT_PORT(port));
 290:C:/work_mari/XMC4800/led_blinking/Libraries/XMCLib/inc\xmc_gpio.h **** 
 291:C:/work_mari/XMC4800/led_blinking/Libraries/XMCLib/inc\xmc_gpio.h ****   port->OMR = 0x10000U << pin;
  92              	 .loc 1 291 0
  93 000c FB78     	 ldrb r3,[r7,#3]
  94 000e 4FF48032 	 mov r2,#65536
  95 0012 9A40     	 lsls r2,r2,r3
  96 0014 7B68     	 ldr r3,[r7,#4]
  97 0016 5A60     	 str r2,[r3,#4]
 292:C:/work_mari/XMC4800/led_blinking/Libraries/XMCLib/inc\xmc_gpio.h **** }
  98              	 .loc 1 292 0
  99 0018 0C37     	 adds r7,r7,#12
 100              	.LCFI9:
 101              	 .cfi_def_cfa_offset 4
 102 001a BD46     	 mov sp,r7
 103              	.LCFI10:
 104              	 .cfi_def_cfa_register 13
 105              	 
 106 001c 5DF8047B 	 ldr r7,[sp],#4
 107              	.LCFI11:
 108              	 .cfi_restore 7
 109              	 .cfi_def_cfa_offset 0
 110 0020 7047     	 bx lr
 111              	 .cfi_endproc
 112              	.LFE136:
 114 0022 00BF     	 .section .text.XMC_GPIO_ToggleOutput,"ax",%progbits
 115              	 .align 2
 116              	 .thumb
 117              	 .thumb_func
 119              	XMC_GPIO_ToggleOutput:
 120              	.LFB137:
 293:C:/work_mari/XMC4800/led_blinking/Libraries/XMCLib/inc\xmc_gpio.h **** 
 294:C:/work_mari/XMC4800/led_blinking/Libraries/XMCLib/inc\xmc_gpio.h **** /**
 295:C:/work_mari/XMC4800/led_blinking/Libraries/XMCLib/inc\xmc_gpio.h ****  *
 296:C:/work_mari/XMC4800/led_blinking/Libraries/XMCLib/inc\xmc_gpio.h ****  * @param port constant pointer pointing to GPIO port, to access hardware register Pn_OMR.
 297:C:/work_mari/XMC4800/led_blinking/Libraries/XMCLib/inc\xmc_gpio.h ****  * @param pin  port pin number.
 298:C:/work_mari/XMC4800/led_blinking/Libraries/XMCLib/inc\xmc_gpio.h ****  *
 299:C:/work_mari/XMC4800/led_blinking/Libraries/XMCLib/inc\xmc_gpio.h ****  * @return None
 300:C:/work_mari/XMC4800/led_blinking/Libraries/XMCLib/inc\xmc_gpio.h ****  *
 301:C:/work_mari/XMC4800/led_blinking/Libraries/XMCLib/inc\xmc_gpio.h ****  * \par<b>Description:</b><br>
 302:C:/work_mari/XMC4800/led_blinking/Libraries/XMCLib/inc\xmc_gpio.h ****  * Configures port pin output to Toggle. It configures hardware registers Pn_OMR.
 303:C:/work_mari/XMC4800/led_blinking/Libraries/XMCLib/inc\xmc_gpio.h ****  *
 304:C:/work_mari/XMC4800/led_blinking/Libraries/XMCLib/inc\xmc_gpio.h ****  * \par<b>Related APIs:</b><BR>
 305:C:/work_mari/XMC4800/led_blinking/Libraries/XMCLib/inc\xmc_gpio.h ****  * XMC_GPIO_SetOutputHigh(), XMC_GPIO_SetOutputLow().
 306:C:/work_mari/XMC4800/led_blinking/Libraries/XMCLib/inc\xmc_gpio.h ****  *
 307:C:/work_mari/XMC4800/led_blinking/Libraries/XMCLib/inc\xmc_gpio.h ****  * \par<b>Note:</b><br>
 308:C:/work_mari/XMC4800/led_blinking/Libraries/XMCLib/inc\xmc_gpio.h ****  * Prior to this api, user has to configure port pin to output mode using XMC_GPIO_SetMode(). Regis
 309:C:/work_mari/XMC4800/led_blinking/Libraries/XMCLib/inc\xmc_gpio.h ****  * and does not contain any flip-flop. A read action delivers the value of 0.
 310:C:/work_mari/XMC4800/led_blinking/Libraries/XMCLib/inc\xmc_gpio.h ****  *
 311:C:/work_mari/XMC4800/led_blinking/Libraries/XMCLib/inc\xmc_gpio.h ****  */
 312:C:/work_mari/XMC4800/led_blinking/Libraries/XMCLib/inc\xmc_gpio.h **** 
 313:C:/work_mari/XMC4800/led_blinking/Libraries/XMCLib/inc\xmc_gpio.h **** __STATIC_INLINE void XMC_GPIO_ToggleOutput(XMC_GPIO_PORT_t *const port, const uint8_t pin)
 314:C:/work_mari/XMC4800/led_blinking/Libraries/XMCLib/inc\xmc_gpio.h **** {
 121              	 .loc 1 314 0
 122              	 .cfi_startproc
 123              	 
 124              	 
 125              	 
 126 0000 80B4     	 push {r7}
 127              	.LCFI12:
 128              	 .cfi_def_cfa_offset 4
 129              	 .cfi_offset 7,-4
 130 0002 83B0     	 sub sp,sp,#12
 131              	.LCFI13:
 132              	 .cfi_def_cfa_offset 16
 133 0004 00AF     	 add r7,sp,#0
 134              	.LCFI14:
 135              	 .cfi_def_cfa_register 7
 136 0006 7860     	 str r0,[r7,#4]
 137 0008 0B46     	 mov r3,r1
 138 000a FB70     	 strb r3,[r7,#3]
 315:C:/work_mari/XMC4800/led_blinking/Libraries/XMCLib/inc\xmc_gpio.h ****   XMC_ASSERT("XMC_GPIO_ToggleOutput: Invalid port", XMC_GPIO_CHECK_OUTPUT_PORT(port));
 316:C:/work_mari/XMC4800/led_blinking/Libraries/XMCLib/inc\xmc_gpio.h **** 
 317:C:/work_mari/XMC4800/led_blinking/Libraries/XMCLib/inc\xmc_gpio.h ****   port->OMR = 0x10001U << pin;
 139              	 .loc 1 317 0
 140 000c FB78     	 ldrb r3,[r7,#3]
 141 000e 4FF00112 	 mov r2,#65537
 142 0012 9A40     	 lsls r2,r2,r3
 143 0014 7B68     	 ldr r3,[r7,#4]
 144 0016 5A60     	 str r2,[r3,#4]
 318:C:/work_mari/XMC4800/led_blinking/Libraries/XMCLib/inc\xmc_gpio.h **** }
 145              	 .loc 1 318 0
 146 0018 0C37     	 adds r7,r7,#12
 147              	.LCFI15:
 148              	 .cfi_def_cfa_offset 4
 149 001a BD46     	 mov sp,r7
 150              	.LCFI16:
 151              	 .cfi_def_cfa_register 13
 152              	 
 153 001c 5DF8047B 	 ldr r7,[sp],#4
 154              	.LCFI17:
 155              	 .cfi_restore 7
 156              	 .cfi_def_cfa_offset 0
 157 0020 7047     	 bx lr
 158              	 .cfi_endproc
 159              	.LFE137:
 161 0022 00BF     	 .section .text.DIGITAL_IO_SetOutputHigh,"ax",%progbits
 162              	 .align 2
 163              	 .thumb
 164              	 .thumb_func
 166              	DIGITAL_IO_SetOutputHigh:
 167              	.LFB143:
 168              	 .file 2 "C:/work_mari/XMC4800/led_blinking/Dave/Generated/DIGITAL_IO/digital_io.h"
   1:C:/work_mari/XMC4800/led_blinking/Dave/Generated/DIGITAL_IO\digital_io.h **** /*
   2:C:/work_mari/XMC4800/led_blinking/Dave/Generated/DIGITAL_IO\digital_io.h ****  *
   3:C:/work_mari/XMC4800/led_blinking/Dave/Generated/DIGITAL_IO\digital_io.h ****  * @file digital_io.h
   4:C:/work_mari/XMC4800/led_blinking/Dave/Generated/DIGITAL_IO\digital_io.h ****  * @date 2021-01-08
   5:C:/work_mari/XMC4800/led_blinking/Dave/Generated/DIGITAL_IO\digital_io.h ****  *
   6:C:/work_mari/XMC4800/led_blinking/Dave/Generated/DIGITAL_IO\digital_io.h ****  * NOTE:
   7:C:/work_mari/XMC4800/led_blinking/Dave/Generated/DIGITAL_IO\digital_io.h ****  * This file is generated by DAVE. Any manual modification done to this file will be lost when the 
   8:C:/work_mari/XMC4800/led_blinking/Dave/Generated/DIGITAL_IO\digital_io.h ****  *
   9:C:/work_mari/XMC4800/led_blinking/Dave/Generated/DIGITAL_IO\digital_io.h ****  * @cond
  10:C:/work_mari/XMC4800/led_blinking/Dave/Generated/DIGITAL_IO\digital_io.h ****  **************************************************************************************************
  11:C:/work_mari/XMC4800/led_blinking/Dave/Generated/DIGITAL_IO\digital_io.h ****  * DIGITAL_IO v4.0.18 - The DIGITAL_IO APP is used to configure a port pin as digital Input/Output.
  12:C:/work_mari/XMC4800/led_blinking/Dave/Generated/DIGITAL_IO\digital_io.h ****  *
  13:C:/work_mari/XMC4800/led_blinking/Dave/Generated/DIGITAL_IO\digital_io.h ****  * Copyright (c) 2015-2020, Infineon Technologies AG
  14:C:/work_mari/XMC4800/led_blinking/Dave/Generated/DIGITAL_IO\digital_io.h ****  * All rights reserved.
  15:C:/work_mari/XMC4800/led_blinking/Dave/Generated/DIGITAL_IO\digital_io.h ****  *
  16:C:/work_mari/XMC4800/led_blinking/Dave/Generated/DIGITAL_IO\digital_io.h ****  * Redistribution and use in source and binary forms, with or without modification,are permitted pr
  17:C:/work_mari/XMC4800/led_blinking/Dave/Generated/DIGITAL_IO\digital_io.h ****  * following conditions are met:
  18:C:/work_mari/XMC4800/led_blinking/Dave/Generated/DIGITAL_IO\digital_io.h ****  *
  19:C:/work_mari/XMC4800/led_blinking/Dave/Generated/DIGITAL_IO\digital_io.h ****  *   Redistributions of source code must retain the above copyright notice, this list of conditions
  20:C:/work_mari/XMC4800/led_blinking/Dave/Generated/DIGITAL_IO\digital_io.h ****  *   disclaimer.
  21:C:/work_mari/XMC4800/led_blinking/Dave/Generated/DIGITAL_IO\digital_io.h ****  *
  22:C:/work_mari/XMC4800/led_blinking/Dave/Generated/DIGITAL_IO\digital_io.h ****  *   Redistributions in binary form must reproduce the above copyright notice, this list of conditi
  23:C:/work_mari/XMC4800/led_blinking/Dave/Generated/DIGITAL_IO\digital_io.h ****  *   following disclaimer in the documentation and/or other materials provided with the distributio
  24:C:/work_mari/XMC4800/led_blinking/Dave/Generated/DIGITAL_IO\digital_io.h ****  *
  25:C:/work_mari/XMC4800/led_blinking/Dave/Generated/DIGITAL_IO\digital_io.h ****  *   Neither the name of the copyright holders nor the names of its contributors may be used to end
  26:C:/work_mari/XMC4800/led_blinking/Dave/Generated/DIGITAL_IO\digital_io.h ****  *   products derived from this software without specific prior written permission.
  27:C:/work_mari/XMC4800/led_blinking/Dave/Generated/DIGITAL_IO\digital_io.h ****  *
  28:C:/work_mari/XMC4800/led_blinking/Dave/Generated/DIGITAL_IO\digital_io.h ****  * THIS SOFTWARE IS PROVIDED BY THE COPYRIGHT HOLDERS AND CONTRIBUTORS "AS IS" AND ANY EXPRESS OR I
  29:C:/work_mari/XMC4800/led_blinking/Dave/Generated/DIGITAL_IO\digital_io.h ****  * INCLUDING, BUT NOT LIMITED TO, THE IMPLIED WARRANTIES OF MERCHANTABILITY AND FITNESS FOR A PARTI
  30:C:/work_mari/XMC4800/led_blinking/Dave/Generated/DIGITAL_IO\digital_io.h ****  * DISCLAIMED. IN NO EVENT SHALL THE COPYRIGHT HOLDER OR CONTRIBUTORS BE LIABLE  FOR ANY DIRECT, IN
  31:C:/work_mari/XMC4800/led_blinking/Dave/Generated/DIGITAL_IO\digital_io.h ****  * SPECIAL, EXEMPLARY, OR CONSEQUENTIAL DAMAGES (INCLUDING, BUT NOT LIMITED TO, PROCUREMENT OF SUBS
  32:C:/work_mari/XMC4800/led_blinking/Dave/Generated/DIGITAL_IO\digital_io.h ****  * SERVICES; LOSS OF USE, DATA, OR PROFITS; OR BUSINESS INTERRUPTION) HOWEVER CAUSED AND ON ANY THE
  33:C:/work_mari/XMC4800/led_blinking/Dave/Generated/DIGITAL_IO\digital_io.h ****  * WHETHER IN CONTRACT, STRICT LIABILITY,OR TORT (INCLUDING NEGLIGENCE OR OTHERWISE) ARISING IN ANY
  34:C:/work_mari/XMC4800/led_blinking/Dave/Generated/DIGITAL_IO\digital_io.h ****  * USE OF THIS SOFTWARE, EVEN IF ADVISED OF THE POSSIBILITY OF SUCH DAMAGE.
  35:C:/work_mari/XMC4800/led_blinking/Dave/Generated/DIGITAL_IO\digital_io.h ****  *
  36:C:/work_mari/XMC4800/led_blinking/Dave/Generated/DIGITAL_IO\digital_io.h ****  * To improve the quality of the software, users are encouraged to share modifications, enhancement
  37:C:/work_mari/XMC4800/led_blinking/Dave/Generated/DIGITAL_IO\digital_io.h ****  * with Infineon Technologies AG (dave@infineon.com).
  38:C:/work_mari/XMC4800/led_blinking/Dave/Generated/DIGITAL_IO\digital_io.h ****  **************************************************************************************************
  39:C:/work_mari/XMC4800/led_blinking/Dave/Generated/DIGITAL_IO\digital_io.h ****  *
  40:C:/work_mari/XMC4800/led_blinking/Dave/Generated/DIGITAL_IO\digital_io.h ****  * Change History
  41:C:/work_mari/XMC4800/led_blinking/Dave/Generated/DIGITAL_IO\digital_io.h ****  * --------------
  42:C:/work_mari/XMC4800/led_blinking/Dave/Generated/DIGITAL_IO\digital_io.h ****  *
  43:C:/work_mari/XMC4800/led_blinking/Dave/Generated/DIGITAL_IO\digital_io.h ****  * 2015-02-16
  44:C:/work_mari/XMC4800/led_blinking/Dave/Generated/DIGITAL_IO\digital_io.h ****  *     - Initial version
  45:C:/work_mari/XMC4800/led_blinking/Dave/Generated/DIGITAL_IO\digital_io.h ****  *
  46:C:/work_mari/XMC4800/led_blinking/Dave/Generated/DIGITAL_IO\digital_io.h ****  * 2015-04-22
  47:C:/work_mari/XMC4800/led_blinking/Dave/Generated/DIGITAL_IO\digital_io.h ****  *     - XMC_ASSERT is added in static inline functions.<br>
  48:C:/work_mari/XMC4800/led_blinking/Dave/Generated/DIGITAL_IO\digital_io.h ****  *
  49:C:/work_mari/XMC4800/led_blinking/Dave/Generated/DIGITAL_IO\digital_io.h ****  * 2015-06-20
  50:C:/work_mari/XMC4800/led_blinking/Dave/Generated/DIGITAL_IO\digital_io.h ****  *     - Version check added for XMCLib dependency.<br>
  51:C:/work_mari/XMC4800/led_blinking/Dave/Generated/DIGITAL_IO\digital_io.h ****  *
  52:C:/work_mari/XMC4800/led_blinking/Dave/Generated/DIGITAL_IO\digital_io.h ****  * 2015-12-22
  53:C:/work_mari/XMC4800/led_blinking/Dave/Generated/DIGITAL_IO\digital_io.h ****  *     - Added hardware controlled IO feature.
  54:C:/work_mari/XMC4800/led_blinking/Dave/Generated/DIGITAL_IO\digital_io.h ****  * 2016-07-08:
  55:C:/work_mari/XMC4800/led_blinking/Dave/Generated/DIGITAL_IO\digital_io.h ****  *     - Fixed incorrect case for an included header.<br>
  56:C:/work_mari/XMC4800/led_blinking/Dave/Generated/DIGITAL_IO\digital_io.h ****  * 2021-01-08:
  57:C:/work_mari/XMC4800/led_blinking/Dave/Generated/DIGITAL_IO\digital_io.h ****  *     - Modified check for minimum XMCLib version
  58:C:/work_mari/XMC4800/led_blinking/Dave/Generated/DIGITAL_IO\digital_io.h ****  *
  59:C:/work_mari/XMC4800/led_blinking/Dave/Generated/DIGITAL_IO\digital_io.h ****  * @endcond
  60:C:/work_mari/XMC4800/led_blinking/Dave/Generated/DIGITAL_IO\digital_io.h ****  *
  61:C:/work_mari/XMC4800/led_blinking/Dave/Generated/DIGITAL_IO\digital_io.h ****  */
  62:C:/work_mari/XMC4800/led_blinking/Dave/Generated/DIGITAL_IO\digital_io.h **** 
  63:C:/work_mari/XMC4800/led_blinking/Dave/Generated/DIGITAL_IO\digital_io.h **** /**************************************************************************************************
  64:C:/work_mari/XMC4800/led_blinking/Dave/Generated/DIGITAL_IO\digital_io.h ****  * HEADER FILES
  65:C:/work_mari/XMC4800/led_blinking/Dave/Generated/DIGITAL_IO\digital_io.h ****  **************************************************************************************************
  66:C:/work_mari/XMC4800/led_blinking/Dave/Generated/DIGITAL_IO\digital_io.h **** 
  67:C:/work_mari/XMC4800/led_blinking/Dave/Generated/DIGITAL_IO\digital_io.h **** #ifndef DIGITAL_IO_H
  68:C:/work_mari/XMC4800/led_blinking/Dave/Generated/DIGITAL_IO\digital_io.h **** #define DIGITAL_IO_H
  69:C:/work_mari/XMC4800/led_blinking/Dave/Generated/DIGITAL_IO\digital_io.h **** 
  70:C:/work_mari/XMC4800/led_blinking/Dave/Generated/DIGITAL_IO\digital_io.h **** #include "xmc_gpio.h"
  71:C:/work_mari/XMC4800/led_blinking/Dave/Generated/DIGITAL_IO\digital_io.h **** #include "DAVE_Common.h"
  72:C:/work_mari/XMC4800/led_blinking/Dave/Generated/DIGITAL_IO\digital_io.h **** #include "digital_io_conf.h"
  73:C:/work_mari/XMC4800/led_blinking/Dave/Generated/DIGITAL_IO\digital_io.h **** 
  74:C:/work_mari/XMC4800/led_blinking/Dave/Generated/DIGITAL_IO\digital_io.h **** /**************************************************************************************************
  75:C:/work_mari/XMC4800/led_blinking/Dave/Generated/DIGITAL_IO\digital_io.h ****  * MACROS
  76:C:/work_mari/XMC4800/led_blinking/Dave/Generated/DIGITAL_IO\digital_io.h ****  **************************************************************************************************
  77:C:/work_mari/XMC4800/led_blinking/Dave/Generated/DIGITAL_IO\digital_io.h **** #define DIGITAL_IO_XMC_LIB_MAJOR_VERSION 2
  78:C:/work_mari/XMC4800/led_blinking/Dave/Generated/DIGITAL_IO\digital_io.h **** #define DIGITAL_IO_XMC_LIB_MINOR_VERSION 0
  79:C:/work_mari/XMC4800/led_blinking/Dave/Generated/DIGITAL_IO\digital_io.h **** #define DIGITAL_IO_XMC_LIB_PATCH_VERSION 0
  80:C:/work_mari/XMC4800/led_blinking/Dave/Generated/DIGITAL_IO\digital_io.h **** 
  81:C:/work_mari/XMC4800/led_blinking/Dave/Generated/DIGITAL_IO\digital_io.h **** #if !((XMC_LIB_MAJOR_VERSION > DIGITAL_IO_XMC_LIB_MAJOR_VERSION) ||\
  82:C:/work_mari/XMC4800/led_blinking/Dave/Generated/DIGITAL_IO\digital_io.h ****       ((XMC_LIB_MAJOR_VERSION == DIGITAL_IO_XMC_LIB_MAJOR_VERSION) && (XMC_LIB_MINOR_VERSION > DIGI
  83:C:/work_mari/XMC4800/led_blinking/Dave/Generated/DIGITAL_IO\digital_io.h ****       ((XMC_LIB_MAJOR_VERSION == DIGITAL_IO_XMC_LIB_MAJOR_VERSION) && (XMC_LIB_MINOR_VERSION == DIG
  84:C:/work_mari/XMC4800/led_blinking/Dave/Generated/DIGITAL_IO\digital_io.h **** #error "DIGITAL_IO requires XMC Peripheral Library v2.0.0 or higher"
  85:C:/work_mari/XMC4800/led_blinking/Dave/Generated/DIGITAL_IO\digital_io.h **** #endif
  86:C:/work_mari/XMC4800/led_blinking/Dave/Generated/DIGITAL_IO\digital_io.h **** 
  87:C:/work_mari/XMC4800/led_blinking/Dave/Generated/DIGITAL_IO\digital_io.h ****  /*************************************************************************************************
  88:C:/work_mari/XMC4800/led_blinking/Dave/Generated/DIGITAL_IO\digital_io.h ****  * ENUMS
  89:C:/work_mari/XMC4800/led_blinking/Dave/Generated/DIGITAL_IO\digital_io.h ****  **************************************************************************************************
  90:C:/work_mari/XMC4800/led_blinking/Dave/Generated/DIGITAL_IO\digital_io.h **** 
  91:C:/work_mari/XMC4800/led_blinking/Dave/Generated/DIGITAL_IO\digital_io.h **** /**
  92:C:/work_mari/XMC4800/led_blinking/Dave/Generated/DIGITAL_IO\digital_io.h **** * @ingroup DIGITAL_IO_enumerations
  93:C:/work_mari/XMC4800/led_blinking/Dave/Generated/DIGITAL_IO\digital_io.h **** * @{
  94:C:/work_mari/XMC4800/led_blinking/Dave/Generated/DIGITAL_IO\digital_io.h **** */
  95:C:/work_mari/XMC4800/led_blinking/Dave/Generated/DIGITAL_IO\digital_io.h **** 
  96:C:/work_mari/XMC4800/led_blinking/Dave/Generated/DIGITAL_IO\digital_io.h **** /**
  97:C:/work_mari/XMC4800/led_blinking/Dave/Generated/DIGITAL_IO\digital_io.h **** * @brief Initialization status of DIGITAL_IO APP.
  98:C:/work_mari/XMC4800/led_blinking/Dave/Generated/DIGITAL_IO\digital_io.h **** */
  99:C:/work_mari/XMC4800/led_blinking/Dave/Generated/DIGITAL_IO\digital_io.h **** typedef enum DIGITAL_IO_STATUS
 100:C:/work_mari/XMC4800/led_blinking/Dave/Generated/DIGITAL_IO\digital_io.h **** {
 101:C:/work_mari/XMC4800/led_blinking/Dave/Generated/DIGITAL_IO\digital_io.h ****   DIGITAL_IO_STATUS_OK = 0U,/**< 0=Status OK */
 102:C:/work_mari/XMC4800/led_blinking/Dave/Generated/DIGITAL_IO\digital_io.h ****   DIGITAL_IO_STATUS_FAILURE = 1U/**< 1=Status Failed */
 103:C:/work_mari/XMC4800/led_blinking/Dave/Generated/DIGITAL_IO\digital_io.h **** } DIGITAL_IO_STATUS_t;
 104:C:/work_mari/XMC4800/led_blinking/Dave/Generated/DIGITAL_IO\digital_io.h **** 
 105:C:/work_mari/XMC4800/led_blinking/Dave/Generated/DIGITAL_IO\digital_io.h **** /**
 106:C:/work_mari/XMC4800/led_blinking/Dave/Generated/DIGITAL_IO\digital_io.h **** * @}
 107:C:/work_mari/XMC4800/led_blinking/Dave/Generated/DIGITAL_IO\digital_io.h **** */
 108:C:/work_mari/XMC4800/led_blinking/Dave/Generated/DIGITAL_IO\digital_io.h **** 
 109:C:/work_mari/XMC4800/led_blinking/Dave/Generated/DIGITAL_IO\digital_io.h **** /**************************************************************************************************
 110:C:/work_mari/XMC4800/led_blinking/Dave/Generated/DIGITAL_IO\digital_io.h ****  * DATA STRUCTURES
 111:C:/work_mari/XMC4800/led_blinking/Dave/Generated/DIGITAL_IO\digital_io.h ****  **************************************************************************************************
 112:C:/work_mari/XMC4800/led_blinking/Dave/Generated/DIGITAL_IO\digital_io.h **** /**
 113:C:/work_mari/XMC4800/led_blinking/Dave/Generated/DIGITAL_IO\digital_io.h **** * @ingroup DIGITAL_IO_datastructures
 114:C:/work_mari/XMC4800/led_blinking/Dave/Generated/DIGITAL_IO\digital_io.h **** * @{
 115:C:/work_mari/XMC4800/led_blinking/Dave/Generated/DIGITAL_IO\digital_io.h **** */
 116:C:/work_mari/XMC4800/led_blinking/Dave/Generated/DIGITAL_IO\digital_io.h **** 
 117:C:/work_mari/XMC4800/led_blinking/Dave/Generated/DIGITAL_IO\digital_io.h **** /**
 118:C:/work_mari/XMC4800/led_blinking/Dave/Generated/DIGITAL_IO\digital_io.h **** * @brief Initialization data structure of DIGITAL_IO APP
 119:C:/work_mari/XMC4800/led_blinking/Dave/Generated/DIGITAL_IO\digital_io.h **** */
 120:C:/work_mari/XMC4800/led_blinking/Dave/Generated/DIGITAL_IO\digital_io.h **** typedef struct DIGITAL_IO
 121:C:/work_mari/XMC4800/led_blinking/Dave/Generated/DIGITAL_IO\digital_io.h **** {
 122:C:/work_mari/XMC4800/led_blinking/Dave/Generated/DIGITAL_IO\digital_io.h ****   XMC_GPIO_PORT_t *const gpio_port;             /**< port number */
 123:C:/work_mari/XMC4800/led_blinking/Dave/Generated/DIGITAL_IO\digital_io.h ****   const XMC_GPIO_CONFIG_t gpio_config;          /**< mode, initial output level and pad driver stre
 124:C:/work_mari/XMC4800/led_blinking/Dave/Generated/DIGITAL_IO\digital_io.h ****   const uint8_t gpio_pin;                       /**< pin number */
 125:C:/work_mari/XMC4800/led_blinking/Dave/Generated/DIGITAL_IO\digital_io.h ****   const XMC_GPIO_HWCTRL_t hwctrl;               /**< Hardware port control */
 126:C:/work_mari/XMC4800/led_blinking/Dave/Generated/DIGITAL_IO\digital_io.h **** } DIGITAL_IO_t;
 127:C:/work_mari/XMC4800/led_blinking/Dave/Generated/DIGITAL_IO\digital_io.h **** 
 128:C:/work_mari/XMC4800/led_blinking/Dave/Generated/DIGITAL_IO\digital_io.h **** 
 129:C:/work_mari/XMC4800/led_blinking/Dave/Generated/DIGITAL_IO\digital_io.h **** /**
 130:C:/work_mari/XMC4800/led_blinking/Dave/Generated/DIGITAL_IO\digital_io.h **** * @}
 131:C:/work_mari/XMC4800/led_blinking/Dave/Generated/DIGITAL_IO\digital_io.h **** */
 132:C:/work_mari/XMC4800/led_blinking/Dave/Generated/DIGITAL_IO\digital_io.h **** 
 133:C:/work_mari/XMC4800/led_blinking/Dave/Generated/DIGITAL_IO\digital_io.h **** 
 134:C:/work_mari/XMC4800/led_blinking/Dave/Generated/DIGITAL_IO\digital_io.h **** /**************************************************************************************************
 135:C:/work_mari/XMC4800/led_blinking/Dave/Generated/DIGITAL_IO\digital_io.h ****  * API Prototypes
 136:C:/work_mari/XMC4800/led_blinking/Dave/Generated/DIGITAL_IO\digital_io.h ****  **************************************************************************************************
 137:C:/work_mari/XMC4800/led_blinking/Dave/Generated/DIGITAL_IO\digital_io.h **** 
 138:C:/work_mari/XMC4800/led_blinking/Dave/Generated/DIGITAL_IO\digital_io.h **** 
 139:C:/work_mari/XMC4800/led_blinking/Dave/Generated/DIGITAL_IO\digital_io.h **** #ifdef __cplusplus
 140:C:/work_mari/XMC4800/led_blinking/Dave/Generated/DIGITAL_IO\digital_io.h **** extern "C" {
 141:C:/work_mari/XMC4800/led_blinking/Dave/Generated/DIGITAL_IO\digital_io.h **** #endif
 142:C:/work_mari/XMC4800/led_blinking/Dave/Generated/DIGITAL_IO\digital_io.h **** 
 143:C:/work_mari/XMC4800/led_blinking/Dave/Generated/DIGITAL_IO\digital_io.h **** /**
 144:C:/work_mari/XMC4800/led_blinking/Dave/Generated/DIGITAL_IO\digital_io.h **** * @ingroup DIGITAL_IO_apidoc
 145:C:/work_mari/XMC4800/led_blinking/Dave/Generated/DIGITAL_IO\digital_io.h **** * @{
 146:C:/work_mari/XMC4800/led_blinking/Dave/Generated/DIGITAL_IO\digital_io.h **** */
 147:C:/work_mari/XMC4800/led_blinking/Dave/Generated/DIGITAL_IO\digital_io.h **** 
 148:C:/work_mari/XMC4800/led_blinking/Dave/Generated/DIGITAL_IO\digital_io.h **** 
 149:C:/work_mari/XMC4800/led_blinking/Dave/Generated/DIGITAL_IO\digital_io.h **** 
 150:C:/work_mari/XMC4800/led_blinking/Dave/Generated/DIGITAL_IO\digital_io.h **** /**
 151:C:/work_mari/XMC4800/led_blinking/Dave/Generated/DIGITAL_IO\digital_io.h **** * @brief Get DIGITAL_IO APP version
 152:C:/work_mari/XMC4800/led_blinking/Dave/Generated/DIGITAL_IO\digital_io.h **** * @return DAVE_APP_VERSION_t APP version information (major, minor and patch number)
 153:C:/work_mari/XMC4800/led_blinking/Dave/Generated/DIGITAL_IO\digital_io.h **** *
 154:C:/work_mari/XMC4800/led_blinking/Dave/Generated/DIGITAL_IO\digital_io.h **** * \par<b>Description: </b><br>
 155:C:/work_mari/XMC4800/led_blinking/Dave/Generated/DIGITAL_IO\digital_io.h **** * The function can be used to check application software compatibility with a
 156:C:/work_mari/XMC4800/led_blinking/Dave/Generated/DIGITAL_IO\digital_io.h **** * specific version of the APP.
 157:C:/work_mari/XMC4800/led_blinking/Dave/Generated/DIGITAL_IO\digital_io.h **** *
 158:C:/work_mari/XMC4800/led_blinking/Dave/Generated/DIGITAL_IO\digital_io.h **** * Example Usage:
 159:C:/work_mari/XMC4800/led_blinking/Dave/Generated/DIGITAL_IO\digital_io.h **** *
 160:C:/work_mari/XMC4800/led_blinking/Dave/Generated/DIGITAL_IO\digital_io.h **** * @code
 161:C:/work_mari/XMC4800/led_blinking/Dave/Generated/DIGITAL_IO\digital_io.h **** * #include "DAVE.h"
 162:C:/work_mari/XMC4800/led_blinking/Dave/Generated/DIGITAL_IO\digital_io.h **** *
 163:C:/work_mari/XMC4800/led_blinking/Dave/Generated/DIGITAL_IO\digital_io.h **** * int main(void)
 164:C:/work_mari/XMC4800/led_blinking/Dave/Generated/DIGITAL_IO\digital_io.h **** * {
 165:C:/work_mari/XMC4800/led_blinking/Dave/Generated/DIGITAL_IO\digital_io.h **** *   DAVE_STATUS_t init_status;
 166:C:/work_mari/XMC4800/led_blinking/Dave/Generated/DIGITAL_IO\digital_io.h **** *   DAVE_APP_VERSION_t version;
 167:C:/work_mari/XMC4800/led_blinking/Dave/Generated/DIGITAL_IO\digital_io.h **** *
 168:C:/work_mari/XMC4800/led_blinking/Dave/Generated/DIGITAL_IO\digital_io.h **** *   // Initialize DIGITAL_IO APP:
 169:C:/work_mari/XMC4800/led_blinking/Dave/Generated/DIGITAL_IO\digital_io.h **** *   // DIGITAL_IO_Init() is called from within DAVE_Init().
 170:C:/work_mari/XMC4800/led_blinking/Dave/Generated/DIGITAL_IO\digital_io.h **** *   init_status = DAVE_Init();
 171:C:/work_mari/XMC4800/led_blinking/Dave/Generated/DIGITAL_IO\digital_io.h **** *   if(init_status == DAVE_STATUS_SUCCESS)
 172:C:/work_mari/XMC4800/led_blinking/Dave/Generated/DIGITAL_IO\digital_io.h **** *   {
 173:C:/work_mari/XMC4800/led_blinking/Dave/Generated/DIGITAL_IO\digital_io.h **** *     version = DIGITAL_IO_GetAppVersion();
 174:C:/work_mari/XMC4800/led_blinking/Dave/Generated/DIGITAL_IO\digital_io.h **** *     if (version.major != 4U) {
 175:C:/work_mari/XMC4800/led_blinking/Dave/Generated/DIGITAL_IO\digital_io.h **** *     // Probably, not the right version.
 176:C:/work_mari/XMC4800/led_blinking/Dave/Generated/DIGITAL_IO\digital_io.h **** *     }
 177:C:/work_mari/XMC4800/led_blinking/Dave/Generated/DIGITAL_IO\digital_io.h **** *   }
 178:C:/work_mari/XMC4800/led_blinking/Dave/Generated/DIGITAL_IO\digital_io.h **** *
 179:C:/work_mari/XMC4800/led_blinking/Dave/Generated/DIGITAL_IO\digital_io.h **** *     // More code here
 180:C:/work_mari/XMC4800/led_blinking/Dave/Generated/DIGITAL_IO\digital_io.h **** *     while(1) {
 181:C:/work_mari/XMC4800/led_blinking/Dave/Generated/DIGITAL_IO\digital_io.h **** *
 182:C:/work_mari/XMC4800/led_blinking/Dave/Generated/DIGITAL_IO\digital_io.h **** *     }
 183:C:/work_mari/XMC4800/led_blinking/Dave/Generated/DIGITAL_IO\digital_io.h **** *     return (1);
 184:C:/work_mari/XMC4800/led_blinking/Dave/Generated/DIGITAL_IO\digital_io.h **** *  }
 185:C:/work_mari/XMC4800/led_blinking/Dave/Generated/DIGITAL_IO\digital_io.h **** * @endcode<BR>
 186:C:/work_mari/XMC4800/led_blinking/Dave/Generated/DIGITAL_IO\digital_io.h **** */
 187:C:/work_mari/XMC4800/led_blinking/Dave/Generated/DIGITAL_IO\digital_io.h **** 
 188:C:/work_mari/XMC4800/led_blinking/Dave/Generated/DIGITAL_IO\digital_io.h **** DAVE_APP_VERSION_t DIGITAL_IO_GetAppVersion(void);
 189:C:/work_mari/XMC4800/led_blinking/Dave/Generated/DIGITAL_IO\digital_io.h **** 
 190:C:/work_mari/XMC4800/led_blinking/Dave/Generated/DIGITAL_IO\digital_io.h **** /**
 191:C:/work_mari/XMC4800/led_blinking/Dave/Generated/DIGITAL_IO\digital_io.h **** *
 192:C:/work_mari/XMC4800/led_blinking/Dave/Generated/DIGITAL_IO\digital_io.h **** * @brief Function to initialize the port pin as per UI settings.
 193:C:/work_mari/XMC4800/led_blinking/Dave/Generated/DIGITAL_IO\digital_io.h **** * @param handler Pointer pointing to APP data structure. Refer @ref DIGITAL_IO_t for details.
 194:C:/work_mari/XMC4800/led_blinking/Dave/Generated/DIGITAL_IO\digital_io.h **** * @return DIGITAL_IO_STATUS_t DIGITAL_IO APP status. Refer @ref DIGITAL_IO_STATUS_t structure for d
 195:C:/work_mari/XMC4800/led_blinking/Dave/Generated/DIGITAL_IO\digital_io.h **** *
 196:C:/work_mari/XMC4800/led_blinking/Dave/Generated/DIGITAL_IO\digital_io.h **** * \par<b>Description:</b><br>
 197:C:/work_mari/XMC4800/led_blinking/Dave/Generated/DIGITAL_IO\digital_io.h **** * This function initializes GPIO port registers IOCR,PDISC,OMR,PDR/PHCR to configure pin direction,
 198:C:/work_mari/XMC4800/led_blinking/Dave/Generated/DIGITAL_IO\digital_io.h **** * and pad driver strength/hysteresis.
 199:C:/work_mari/XMC4800/led_blinking/Dave/Generated/DIGITAL_IO\digital_io.h **** *
 200:C:/work_mari/XMC4800/led_blinking/Dave/Generated/DIGITAL_IO\digital_io.h **** * \par<b>Related APIs:</b><BR>
 201:C:/work_mari/XMC4800/led_blinking/Dave/Generated/DIGITAL_IO\digital_io.h **** * None
 202:C:/work_mari/XMC4800/led_blinking/Dave/Generated/DIGITAL_IO\digital_io.h **** *
 203:C:/work_mari/XMC4800/led_blinking/Dave/Generated/DIGITAL_IO\digital_io.h **** * Example Usage:
 204:C:/work_mari/XMC4800/led_blinking/Dave/Generated/DIGITAL_IO\digital_io.h **** * @code
 205:C:/work_mari/XMC4800/led_blinking/Dave/Generated/DIGITAL_IO\digital_io.h **** * #include "DAVE.h" //Declarations from DAVE Code Generation (includes SFR declaration)
 206:C:/work_mari/XMC4800/led_blinking/Dave/Generated/DIGITAL_IO\digital_io.h **** *
 207:C:/work_mari/XMC4800/led_blinking/Dave/Generated/DIGITAL_IO\digital_io.h **** * int main(void)
 208:C:/work_mari/XMC4800/led_blinking/Dave/Generated/DIGITAL_IO\digital_io.h **** * {
 209:C:/work_mari/XMC4800/led_blinking/Dave/Generated/DIGITAL_IO\digital_io.h **** *   DAVE_STATUS_t status;
 210:C:/work_mari/XMC4800/led_blinking/Dave/Generated/DIGITAL_IO\digital_io.h **** *   status = DAVE_Init();  //(DAVE_STATUS_t)DIGITAL_IO_Init(&DIGITAL_IO_0) is called within DAVE_In
 211:C:/work_mari/XMC4800/led_blinking/Dave/Generated/DIGITAL_IO\digital_io.h **** *   if(status == DAVE_STATUS_SUCCESS)
 212:C:/work_mari/XMC4800/led_blinking/Dave/Generated/DIGITAL_IO\digital_io.h **** *   {
 213:C:/work_mari/XMC4800/led_blinking/Dave/Generated/DIGITAL_IO\digital_io.h **** *     XMC_DEBUG("DAVE Apps initialization success\n");
 214:C:/work_mari/XMC4800/led_blinking/Dave/Generated/DIGITAL_IO\digital_io.h **** *   }
 215:C:/work_mari/XMC4800/led_blinking/Dave/Generated/DIGITAL_IO\digital_io.h **** *   else
 216:C:/work_mari/XMC4800/led_blinking/Dave/Generated/DIGITAL_IO\digital_io.h **** *   {
 217:C:/work_mari/XMC4800/led_blinking/Dave/Generated/DIGITAL_IO\digital_io.h **** *     XMC_DEBUG(("DAVE Apps initialization failed with status %d\n", status));
 218:C:/work_mari/XMC4800/led_blinking/Dave/Generated/DIGITAL_IO\digital_io.h **** *     while(1U)
 219:C:/work_mari/XMC4800/led_blinking/Dave/Generated/DIGITAL_IO\digital_io.h **** *     {
 220:C:/work_mari/XMC4800/led_blinking/Dave/Generated/DIGITAL_IO\digital_io.h **** *     }
 221:C:/work_mari/XMC4800/led_blinking/Dave/Generated/DIGITAL_IO\digital_io.h **** *   }
 222:C:/work_mari/XMC4800/led_blinking/Dave/Generated/DIGITAL_IO\digital_io.h **** *   //Placeholder for user application code. The while loop below can be replaced with user applica
 223:C:/work_mari/XMC4800/led_blinking/Dave/Generated/DIGITAL_IO\digital_io.h **** *   while(1U)
 224:C:/work_mari/XMC4800/led_blinking/Dave/Generated/DIGITAL_IO\digital_io.h **** *   {
 225:C:/work_mari/XMC4800/led_blinking/Dave/Generated/DIGITAL_IO\digital_io.h **** *   }
 226:C:/work_mari/XMC4800/led_blinking/Dave/Generated/DIGITAL_IO\digital_io.h **** *   return 1U;
 227:C:/work_mari/XMC4800/led_blinking/Dave/Generated/DIGITAL_IO\digital_io.h **** *  }
 228:C:/work_mari/XMC4800/led_blinking/Dave/Generated/DIGITAL_IO\digital_io.h **** *  @endcode
 229:C:/work_mari/XMC4800/led_blinking/Dave/Generated/DIGITAL_IO\digital_io.h **** */
 230:C:/work_mari/XMC4800/led_blinking/Dave/Generated/DIGITAL_IO\digital_io.h **** 
 231:C:/work_mari/XMC4800/led_blinking/Dave/Generated/DIGITAL_IO\digital_io.h **** DIGITAL_IO_STATUS_t DIGITAL_IO_Init(const DIGITAL_IO_t *const handler);
 232:C:/work_mari/XMC4800/led_blinking/Dave/Generated/DIGITAL_IO\digital_io.h **** 
 233:C:/work_mari/XMC4800/led_blinking/Dave/Generated/DIGITAL_IO\digital_io.h **** /**
 234:C:/work_mari/XMC4800/led_blinking/Dave/Generated/DIGITAL_IO\digital_io.h **** *
 235:C:/work_mari/XMC4800/led_blinking/Dave/Generated/DIGITAL_IO\digital_io.h **** * @brief Function to set port pin high.
 236:C:/work_mari/XMC4800/led_blinking/Dave/Generated/DIGITAL_IO\digital_io.h **** * @param handler Pointer pointing to APP data structure. Refer @ref DIGITAL_IO_t for details.
 237:C:/work_mari/XMC4800/led_blinking/Dave/Generated/DIGITAL_IO\digital_io.h **** * @return None
 238:C:/work_mari/XMC4800/led_blinking/Dave/Generated/DIGITAL_IO\digital_io.h **** *
 239:C:/work_mari/XMC4800/led_blinking/Dave/Generated/DIGITAL_IO\digital_io.h **** * \par<b>Description:</b><br>
 240:C:/work_mari/XMC4800/led_blinking/Dave/Generated/DIGITAL_IO\digital_io.h **** * This function configures port output modification register Pn_OMR, to make port pin to high level
 241:C:/work_mari/XMC4800/led_blinking/Dave/Generated/DIGITAL_IO\digital_io.h **** *
 242:C:/work_mari/XMC4800/led_blinking/Dave/Generated/DIGITAL_IO\digital_io.h **** * \par<b>Related APIs:</b><BR>
 243:C:/work_mari/XMC4800/led_blinking/Dave/Generated/DIGITAL_IO\digital_io.h **** *  DIGITAL_IO_SetOutputLow()
 244:C:/work_mari/XMC4800/led_blinking/Dave/Generated/DIGITAL_IO\digital_io.h **** *
 245:C:/work_mari/XMC4800/led_blinking/Dave/Generated/DIGITAL_IO\digital_io.h **** * Example Usage:
 246:C:/work_mari/XMC4800/led_blinking/Dave/Generated/DIGITAL_IO\digital_io.h **** * @code
 247:C:/work_mari/XMC4800/led_blinking/Dave/Generated/DIGITAL_IO\digital_io.h **** * #include "DAVE.h" //Declarations from DAVE Code Generation (includes SFR declaration)
 248:C:/work_mari/XMC4800/led_blinking/Dave/Generated/DIGITAL_IO\digital_io.h **** *
 249:C:/work_mari/XMC4800/led_blinking/Dave/Generated/DIGITAL_IO\digital_io.h **** * int main(void)
 250:C:/work_mari/XMC4800/led_blinking/Dave/Generated/DIGITAL_IO\digital_io.h **** * {
 251:C:/work_mari/XMC4800/led_blinking/Dave/Generated/DIGITAL_IO\digital_io.h **** *   DAVE_STATUS_t status;
 252:C:/work_mari/XMC4800/led_blinking/Dave/Generated/DIGITAL_IO\digital_io.h **** *   status = DAVE_Init();  //(DAVE_STATUS_t)DIGITAL_IO_Init(&DIGITAL_IO_0) is called within DAVE_In
 253:C:/work_mari/XMC4800/led_blinking/Dave/Generated/DIGITAL_IO\digital_io.h **** *   if(status == DAVE_STATUS_SUCCESS)
 254:C:/work_mari/XMC4800/led_blinking/Dave/Generated/DIGITAL_IO\digital_io.h **** *   {
 255:C:/work_mari/XMC4800/led_blinking/Dave/Generated/DIGITAL_IO\digital_io.h **** *     XMC_DEBUG("DAVE Apps initialization success\n");
 256:C:/work_mari/XMC4800/led_blinking/Dave/Generated/DIGITAL_IO\digital_io.h **** *   }
 257:C:/work_mari/XMC4800/led_blinking/Dave/Generated/DIGITAL_IO\digital_io.h **** *   else
 258:C:/work_mari/XMC4800/led_blinking/Dave/Generated/DIGITAL_IO\digital_io.h **** *   {
 259:C:/work_mari/XMC4800/led_blinking/Dave/Generated/DIGITAL_IO\digital_io.h **** *     XMC_DEBUG(("DAVE Apps initialization failed with status %d\n", status));
 260:C:/work_mari/XMC4800/led_blinking/Dave/Generated/DIGITAL_IO\digital_io.h **** *     while(1U)
 261:C:/work_mari/XMC4800/led_blinking/Dave/Generated/DIGITAL_IO\digital_io.h **** *     {
 262:C:/work_mari/XMC4800/led_blinking/Dave/Generated/DIGITAL_IO\digital_io.h **** *     }
 263:C:/work_mari/XMC4800/led_blinking/Dave/Generated/DIGITAL_IO\digital_io.h **** *   }
 264:C:/work_mari/XMC4800/led_blinking/Dave/Generated/DIGITAL_IO\digital_io.h **** *   //Placeholder for user application code. The while loop below can be replaced with user applica
 265:C:/work_mari/XMC4800/led_blinking/Dave/Generated/DIGITAL_IO\digital_io.h **** *   DIGITAL_IO_SetOutputHigh(&DIGITAL_IO_0);
 266:C:/work_mari/XMC4800/led_blinking/Dave/Generated/DIGITAL_IO\digital_io.h **** *   while(1U)
 267:C:/work_mari/XMC4800/led_blinking/Dave/Generated/DIGITAL_IO\digital_io.h **** *   {
 268:C:/work_mari/XMC4800/led_blinking/Dave/Generated/DIGITAL_IO\digital_io.h **** *     // Add application code here
 269:C:/work_mari/XMC4800/led_blinking/Dave/Generated/DIGITAL_IO\digital_io.h **** *   }
 270:C:/work_mari/XMC4800/led_blinking/Dave/Generated/DIGITAL_IO\digital_io.h **** *
 271:C:/work_mari/XMC4800/led_blinking/Dave/Generated/DIGITAL_IO\digital_io.h **** *   return (1);
 272:C:/work_mari/XMC4800/led_blinking/Dave/Generated/DIGITAL_IO\digital_io.h **** * }
 273:C:/work_mari/XMC4800/led_blinking/Dave/Generated/DIGITAL_IO\digital_io.h **** *  @endcode
 274:C:/work_mari/XMC4800/led_blinking/Dave/Generated/DIGITAL_IO\digital_io.h **** */
 275:C:/work_mari/XMC4800/led_blinking/Dave/Generated/DIGITAL_IO\digital_io.h **** 
 276:C:/work_mari/XMC4800/led_blinking/Dave/Generated/DIGITAL_IO\digital_io.h **** __STATIC_INLINE void DIGITAL_IO_SetOutputHigh(const DIGITAL_IO_t *const handler)
 277:C:/work_mari/XMC4800/led_blinking/Dave/Generated/DIGITAL_IO\digital_io.h **** {
 169              	 .loc 2 277 0
 170              	 .cfi_startproc
 171              	 
 172              	 
 173 0000 80B5     	 push {r7,lr}
 174              	.LCFI18:
 175              	 .cfi_def_cfa_offset 8
 176              	 .cfi_offset 7,-8
 177              	 .cfi_offset 14,-4
 178 0002 82B0     	 sub sp,sp,#8
 179              	.LCFI19:
 180              	 .cfi_def_cfa_offset 16
 181 0004 00AF     	 add r7,sp,#0
 182              	.LCFI20:
 183              	 .cfi_def_cfa_register 7
 184 0006 7860     	 str r0,[r7,#4]
 278:C:/work_mari/XMC4800/led_blinking/Dave/Generated/DIGITAL_IO\digital_io.h ****   XMC_ASSERT("DIGITAL_IO_SetOutputHigh: handler null pointer", handler != NULL);
 279:C:/work_mari/XMC4800/led_blinking/Dave/Generated/DIGITAL_IO\digital_io.h ****   XMC_GPIO_SetOutputHigh(handler->gpio_port, handler->gpio_pin);
 185              	 .loc 2 279 0
 186 0008 7B68     	 ldr r3,[r7,#4]
 187 000a 1A68     	 ldr r2,[r3]
 188 000c 7B68     	 ldr r3,[r7,#4]
 189 000e 1B7C     	 ldrb r3,[r3,#16]
 190 0010 1046     	 mov r0,r2
 191 0012 1946     	 mov r1,r3
 192 0014 FFF7FEFF 	 bl XMC_GPIO_SetOutputHigh
 280:C:/work_mari/XMC4800/led_blinking/Dave/Generated/DIGITAL_IO\digital_io.h **** }
 193              	 .loc 2 280 0
 194 0018 0837     	 adds r7,r7,#8
 195              	.LCFI21:
 196              	 .cfi_def_cfa_offset 8
 197 001a BD46     	 mov sp,r7
 198              	.LCFI22:
 199              	 .cfi_def_cfa_register 13
 200              	 
 201 001c 80BD     	 pop {r7,pc}
 202              	 .cfi_endproc
 203              	.LFE143:
 205 001e 00BF     	 .section .text.DIGITAL_IO_SetOutputLow,"ax",%progbits
 206              	 .align 2
 207              	 .thumb
 208              	 .thumb_func
 210              	DIGITAL_IO_SetOutputLow:
 211              	.LFB144:
 281:C:/work_mari/XMC4800/led_blinking/Dave/Generated/DIGITAL_IO\digital_io.h **** 
 282:C:/work_mari/XMC4800/led_blinking/Dave/Generated/DIGITAL_IO\digital_io.h **** /**
 283:C:/work_mari/XMC4800/led_blinking/Dave/Generated/DIGITAL_IO\digital_io.h **** * @brief Function to reset port pin.
 284:C:/work_mari/XMC4800/led_blinking/Dave/Generated/DIGITAL_IO\digital_io.h **** * @param handler Pointer pointing to APP data structure. Refer @ref DIGITAL_IO_t for details.
 285:C:/work_mari/XMC4800/led_blinking/Dave/Generated/DIGITAL_IO\digital_io.h **** * @return None
 286:C:/work_mari/XMC4800/led_blinking/Dave/Generated/DIGITAL_IO\digital_io.h **** *
 287:C:/work_mari/XMC4800/led_blinking/Dave/Generated/DIGITAL_IO\digital_io.h **** * \par<b>Description:</b><br>
 288:C:/work_mari/XMC4800/led_blinking/Dave/Generated/DIGITAL_IO\digital_io.h **** * This function configures port output modification register Pn_OMR, to make port pin to low level.
 289:C:/work_mari/XMC4800/led_blinking/Dave/Generated/DIGITAL_IO\digital_io.h **** *
 290:C:/work_mari/XMC4800/led_blinking/Dave/Generated/DIGITAL_IO\digital_io.h **** * \par<b>Related APIs:</b><BR>
 291:C:/work_mari/XMC4800/led_blinking/Dave/Generated/DIGITAL_IO\digital_io.h **** * DIGITAL_IO_SetOutputHigh()
 292:C:/work_mari/XMC4800/led_blinking/Dave/Generated/DIGITAL_IO\digital_io.h **** *
 293:C:/work_mari/XMC4800/led_blinking/Dave/Generated/DIGITAL_IO\digital_io.h **** * Example Usage:
 294:C:/work_mari/XMC4800/led_blinking/Dave/Generated/DIGITAL_IO\digital_io.h **** * @code
 295:C:/work_mari/XMC4800/led_blinking/Dave/Generated/DIGITAL_IO\digital_io.h **** *  #include "DAVE.h" //Declarations from DAVE Code Generation (includes SFR declaration)
 296:C:/work_mari/XMC4800/led_blinking/Dave/Generated/DIGITAL_IO\digital_io.h **** *
 297:C:/work_mari/XMC4800/led_blinking/Dave/Generated/DIGITAL_IO\digital_io.h **** *  int main(void)
 298:C:/work_mari/XMC4800/led_blinking/Dave/Generated/DIGITAL_IO\digital_io.h **** *  {
 299:C:/work_mari/XMC4800/led_blinking/Dave/Generated/DIGITAL_IO\digital_io.h **** *    DAVE_STATUS_t status;
 300:C:/work_mari/XMC4800/led_blinking/Dave/Generated/DIGITAL_IO\digital_io.h **** *    status = DAVE_Init();  //(DAVE_STATUS_t)DIGITAL_IO_Init(&DIGITAL_IO_0) is called within DAVE_I
 301:C:/work_mari/XMC4800/led_blinking/Dave/Generated/DIGITAL_IO\digital_io.h **** *    if(status == DAVE_STATUS_SUCCESS)
 302:C:/work_mari/XMC4800/led_blinking/Dave/Generated/DIGITAL_IO\digital_io.h **** *    {
 303:C:/work_mari/XMC4800/led_blinking/Dave/Generated/DIGITAL_IO\digital_io.h **** *      XMC_DEBUG("DAVE Apps initialization success\n");
 304:C:/work_mari/XMC4800/led_blinking/Dave/Generated/DIGITAL_IO\digital_io.h **** *    }
 305:C:/work_mari/XMC4800/led_blinking/Dave/Generated/DIGITAL_IO\digital_io.h **** *    else
 306:C:/work_mari/XMC4800/led_blinking/Dave/Generated/DIGITAL_IO\digital_io.h **** *    {
 307:C:/work_mari/XMC4800/led_blinking/Dave/Generated/DIGITAL_IO\digital_io.h **** *      XMC_DEBUG(("DAVE Apps initialization failed with status %d\n", status));
 308:C:/work_mari/XMC4800/led_blinking/Dave/Generated/DIGITAL_IO\digital_io.h **** *      while(1U)
 309:C:/work_mari/XMC4800/led_blinking/Dave/Generated/DIGITAL_IO\digital_io.h **** *      {
 310:C:/work_mari/XMC4800/led_blinking/Dave/Generated/DIGITAL_IO\digital_io.h **** *      }
 311:C:/work_mari/XMC4800/led_blinking/Dave/Generated/DIGITAL_IO\digital_io.h **** *    }
 312:C:/work_mari/XMC4800/led_blinking/Dave/Generated/DIGITAL_IO\digital_io.h **** *    //Placeholder for user application code. The while loop below can be replaced with user applic
 313:C:/work_mari/XMC4800/led_blinking/Dave/Generated/DIGITAL_IO\digital_io.h **** *    DIGITAL_IO_SetOutputLow(&DIGITAL_IO_0);
 314:C:/work_mari/XMC4800/led_blinking/Dave/Generated/DIGITAL_IO\digital_io.h **** *    while(1U)
 315:C:/work_mari/XMC4800/led_blinking/Dave/Generated/DIGITAL_IO\digital_io.h **** *    {
 316:C:/work_mari/XMC4800/led_blinking/Dave/Generated/DIGITAL_IO\digital_io.h **** *      // Add application code here
 317:C:/work_mari/XMC4800/led_blinking/Dave/Generated/DIGITAL_IO\digital_io.h **** *    }
 318:C:/work_mari/XMC4800/led_blinking/Dave/Generated/DIGITAL_IO\digital_io.h **** *
 319:C:/work_mari/XMC4800/led_blinking/Dave/Generated/DIGITAL_IO\digital_io.h **** *   return (1);
 320:C:/work_mari/XMC4800/led_blinking/Dave/Generated/DIGITAL_IO\digital_io.h **** * }
 321:C:/work_mari/XMC4800/led_blinking/Dave/Generated/DIGITAL_IO\digital_io.h **** *  @endcode
 322:C:/work_mari/XMC4800/led_blinking/Dave/Generated/DIGITAL_IO\digital_io.h **** */
 323:C:/work_mari/XMC4800/led_blinking/Dave/Generated/DIGITAL_IO\digital_io.h **** 
 324:C:/work_mari/XMC4800/led_blinking/Dave/Generated/DIGITAL_IO\digital_io.h **** __STATIC_INLINE void DIGITAL_IO_SetOutputLow(const DIGITAL_IO_t *const handler)
 325:C:/work_mari/XMC4800/led_blinking/Dave/Generated/DIGITAL_IO\digital_io.h **** {
 212              	 .loc 2 325 0
 213              	 .cfi_startproc
 214              	 
 215              	 
 216 0000 80B5     	 push {r7,lr}
 217              	.LCFI23:
 218              	 .cfi_def_cfa_offset 8
 219              	 .cfi_offset 7,-8
 220              	 .cfi_offset 14,-4
 221 0002 82B0     	 sub sp,sp,#8
 222              	.LCFI24:
 223              	 .cfi_def_cfa_offset 16
 224 0004 00AF     	 add r7,sp,#0
 225              	.LCFI25:
 226              	 .cfi_def_cfa_register 7
 227 0006 7860     	 str r0,[r7,#4]
 326:C:/work_mari/XMC4800/led_blinking/Dave/Generated/DIGITAL_IO\digital_io.h ****   XMC_ASSERT("DIGITAL_IO_SetOutputLow: handler null pointer", handler != NULL);
 327:C:/work_mari/XMC4800/led_blinking/Dave/Generated/DIGITAL_IO\digital_io.h ****   XMC_GPIO_SetOutputLow(handler->gpio_port,handler->gpio_pin);
 228              	 .loc 2 327 0
 229 0008 7B68     	 ldr r3,[r7,#4]
 230 000a 1A68     	 ldr r2,[r3]
 231 000c 7B68     	 ldr r3,[r7,#4]
 232 000e 1B7C     	 ldrb r3,[r3,#16]
 233 0010 1046     	 mov r0,r2
 234 0012 1946     	 mov r1,r3
 235 0014 FFF7FEFF 	 bl XMC_GPIO_SetOutputLow
 328:C:/work_mari/XMC4800/led_blinking/Dave/Generated/DIGITAL_IO\digital_io.h **** }
 236              	 .loc 2 328 0
 237 0018 0837     	 adds r7,r7,#8
 238              	.LCFI26:
 239              	 .cfi_def_cfa_offset 8
 240 001a BD46     	 mov sp,r7
 241              	.LCFI27:
 242              	 .cfi_def_cfa_register 13
 243              	 
 244 001c 80BD     	 pop {r7,pc}
 245              	 .cfi_endproc
 246              	.LFE144:
 248 001e 00BF     	 .section .text.DIGITAL_IO_ToggleOutput,"ax",%progbits
 249              	 .align 2
 250              	 .thumb
 251              	 .thumb_func
 253              	DIGITAL_IO_ToggleOutput:
 254              	.LFB145:
 329:C:/work_mari/XMC4800/led_blinking/Dave/Generated/DIGITAL_IO\digital_io.h **** 
 330:C:/work_mari/XMC4800/led_blinking/Dave/Generated/DIGITAL_IO\digital_io.h **** /**
 331:C:/work_mari/XMC4800/led_blinking/Dave/Generated/DIGITAL_IO\digital_io.h **** * @brief Function to Toggle port pin.
 332:C:/work_mari/XMC4800/led_blinking/Dave/Generated/DIGITAL_IO\digital_io.h **** * @param handler Pointer pointing to APP data structure. Refer @ref DIGITAL_IO_t for details.
 333:C:/work_mari/XMC4800/led_blinking/Dave/Generated/DIGITAL_IO\digital_io.h **** * @return None
 334:C:/work_mari/XMC4800/led_blinking/Dave/Generated/DIGITAL_IO\digital_io.h **** *
 335:C:/work_mari/XMC4800/led_blinking/Dave/Generated/DIGITAL_IO\digital_io.h **** * \par<b>Description:</b><br>
 336:C:/work_mari/XMC4800/led_blinking/Dave/Generated/DIGITAL_IO\digital_io.h **** * This function configures port output modification register Pn_OMR, to toggle port pin.
 337:C:/work_mari/XMC4800/led_blinking/Dave/Generated/DIGITAL_IO\digital_io.h **** *
 338:C:/work_mari/XMC4800/led_blinking/Dave/Generated/DIGITAL_IO\digital_io.h **** * \par<b>Related APIs:</b><BR>
 339:C:/work_mari/XMC4800/led_blinking/Dave/Generated/DIGITAL_IO\digital_io.h **** * DIGITAL_IO_SetOutputLow(), DIGITAL_IO_SetOutputHigh()
 340:C:/work_mari/XMC4800/led_blinking/Dave/Generated/DIGITAL_IO\digital_io.h **** *
 341:C:/work_mari/XMC4800/led_blinking/Dave/Generated/DIGITAL_IO\digital_io.h **** * Example Usage:
 342:C:/work_mari/XMC4800/led_blinking/Dave/Generated/DIGITAL_IO\digital_io.h **** *
 343:C:/work_mari/XMC4800/led_blinking/Dave/Generated/DIGITAL_IO\digital_io.h **** * @code
 344:C:/work_mari/XMC4800/led_blinking/Dave/Generated/DIGITAL_IO\digital_io.h **** * #include "DAVE.h" //Declarations from DAVE Code Generation (includes SFR declaration)
 345:C:/work_mari/XMC4800/led_blinking/Dave/Generated/DIGITAL_IO\digital_io.h **** *
 346:C:/work_mari/XMC4800/led_blinking/Dave/Generated/DIGITAL_IO\digital_io.h **** * int main(void)
 347:C:/work_mari/XMC4800/led_blinking/Dave/Generated/DIGITAL_IO\digital_io.h **** * {
 348:C:/work_mari/XMC4800/led_blinking/Dave/Generated/DIGITAL_IO\digital_io.h **** *   DAVE_STATUS_t status;
 349:C:/work_mari/XMC4800/led_blinking/Dave/Generated/DIGITAL_IO\digital_io.h **** *   uint32_t delay_count;;
 350:C:/work_mari/XMC4800/led_blinking/Dave/Generated/DIGITAL_IO\digital_io.h **** *   status = DAVE_Init();  //(DAVE_STATUS_t)DIGITAL_IO_Init(&DIGITAL_IO_0) is called within DAVE_In
 351:C:/work_mari/XMC4800/led_blinking/Dave/Generated/DIGITAL_IO\digital_io.h **** *   if(status == DAVE_STATUS_SUCCESS)
 352:C:/work_mari/XMC4800/led_blinking/Dave/Generated/DIGITAL_IO\digital_io.h **** *   {
 353:C:/work_mari/XMC4800/led_blinking/Dave/Generated/DIGITAL_IO\digital_io.h **** *     XMC_DEBUG("DAVE Apps initialization success\n");
 354:C:/work_mari/XMC4800/led_blinking/Dave/Generated/DIGITAL_IO\digital_io.h **** *   }
 355:C:/work_mari/XMC4800/led_blinking/Dave/Generated/DIGITAL_IO\digital_io.h **** *   else
 356:C:/work_mari/XMC4800/led_blinking/Dave/Generated/DIGITAL_IO\digital_io.h **** *   {
 357:C:/work_mari/XMC4800/led_blinking/Dave/Generated/DIGITAL_IO\digital_io.h **** *      XMC_DEBUG(("DAVE Apps initialization failed with status %d\n", status));
 358:C:/work_mari/XMC4800/led_blinking/Dave/Generated/DIGITAL_IO\digital_io.h **** *      while(1U)
 359:C:/work_mari/XMC4800/led_blinking/Dave/Generated/DIGITAL_IO\digital_io.h **** *      {
 360:C:/work_mari/XMC4800/led_blinking/Dave/Generated/DIGITAL_IO\digital_io.h **** *      }
 361:C:/work_mari/XMC4800/led_blinking/Dave/Generated/DIGITAL_IO\digital_io.h **** *   }
 362:C:/work_mari/XMC4800/led_blinking/Dave/Generated/DIGITAL_IO\digital_io.h **** *   //Placeholder for user application code. The while loop below can be replaced with user applica
 363:C:/work_mari/XMC4800/led_blinking/Dave/Generated/DIGITAL_IO\digital_io.h **** *   while(1U)
 364:C:/work_mari/XMC4800/led_blinking/Dave/Generated/DIGITAL_IO\digital_io.h **** *   {
 365:C:/work_mari/XMC4800/led_blinking/Dave/Generated/DIGITAL_IO\digital_io.h **** *      DIGITAL_IO_ToggleOutput(&DIGITAL_IO_0); //toggles : 1 -> 0 (if initial output level is logic
 366:C:/work_mari/XMC4800/led_blinking/Dave/Generated/DIGITAL_IO\digital_io.h **** *      //Add application code here
 367:C:/work_mari/XMC4800/led_blinking/Dave/Generated/DIGITAL_IO\digital_io.h **** *      for(delay_count = 0;delay_count<0xfffff;delay_count++);
 368:C:/work_mari/XMC4800/led_blinking/Dave/Generated/DIGITAL_IO\digital_io.h **** *      DIGITAL_IO_ToggleOutput(&DIGITAL_IO_0); //toggles : 0 -> 1
 369:C:/work_mari/XMC4800/led_blinking/Dave/Generated/DIGITAL_IO\digital_io.h **** *      //Add application code here
 370:C:/work_mari/XMC4800/led_blinking/Dave/Generated/DIGITAL_IO\digital_io.h **** *      for(delay_count = 0;delay_count<0xfffff;delay_count++);
 371:C:/work_mari/XMC4800/led_blinking/Dave/Generated/DIGITAL_IO\digital_io.h **** *   }
 372:C:/work_mari/XMC4800/led_blinking/Dave/Generated/DIGITAL_IO\digital_io.h **** *   return (1);
 373:C:/work_mari/XMC4800/led_blinking/Dave/Generated/DIGITAL_IO\digital_io.h **** * }
 374:C:/work_mari/XMC4800/led_blinking/Dave/Generated/DIGITAL_IO\digital_io.h **** *  @endcode
 375:C:/work_mari/XMC4800/led_blinking/Dave/Generated/DIGITAL_IO\digital_io.h **** */
 376:C:/work_mari/XMC4800/led_blinking/Dave/Generated/DIGITAL_IO\digital_io.h **** 
 377:C:/work_mari/XMC4800/led_blinking/Dave/Generated/DIGITAL_IO\digital_io.h **** __STATIC_INLINE void DIGITAL_IO_ToggleOutput(const DIGITAL_IO_t *const handler)
 378:C:/work_mari/XMC4800/led_blinking/Dave/Generated/DIGITAL_IO\digital_io.h **** {
 255              	 .loc 2 378 0
 256              	 .cfi_startproc
 257              	 
 258              	 
 259 0000 80B5     	 push {r7,lr}
 260              	.LCFI28:
 261              	 .cfi_def_cfa_offset 8
 262              	 .cfi_offset 7,-8
 263              	 .cfi_offset 14,-4
 264 0002 82B0     	 sub sp,sp,#8
 265              	.LCFI29:
 266              	 .cfi_def_cfa_offset 16
 267 0004 00AF     	 add r7,sp,#0
 268              	.LCFI30:
 269              	 .cfi_def_cfa_register 7
 270 0006 7860     	 str r0,[r7,#4]
 379:C:/work_mari/XMC4800/led_blinking/Dave/Generated/DIGITAL_IO\digital_io.h ****   XMC_ASSERT("DIGITAL_IO_ToggleOutput: handler null pointer", handler != NULL);
 380:C:/work_mari/XMC4800/led_blinking/Dave/Generated/DIGITAL_IO\digital_io.h ****   XMC_GPIO_ToggleOutput(handler->gpio_port, handler->gpio_pin);
 271              	 .loc 2 380 0
 272 0008 7B68     	 ldr r3,[r7,#4]
 273 000a 1A68     	 ldr r2,[r3]
 274 000c 7B68     	 ldr r3,[r7,#4]
 275 000e 1B7C     	 ldrb r3,[r3,#16]
 276 0010 1046     	 mov r0,r2
 277 0012 1946     	 mov r1,r3
 278 0014 FFF7FEFF 	 bl XMC_GPIO_ToggleOutput
 381:C:/work_mari/XMC4800/led_blinking/Dave/Generated/DIGITAL_IO\digital_io.h **** }
 279              	 .loc 2 381 0
 280 0018 0837     	 adds r7,r7,#8
 281              	.LCFI31:
 282              	 .cfi_def_cfa_offset 8
 283 001a BD46     	 mov sp,r7
 284              	.LCFI32:
 285              	 .cfi_def_cfa_register 13
 286              	 
 287 001c 80BD     	 pop {r7,pc}
 288              	 .cfi_endproc
 289              	.LFE145:
 291 001e 00BF     	 .section .text.main,"ax",%progbits
 292              	 .align 2
 293              	 .global main
 294              	 .thumb
 295              	 .thumb_func
 297              	main:
 298              	.LFB147:
 299              	 .file 3 "../main.c"
   1:../main.c     **** /*
   2:../main.c     ****  * main.c
   3:../main.c     ****  *
   4:../main.c     ****  *  Created on: 2024 Aug 24 22:45:05
   5:../main.c     ****  *  Author: admin
   6:../main.c     ****  */
   7:../main.c     **** 
   8:../main.c     **** 
   9:../main.c     **** 
  10:../main.c     **** 
  11:../main.c     **** #include "DAVE.h"                 //Declarations from DAVE Code Generation (includes SFR declaratio
  12:../main.c     **** 
  13:../main.c     **** /**
  14:../main.c     **** 
  15:../main.c     ****  * @brief main() - Application entry point
  16:../main.c     ****  *
  17:../main.c     ****  * <b>Details of function</b><br>
  18:../main.c     ****  * This routine is the application entry point. It is invoked by the device startup code. It is res
  19:../main.c     ****  * invoking the APP initialization dispatcher routine - DAVE_Init() and hosting the place-holder fo
  20:../main.c     ****  * code.
  21:../main.c     ****  */
  22:../main.c     **** 
  23:../main.c     **** int main(void)
  24:../main.c     **** {
 300              	 .loc 3 24 0
 301              	 .cfi_startproc
 302              	 
 303              	 
 304 0000 80B5     	 push {r7,lr}
 305              	.LCFI33:
 306              	 .cfi_def_cfa_offset 8
 307              	 .cfi_offset 7,-8
 308              	 .cfi_offset 14,-4
 309 0002 86B0     	 sub sp,sp,#24
 310              	.LCFI34:
 311              	 .cfi_def_cfa_offset 32
 312 0004 00AF     	 add r7,sp,#0
 313              	.LCFI35:
 314              	 .cfi_def_cfa_register 7
  25:../main.c     ****   DAVE_STATUS_t status;
  26:../main.c     **** 
  27:../main.c     ****   status = DAVE_Init();           /* Initialization of DAVE APPs  */
 315              	 .loc 3 27 0
 316 0006 FFF7FEFF 	 bl DAVE_Init
 317 000a 0346     	 mov r3,r0
 318 000c FB71     	 strb r3,[r7,#7]
  28:../main.c     **** 
  29:../main.c     ****   if (status != DAVE_STATUS_SUCCESS)
 319              	 .loc 3 29 0
 320 000e FB79     	 ldrb r3,[r7,#7]
 321 0010 002B     	 cmp r3,#0
 322 0012 00D0     	 beq .L8
 323              	.L9:
  30:../main.c     ****   {
  31:../main.c     ****     /* Placeholder for error handler code. The while loop below can be replaced with an user error 
  32:../main.c     ****     XMC_DEBUG("DAVE APPs initialization failed\n");
  33:../main.c     **** 
  34:../main.c     ****     while(1U)
  35:../main.c     ****     {
  36:../main.c     **** 
  37:../main.c     ****     }
 324              	 .loc 3 37 0 discriminator 1
 325 0014 FEE7     	 b .L9
 326              	.L8:
  38:../main.c     ****   }
  39:../main.c     **** 
  40:../main.c     ****   /* Placeholder for user application code. The while loop below can be replaced with user applicat
  41:../main.c     ****   while(1U)
  42:../main.c     ****   {
  43:../main.c     **** 	  DIGITAL_IO_ToggleOutput(&LED1); //toggles : 1 -> 0 (if initial output level is logic 1)
 327              	 .loc 3 43 0
 328 0016 1A48     	 ldr r0,.L18
 329 0018 FFF7FEFF 	 bl DIGITAL_IO_ToggleOutput
 330              	.LBB2:
  44:../main.c     **** 	  for(int i=0;i<9000000;i++);
 331              	 .loc 3 44 0
 332 001c 0023     	 movs r3,#0
 333 001e 7B61     	 str r3,[r7,#20]
 334 0020 02E0     	 b .L10
 335              	.L11:
 336              	 .loc 3 44 0 is_stmt 0 discriminator 3
 337 0022 7B69     	 ldr r3,[r7,#20]
 338 0024 0133     	 adds r3,r3,#1
 339 0026 7B61     	 str r3,[r7,#20]
 340              	.L10:
 341              	 .loc 3 44 0 discriminator 1
 342 0028 7B69     	 ldr r3,[r7,#20]
 343 002a 164A     	 ldr r2,.L18+4
 344 002c 9342     	 cmp r3,r2
 345 002e F8DD     	 ble .L11
 346              	.LBE2:
  45:../main.c     **** 
  46:../main.c     **** 	  DIGITAL_IO_ToggleOutput(&LED1); //toggles : 0 -> 1
 347              	 .loc 3 46 0 is_stmt 1
 348 0030 1348     	 ldr r0,.L18
 349 0032 FFF7FEFF 	 bl DIGITAL_IO_ToggleOutput
 350              	.LBB3:
  47:../main.c     **** 	  for(int i=0;i<9000000;i++);
 351              	 .loc 3 47 0
 352 0036 0023     	 movs r3,#0
 353 0038 3B61     	 str r3,[r7,#16]
 354 003a 02E0     	 b .L12
 355              	.L13:
 356              	 .loc 3 47 0 is_stmt 0 discriminator 3
 357 003c 3B69     	 ldr r3,[r7,#16]
 358 003e 0133     	 adds r3,r3,#1
 359 0040 3B61     	 str r3,[r7,#16]
 360              	.L12:
 361              	 .loc 3 47 0 discriminator 1
 362 0042 3B69     	 ldr r3,[r7,#16]
 363 0044 0F4A     	 ldr r2,.L18+4
 364 0046 9342     	 cmp r3,r2
 365 0048 F8DD     	 ble .L13
 366              	.LBE3:
  48:../main.c     **** 
  49:../main.c     **** 
  50:../main.c     **** 
  51:../main.c     **** 	  DIGITAL_IO_SetOutputHigh(&LED2);
 367              	 .loc 3 51 0 is_stmt 1
 368 004a 0F48     	 ldr r0,.L18+8
 369 004c FFF7FEFF 	 bl DIGITAL_IO_SetOutputHigh
 370              	.LBB4:
  52:../main.c     **** 	  for(int i=0;i<9000000;i++);
 371              	 .loc 3 52 0
 372 0050 0023     	 movs r3,#0
 373 0052 FB60     	 str r3,[r7,#12]
 374 0054 02E0     	 b .L14
 375              	.L15:
 376              	 .loc 3 52 0 is_stmt 0 discriminator 3
 377 0056 FB68     	 ldr r3,[r7,#12]
 378 0058 0133     	 adds r3,r3,#1
 379 005a FB60     	 str r3,[r7,#12]
 380              	.L14:
 381              	 .loc 3 52 0 discriminator 1
 382 005c FB68     	 ldr r3,[r7,#12]
 383 005e 094A     	 ldr r2,.L18+4
 384 0060 9342     	 cmp r3,r2
 385 0062 F8DD     	 ble .L15
 386              	.LBE4:
  53:../main.c     **** 
  54:../main.c     **** 	  DIGITAL_IO_SetOutputLow(&LED2);
 387              	 .loc 3 54 0 is_stmt 1
 388 0064 0848     	 ldr r0,.L18+8
 389 0066 FFF7FEFF 	 bl DIGITAL_IO_SetOutputLow
 390              	.LBB5:
  55:../main.c     **** 	  for(int i=0;i<9000000;i++);
 391              	 .loc 3 55 0
 392 006a 0023     	 movs r3,#0
 393 006c BB60     	 str r3,[r7,#8]
 394 006e 02E0     	 b .L16
 395              	.L17:
 396              	 .loc 3 55 0 is_stmt 0 discriminator 3
 397 0070 BB68     	 ldr r3,[r7,#8]
 398 0072 0133     	 adds r3,r3,#1
 399 0074 BB60     	 str r3,[r7,#8]
 400              	.L16:
 401              	 .loc 3 55 0 discriminator 1
 402 0076 BB68     	 ldr r3,[r7,#8]
 403 0078 024A     	 ldr r2,.L18+4
 404 007a 9342     	 cmp r3,r2
 405 007c F8DD     	 ble .L17
 406              	.LBE5:
  56:../main.c     **** 
  57:../main.c     ****   }
 407              	 .loc 3 57 0 is_stmt 1
 408 007e CAE7     	 b .L8
 409              	.L19:
 410              	 .align 2
 411              	.L18:
 412 0080 00000000 	 .word LED1
 413 0084 3F548900 	 .word 8999999
 414 0088 00000000 	 .word LED2
 415              	 .cfi_endproc
 416              	.LFE147:
 418              	 .text
 419              	.Letext0:
 420              	 .file 4 "c:\\infineon\\tools\\dave ide\\4.5.0.202105191637\\eclipse\\arm-gcc-49\\arm-none-eabi\\include\\machine\\_default_types.h"
 421              	 .file 5 "c:\\infineon\\tools\\dave ide\\4.5.0.202105191637\\eclipse\\arm-gcc-49\\arm-none-eabi\\include\\stdint.h"
 422              	 .file 6 "C:/work_mari/XMC4800/led_blinking/Libraries/XMCLib/inc/xmc4_gpio.h"
 423              	 .file 7 "C:/work_mari/XMC4800/led_blinking/Dave/Generated/DAVE.h"
 424              	 .file 8 "C:/work_mari/XMC4800/led_blinking/Libraries/CMSIS/Include/cmsis_gcc.h"
 425              	 .file 9 "C:/work_mari/XMC4800/led_blinking/Libraries/CMSIS/Include/core_cm4.h"
 426              	 .file 10 "C:/work_mari/XMC4800/led_blinking/Dave/Generated/DIGITAL_IO/digital_io_extern.h"
DEFINED SYMBOLS
                            *ABS*:00000000 main.c
    {standard input}:20     .text.XMC_GPIO_SetOutputHigh:00000000 $t
    {standard input}:24     .text.XMC_GPIO_SetOutputHigh:00000000 XMC_GPIO_SetOutputHigh
    {standard input}:68     .text.XMC_GPIO_SetOutputLow:00000000 $t
    {standard input}:72     .text.XMC_GPIO_SetOutputLow:00000000 XMC_GPIO_SetOutputLow
    {standard input}:115    .text.XMC_GPIO_ToggleOutput:00000000 $t
    {standard input}:119    .text.XMC_GPIO_ToggleOutput:00000000 XMC_GPIO_ToggleOutput
    {standard input}:162    .text.DIGITAL_IO_SetOutputHigh:00000000 $t
    {standard input}:166    .text.DIGITAL_IO_SetOutputHigh:00000000 DIGITAL_IO_SetOutputHigh
    {standard input}:206    .text.DIGITAL_IO_SetOutputLow:00000000 $t
    {standard input}:210    .text.DIGITAL_IO_SetOutputLow:00000000 DIGITAL_IO_SetOutputLow
    {standard input}:249    .text.DIGITAL_IO_ToggleOutput:00000000 $t
    {standard input}:253    .text.DIGITAL_IO_ToggleOutput:00000000 DIGITAL_IO_ToggleOutput
    {standard input}:292    .text.main:00000000 $t
    {standard input}:297    .text.main:00000000 main
    {standard input}:412    .text.main:00000080 $d
                     .debug_frame:00000010 $d

UNDEFINED SYMBOLS
DAVE_Init
LED1
LED2
