   1              	 .syntax unified
   2              	 .cpu cortex-m4
   3              	 .eabi_attribute 27,3
   4              	 .fpu fpv4-sp-d16
   5              	 .eabi_attribute 20,1
   6              	 .eabi_attribute 21,1
   7              	 .eabi_attribute 23,3
   8              	 .eabi_attribute 24,1
   9              	 .eabi_attribute 25,1
  10              	 .eabi_attribute 26,1
  11              	 .eabi_attribute 30,6
  12              	 .eabi_attribute 34,1
  13              	 .eabi_attribute 18,4
  14              	 .thumb
  15              	 .file "main.c"
  16              	 .text
  17              	.Ltext0:
  18              	 .cfi_sections .debug_frame
  19              	 .global src_data
  20              	 .section .rodata.src_data,"a",%progbits
  21              	 .align 2
  24              	src_data:
  25 0000 00000000 	 .word 0
  26 0004 01000000 	 .word 1
  27 0008 02000000 	 .word 2
  28 000c 03000000 	 .word 3
  29 0010 04000000 	 .word 4
  30 0014 05000000 	 .word 5
  31 0018 06000000 	 .word 6
  32 001c 07000000 	 .word 7
  33 0020 08000000 	 .word 8
  34 0024 09000000 	 .word 9
  35 0028 0A000000 	 .word 10
  36 002c 0B000000 	 .word 11
  37 0030 0C000000 	 .word 12
  38 0034 0D000000 	 .word 13
  39 0038 0E000000 	 .word 14
  40 003c 0F000000 	 .word 15
  41 0040 10000000 	 .word 16
  42 0044 11000000 	 .word 17
  43 0048 12000000 	 .word 18
  44 004c 13000000 	 .word 19
  45 0050 14000000 	 .word 20
  46 0054 15000000 	 .word 21
  47 0058 16000000 	 .word 22
  48 005c 17000000 	 .word 23
  49 0060 18000000 	 .word 24
  50 0064 19000000 	 .word 25
  51 0068 1A000000 	 .word 26
  52 006c 1B000000 	 .word 27
  53 0070 1C000000 	 .word 28
  54 0074 1D000000 	 .word 29
  55 0078 1E000000 	 .word 30
  56 007c 1F000000 	 .word 31
  57 0080 20000000 	 .word 32
  58 0084 21000000 	 .word 33
  59 0088 22000000 	 .word 34
  60 008c 23000000 	 .word 35
  61 0090 24000000 	 .word 36
  62 0094 25000000 	 .word 37
  63 0098 26000000 	 .word 38
  64 009c 27000000 	 .word 39
  65 00a0 28000000 	 .word 40
  66 00a4 29000000 	 .word 41
  67 00a8 2A000000 	 .word 42
  68 00ac 2B000000 	 .word 43
  69 00b0 2C000000 	 .word 44
  70 00b4 2D000000 	 .word 45
  71 00b8 2E000000 	 .word 46
  72 00bc 2F000000 	 .word 47
  73 00c0 30000000 	 .word 48
  74 00c4 31000000 	 .word 49
  75 00c8 32000000 	 .word 50
  76 00cc 33000000 	 .word 51
  77 00d0 34000000 	 .word 52
  78 00d4 35000000 	 .word 53
  79 00d8 36000000 	 .word 54
  80 00dc 37000000 	 .word 55
  81 00e0 38000000 	 .word 56
  82 00e4 39000000 	 .word 57
  83 00e8 3A000000 	 .word 58
  84 00ec 3B000000 	 .word 59
  85 00f0 3C000000 	 .word 60
  86 00f4 3D000000 	 .word 61
  87 00f8 3E000000 	 .word 62
  88 00fc 3F000000 	 .word 63
  89 0100 40000000 	 .word 64
  90 0104 41000000 	 .word 65
  91 0108 42000000 	 .word 66
  92 010c 43000000 	 .word 67
  93 0110 44000000 	 .word 68
  94 0114 45000000 	 .word 69
  95 0118 46000000 	 .word 70
  96 011c 47000000 	 .word 71
  97 0120 48000000 	 .word 72
  98 0124 49000000 	 .word 73
  99 0128 4A000000 	 .word 74
 100 012c 4B000000 	 .word 75
 101 0130 4C000000 	 .word 76
 102 0134 4D000000 	 .word 77
 103 0138 4E000000 	 .word 78
 104 013c 4F000000 	 .word 79
 105 0140 50000000 	 .word 80
 106 0144 51000000 	 .word 81
 107 0148 52000000 	 .word 82
 108 014c 53000000 	 .word 83
 109 0150 54000000 	 .word 84
 110 0154 55000000 	 .word 85
 111 0158 56000000 	 .word 86
 112 015c 57000000 	 .word 87
 113 0160 58000000 	 .word 88
 114 0164 59000000 	 .word 89
 115 0168 5A000000 	 .word 90
 116 016c 5B000000 	 .word 91
 117 0170 5C000000 	 .word 92
 118 0174 5D000000 	 .word 93
 119 0178 5E000000 	 .word 94
 120 017c 5F000000 	 .word 95
 121 0180 60000000 	 .word 96
 122 0184 61000000 	 .word 97
 123 0188 62000000 	 .word 98
 124 018c 63000000 	 .word 99
 125 0190 64000000 	 .word 100
 126 0194 65000000 	 .word 101
 127 0198 66000000 	 .word 102
 128 019c 67000000 	 .word 103
 129 01a0 68000000 	 .word 104
 130 01a4 69000000 	 .word 105
 131 01a8 6A000000 	 .word 106
 132 01ac 6B000000 	 .word 107
 133 01b0 6C000000 	 .word 108
 134 01b4 6D000000 	 .word 109
 135 01b8 6E000000 	 .word 110
 136 01bc 6F000000 	 .word 111
 137 01c0 70000000 	 .word 112
 138 01c4 71000000 	 .word 113
 139 01c8 72000000 	 .word 114
 140 01cc 73000000 	 .word 115
 141 01d0 74000000 	 .word 116
 142 01d4 75000000 	 .word 117
 143 01d8 76000000 	 .word 118
 144 01dc 77000000 	 .word 119
 145 01e0 78000000 	 .word 120
 146 01e4 79000000 	 .word 121
 147 01e8 7A000000 	 .word 122
 148 01ec 7B000000 	 .word 123
 149 01f0 7C000000 	 .word 124
 150 01f4 7D000000 	 .word 125
 151 01f8 7E000000 	 .word 126
 152 01fc 7F000000 	 .word 127
 153 0200 80000000 	 .word 128
 154 0204 81000000 	 .word 129
 155 0208 82000000 	 .word 130
 156 020c 83000000 	 .word 131
 157 0210 84000000 	 .word 132
 158 0214 85000000 	 .word 133
 159 0218 86000000 	 .word 134
 160 021c 87000000 	 .word 135
 161 0220 88000000 	 .word 136
 162 0224 89000000 	 .word 137
 163 0228 8A000000 	 .word 138
 164 022c 8B000000 	 .word 139
 165 0230 8C000000 	 .word 140
 166 0234 8D000000 	 .word 141
 167 0238 8E000000 	 .word 142
 168 023c 8F000000 	 .word 143
 169 0240 90000000 	 .word 144
 170 0244 91000000 	 .word 145
 171 0248 92000000 	 .word 146
 172 024c 93000000 	 .word 147
 173 0250 94000000 	 .word 148
 174 0254 95000000 	 .word 149
 175 0258 96000000 	 .word 150
 176 025c 97000000 	 .word 151
 177 0260 98000000 	 .word 152
 178 0264 99000000 	 .word 153
 179 0268 9A000000 	 .word 154
 180 026c 9B000000 	 .word 155
 181 0270 9C000000 	 .word 156
 182 0274 9D000000 	 .word 157
 183 0278 9E000000 	 .word 158
 184 027c 9F000000 	 .word 159
 185 0280 A0000000 	 .word 160
 186 0284 A1000000 	 .word 161
 187 0288 A2000000 	 .word 162
 188 028c A3000000 	 .word 163
 189 0290 A4000000 	 .word 164
 190 0294 A5000000 	 .word 165
 191 0298 A6000000 	 .word 166
 192 029c A7000000 	 .word 167
 193 02a0 A8000000 	 .word 168
 194 02a4 A9000000 	 .word 169
 195 02a8 AA000000 	 .word 170
 196 02ac AB000000 	 .word 171
 197 02b0 AC000000 	 .word 172
 198 02b4 AD000000 	 .word 173
 199 02b8 AE000000 	 .word 174
 200 02bc AF000000 	 .word 175
 201 02c0 B0000000 	 .word 176
 202 02c4 B1000000 	 .word 177
 203 02c8 B2000000 	 .word 178
 204 02cc B3000000 	 .word 179
 205 02d0 B4000000 	 .word 180
 206 02d4 B5000000 	 .word 181
 207 02d8 B6000000 	 .word 182
 208 02dc B7000000 	 .word 183
 209 02e0 B8000000 	 .word 184
 210 02e4 B9000000 	 .word 185
 211 02e8 BA000000 	 .word 186
 212 02ec BB000000 	 .word 187
 213 02f0 BC000000 	 .word 188
 214 02f4 BD000000 	 .word 189
 215 02f8 BE000000 	 .word 190
 216 02fc BF000000 	 .word 191
 217 0300 C0000000 	 .word 192
 218 0304 C1000000 	 .word 193
 219 0308 C2000000 	 .word 194
 220 030c C3000000 	 .word 195
 221 0310 C4000000 	 .word 196
 222 0314 C5000000 	 .word 197
 223 0318 C6000000 	 .word 198
 224 031c C7000000 	 .word 199
 225 0320 C8000000 	 .word 200
 226 0324 C9000000 	 .word 201
 227 0328 CA000000 	 .word 202
 228 032c CB000000 	 .word 203
 229 0330 CC000000 	 .word 204
 230 0334 CD000000 	 .word 205
 231 0338 CE000000 	 .word 206
 232 033c CF000000 	 .word 207
 233 0340 D0000000 	 .word 208
 234 0344 D1000000 	 .word 209
 235 0348 D2000000 	 .word 210
 236 034c D3000000 	 .word 211
 237 0350 D4000000 	 .word 212
 238 0354 D5000000 	 .word 213
 239 0358 D6000000 	 .word 214
 240 035c D7000000 	 .word 215
 241 0360 D8000000 	 .word 216
 242 0364 D9000000 	 .word 217
 243 0368 DA000000 	 .word 218
 244 036c DB000000 	 .word 219
 245 0370 DC000000 	 .word 220
 246 0374 DD000000 	 .word 221
 247 0378 DE000000 	 .word 222
 248 037c DF000000 	 .word 223
 249 0380 E0000000 	 .word 224
 250 0384 E1000000 	 .word 225
 251 0388 E2000000 	 .word 226
 252 038c E3000000 	 .word 227
 253 0390 E4000000 	 .word 228
 254 0394 E5000000 	 .word 229
 255 0398 E6000000 	 .word 230
 256 039c E7000000 	 .word 231
 257 03a0 E8000000 	 .word 232
 258 03a4 E9000000 	 .word 233
 259 03a8 EA000000 	 .word 234
 260 03ac EB000000 	 .word 235
 261 03b0 EC000000 	 .word 236
 262 03b4 ED000000 	 .word 237
 263 03b8 EE000000 	 .word 238
 264 03bc EF000000 	 .word 239
 265 03c0 F0000000 	 .word 240
 266 03c4 F1000000 	 .word 241
 267 03c8 F2000000 	 .word 242
 268 03cc F3000000 	 .word 243
 269 03d0 F4000000 	 .word 244
 270 03d4 F5000000 	 .word 245
 271 03d8 F6000000 	 .word 246
 272 03dc F7000000 	 .word 247
 273 03e0 F8000000 	 .word 248
 274 03e4 F9000000 	 .word 249
 275 03e8 FA000000 	 .word 250
 276 03ec FB000000 	 .word 251
 277 03f0 FC000000 	 .word 252
 278 03f4 FD000000 	 .word 253
 279 03f8 FE000000 	 .word 254
 280 03fc FF000000 	 .word 255
 281 0400 00010000 	 .word 256
 282 0404 01010000 	 .word 257
 283 0408 02010000 	 .word 258
 284 040c 03010000 	 .word 259
 285 0410 04010000 	 .word 260
 286 0414 05010000 	 .word 261
 287 0418 06010000 	 .word 262
 288 041c 07010000 	 .word 263
 289 0420 08010000 	 .word 264
 290 0424 09010000 	 .word 265
 291 0428 0A010000 	 .word 266
 292 042c 0B010000 	 .word 267
 293 0430 0C010000 	 .word 268
 294 0434 0D010000 	 .word 269
 295 0438 0E010000 	 .word 270
 296 043c 0F010000 	 .word 271
 297 0440 10010000 	 .word 272
 298 0444 11010000 	 .word 273
 299 0448 12010000 	 .word 274
 300 044c 13010000 	 .word 275
 301 0450 14010000 	 .word 276
 302 0454 15010000 	 .word 277
 303 0458 16010000 	 .word 278
 304 045c 17010000 	 .word 279
 305 0460 18010000 	 .word 280
 306 0464 19010000 	 .word 281
 307 0468 1A010000 	 .word 282
 308 046c 1B010000 	 .word 283
 309 0470 1C010000 	 .word 284
 310 0474 1D010000 	 .word 285
 311 0478 1E010000 	 .word 286
 312 047c 1F010000 	 .word 287
 313 0480 20010000 	 .word 288
 314 0484 21010000 	 .word 289
 315 0488 22010000 	 .word 290
 316 048c 23010000 	 .word 291
 317 0490 24010000 	 .word 292
 318 0494 25010000 	 .word 293
 319 0498 26010000 	 .word 294
 320 049c 27010000 	 .word 295
 321 04a0 28010000 	 .word 296
 322 04a4 29010000 	 .word 297
 323 04a8 2A010000 	 .word 298
 324 04ac 2B010000 	 .word 299
 325 04b0 2C010000 	 .word 300
 326 04b4 2D010000 	 .word 301
 327 04b8 2E010000 	 .word 302
 328 04bc 2F010000 	 .word 303
 329 04c0 30010000 	 .word 304
 330 04c4 31010000 	 .word 305
 331 04c8 32010000 	 .word 306
 332 04cc 33010000 	 .word 307
 333 04d0 34010000 	 .word 308
 334 04d4 35010000 	 .word 309
 335 04d8 36010000 	 .word 310
 336 04dc 37010000 	 .word 311
 337 04e0 38010000 	 .word 312
 338 04e4 39010000 	 .word 313
 339 04e8 3A010000 	 .word 314
 340 04ec 3B010000 	 .word 315
 341 04f0 3C010000 	 .word 316
 342 04f4 3D010000 	 .word 317
 343 04f8 3E010000 	 .word 318
 344 04fc 3F010000 	 .word 319
 345 0500 40010000 	 .word 320
 346 0504 41010000 	 .word 321
 347 0508 42010000 	 .word 322
 348 050c 43010000 	 .word 323
 349 0510 44010000 	 .word 324
 350 0514 45010000 	 .word 325
 351 0518 46010000 	 .word 326
 352 051c 47010000 	 .word 327
 353 0520 48010000 	 .word 328
 354 0524 49010000 	 .word 329
 355 0528 4A010000 	 .word 330
 356 052c 4B010000 	 .word 331
 357 0530 4C010000 	 .word 332
 358 0534 4D010000 	 .word 333
 359 0538 4E010000 	 .word 334
 360 053c 4F010000 	 .word 335
 361 0540 50010000 	 .word 336
 362 0544 51010000 	 .word 337
 363 0548 52010000 	 .word 338
 364 054c 53010000 	 .word 339
 365 0550 54010000 	 .word 340
 366 0554 55010000 	 .word 341
 367 0558 56010000 	 .word 342
 368 055c 57010000 	 .word 343
 369 0560 58010000 	 .word 344
 370 0564 59010000 	 .word 345
 371 0568 5A010000 	 .word 346
 372 056c 5B010000 	 .word 347
 373 0570 5C010000 	 .word 348
 374 0574 5D010000 	 .word 349
 375 0578 5E010000 	 .word 350
 376 057c 5F010000 	 .word 351
 377 0580 60010000 	 .word 352
 378 0584 61010000 	 .word 353
 379 0588 62010000 	 .word 354
 380 058c 63010000 	 .word 355
 381 0590 64010000 	 .word 356
 382 0594 65010000 	 .word 357
 383 0598 66010000 	 .word 358
 384 059c 67010000 	 .word 359
 385 05a0 68010000 	 .word 360
 386 05a4 69010000 	 .word 361
 387 05a8 6A010000 	 .word 362
 388 05ac 6B010000 	 .word 363
 389 05b0 6C010000 	 .word 364
 390 05b4 6D010000 	 .word 365
 391 05b8 6E010000 	 .word 366
 392 05bc 6F010000 	 .word 367
 393 05c0 70010000 	 .word 368
 394 05c4 71010000 	 .word 369
 395 05c8 72010000 	 .word 370
 396 05cc 73010000 	 .word 371
 397 05d0 74010000 	 .word 372
 398 05d4 75010000 	 .word 373
 399 05d8 76010000 	 .word 374
 400 05dc 77010000 	 .word 375
 401 05e0 78010000 	 .word 376
 402 05e4 79010000 	 .word 377
 403 05e8 7A010000 	 .word 378
 404 05ec 7B010000 	 .word 379
 405 05f0 7C010000 	 .word 380
 406 05f4 7D010000 	 .word 381
 407 05f8 7E010000 	 .word 382
 408 05fc 7F010000 	 .word 383
 409 0600 80010000 	 .word 384
 410 0604 81010000 	 .word 385
 411 0608 82010000 	 .word 386
 412 060c 83010000 	 .word 387
 413 0610 84010000 	 .word 388
 414 0614 85010000 	 .word 389
 415 0618 86010000 	 .word 390
 416 061c 87010000 	 .word 391
 417 0620 88010000 	 .word 392
 418 0624 89010000 	 .word 393
 419 0628 8A010000 	 .word 394
 420 062c 8B010000 	 .word 395
 421 0630 8C010000 	 .word 396
 422 0634 8D010000 	 .word 397
 423 0638 8E010000 	 .word 398
 424 063c 8F010000 	 .word 399
 425 0640 90010000 	 .word 400
 426 0644 91010000 	 .word 401
 427 0648 92010000 	 .word 402
 428 064c 93010000 	 .word 403
 429 0650 94010000 	 .word 404
 430 0654 95010000 	 .word 405
 431 0658 96010000 	 .word 406
 432 065c 97010000 	 .word 407
 433 0660 98010000 	 .word 408
 434 0664 99010000 	 .word 409
 435 0668 9A010000 	 .word 410
 436 066c 9B010000 	 .word 411
 437 0670 9C010000 	 .word 412
 438 0674 9D010000 	 .word 413
 439 0678 9E010000 	 .word 414
 440 067c 9F010000 	 .word 415
 441 0680 A0010000 	 .word 416
 442 0684 A1010000 	 .word 417
 443 0688 A2010000 	 .word 418
 444 068c A3010000 	 .word 419
 445 0690 A4010000 	 .word 420
 446 0694 A5010000 	 .word 421
 447 0698 A6010000 	 .word 422
 448 069c A7010000 	 .word 423
 449 06a0 A8010000 	 .word 424
 450 06a4 A9010000 	 .word 425
 451 06a8 AA010000 	 .word 426
 452 06ac AB010000 	 .word 427
 453 06b0 AC010000 	 .word 428
 454 06b4 AD010000 	 .word 429
 455 06b8 AE010000 	 .word 430
 456 06bc AF010000 	 .word 431
 457 06c0 B0010000 	 .word 432
 458 06c4 B1010000 	 .word 433
 459 06c8 B2010000 	 .word 434
 460 06cc B3010000 	 .word 435
 461 06d0 B4010000 	 .word 436
 462 06d4 B5010000 	 .word 437
 463 06d8 B6010000 	 .word 438
 464 06dc B7010000 	 .word 439
 465 06e0 B8010000 	 .word 440
 466 06e4 B9010000 	 .word 441
 467 06e8 BA010000 	 .word 442
 468 06ec BB010000 	 .word 443
 469 06f0 BC010000 	 .word 444
 470 06f4 BD010000 	 .word 445
 471 06f8 BE010000 	 .word 446
 472 06fc BF010000 	 .word 447
 473 0700 C0010000 	 .word 448
 474 0704 C1010000 	 .word 449
 475 0708 C2010000 	 .word 450
 476 070c C3010000 	 .word 451
 477 0710 C4010000 	 .word 452
 478 0714 C5010000 	 .word 453
 479 0718 C6010000 	 .word 454
 480 071c C7010000 	 .word 455
 481 0720 C8010000 	 .word 456
 482 0724 C9010000 	 .word 457
 483 0728 CA010000 	 .word 458
 484 072c CB010000 	 .word 459
 485 0730 CC010000 	 .word 460
 486 0734 CD010000 	 .word 461
 487 0738 CE010000 	 .word 462
 488 073c CF010000 	 .word 463
 489 0740 D0010000 	 .word 464
 490 0744 D1010000 	 .word 465
 491 0748 D2010000 	 .word 466
 492 074c D3010000 	 .word 467
 493 0750 D4010000 	 .word 468
 494 0754 D5010000 	 .word 469
 495 0758 D6010000 	 .word 470
 496 075c D7010000 	 .word 471
 497 0760 D8010000 	 .word 472
 498 0764 D9010000 	 .word 473
 499 0768 DA010000 	 .word 474
 500 076c DB010000 	 .word 475
 501 0770 DC010000 	 .word 476
 502 0774 DD010000 	 .word 477
 503 0778 DE010000 	 .word 478
 504 077c DF010000 	 .word 479
 505 0780 E0010000 	 .word 480
 506 0784 E1010000 	 .word 481
 507 0788 E2010000 	 .word 482
 508 078c E3010000 	 .word 483
 509 0790 E4010000 	 .word 484
 510 0794 E5010000 	 .word 485
 511 0798 E6010000 	 .word 486
 512 079c E7010000 	 .word 487
 513 07a0 E8010000 	 .word 488
 514 07a4 E9010000 	 .word 489
 515 07a8 EA010000 	 .word 490
 516 07ac EB010000 	 .word 491
 517 07b0 EC010000 	 .word 492
 518 07b4 ED010000 	 .word 493
 519 07b8 EE010000 	 .word 494
 520 07bc EF010000 	 .word 495
 521 07c0 F0010000 	 .word 496
 522 07c4 F1010000 	 .word 497
 523 07c8 F2010000 	 .word 498
 524 07cc F3010000 	 .word 499
 525 07d0 F4010000 	 .word 500
 526 07d4 F5010000 	 .word 501
 527 07d8 F6010000 	 .word 502
 528 07dc F7010000 	 .word 503
 529 07e0 F8010000 	 .word 504
 530 07e4 F9010000 	 .word 505
 531 07e8 FA010000 	 .word 506
 532 07ec FB010000 	 .word 507
 533 07f0 FC010000 	 .word 508
 534 07f4 FD010000 	 .word 509
 535 07f8 FE010000 	 .word 510
 536 07fc FF010000 	 .word 511
 537 0800 00020000 	 .word 512
 538 0804 01020000 	 .word 513
 539 0808 02020000 	 .word 514
 540 080c 03020000 	 .word 515
 541 0810 04020000 	 .word 516
 542 0814 05020000 	 .word 517
 543 0818 06020000 	 .word 518
 544 081c 07020000 	 .word 519
 545 0820 08020000 	 .word 520
 546 0824 09020000 	 .word 521
 547 0828 0A020000 	 .word 522
 548 082c 0B020000 	 .word 523
 549 0830 0C020000 	 .word 524
 550 0834 0D020000 	 .word 525
 551 0838 0E020000 	 .word 526
 552 083c 0F020000 	 .word 527
 553 0840 10020000 	 .word 528
 554 0844 11020000 	 .word 529
 555 0848 12020000 	 .word 530
 556 084c 13020000 	 .word 531
 557 0850 14020000 	 .word 532
 558 0854 15020000 	 .word 533
 559 0858 16020000 	 .word 534
 560 085c 17020000 	 .word 535
 561 0860 18020000 	 .word 536
 562 0864 19020000 	 .word 537
 563 0868 1A020000 	 .word 538
 564 086c 1B020000 	 .word 539
 565 0870 1C020000 	 .word 540
 566 0874 1D020000 	 .word 541
 567 0878 1E020000 	 .word 542
 568 087c 1F020000 	 .word 543
 569 0880 20020000 	 .word 544
 570 0884 21020000 	 .word 545
 571 0888 22020000 	 .word 546
 572 088c 23020000 	 .word 547
 573 0890 24020000 	 .word 548
 574 0894 25020000 	 .word 549
 575 0898 26020000 	 .word 550
 576 089c 27020000 	 .word 551
 577 08a0 28020000 	 .word 552
 578 08a4 29020000 	 .word 553
 579 08a8 2A020000 	 .word 554
 580 08ac 2B020000 	 .word 555
 581 08b0 2C020000 	 .word 556
 582 08b4 2D020000 	 .word 557
 583 08b8 2E020000 	 .word 558
 584 08bc 2F020000 	 .word 559
 585 08c0 30020000 	 .word 560
 586 08c4 31020000 	 .word 561
 587 08c8 32020000 	 .word 562
 588 08cc 33020000 	 .word 563
 589 08d0 34020000 	 .word 564
 590 08d4 35020000 	 .word 565
 591 08d8 36020000 	 .word 566
 592 08dc 37020000 	 .word 567
 593 08e0 38020000 	 .word 568
 594 08e4 39020000 	 .word 569
 595 08e8 3A020000 	 .word 570
 596 08ec 3B020000 	 .word 571
 597 08f0 3C020000 	 .word 572
 598 08f4 3D020000 	 .word 573
 599 08f8 3E020000 	 .word 574
 600 08fc 3F020000 	 .word 575
 601 0900 40020000 	 .word 576
 602 0904 41020000 	 .word 577
 603 0908 42020000 	 .word 578
 604 090c 43020000 	 .word 579
 605 0910 44020000 	 .word 580
 606 0914 45020000 	 .word 581
 607 0918 46020000 	 .word 582
 608 091c 47020000 	 .word 583
 609 0920 48020000 	 .word 584
 610 0924 49020000 	 .word 585
 611 0928 4A020000 	 .word 586
 612 092c 4B020000 	 .word 587
 613 0930 4C020000 	 .word 588
 614 0934 4D020000 	 .word 589
 615 0938 4E020000 	 .word 590
 616 093c 4F020000 	 .word 591
 617 0940 50020000 	 .word 592
 618 0944 51020000 	 .word 593
 619 0948 52020000 	 .word 594
 620 094c 53020000 	 .word 595
 621 0950 54020000 	 .word 596
 622 0954 55020000 	 .word 597
 623 0958 56020000 	 .word 598
 624 095c 57020000 	 .word 599
 625 0960 58020000 	 .word 600
 626 0964 59020000 	 .word 601
 627 0968 5A020000 	 .word 602
 628 096c 5B020000 	 .word 603
 629 0970 5C020000 	 .word 604
 630 0974 5D020000 	 .word 605
 631 0978 5E020000 	 .word 606
 632 097c 5F020000 	 .word 607
 633 0980 60020000 	 .word 608
 634 0984 61020000 	 .word 609
 635 0988 62020000 	 .word 610
 636 098c 63020000 	 .word 611
 637 0990 64020000 	 .word 612
 638 0994 65020000 	 .word 613
 639 0998 66020000 	 .word 614
 640 099c 67020000 	 .word 615
 641 09a0 68020000 	 .word 616
 642 09a4 69020000 	 .word 617
 643 09a8 6A020000 	 .word 618
 644 09ac 6B020000 	 .word 619
 645 09b0 6C020000 	 .word 620
 646 09b4 6D020000 	 .word 621
 647 09b8 6E020000 	 .word 622
 648 09bc 6F020000 	 .word 623
 649 09c0 70020000 	 .word 624
 650 09c4 71020000 	 .word 625
 651 09c8 72020000 	 .word 626
 652 09cc 73020000 	 .word 627
 653 09d0 74020000 	 .word 628
 654 09d4 75020000 	 .word 629
 655 09d8 76020000 	 .word 630
 656 09dc 77020000 	 .word 631
 657 09e0 78020000 	 .word 632
 658 09e4 79020000 	 .word 633
 659 09e8 7A020000 	 .word 634
 660 09ec 7B020000 	 .word 635
 661 09f0 7C020000 	 .word 636
 662 09f4 7D020000 	 .word 637
 663 09f8 7E020000 	 .word 638
 664 09fc 7F020000 	 .word 639
 665 0a00 80020000 	 .word 640
 666 0a04 81020000 	 .word 641
 667 0a08 82020000 	 .word 642
 668 0a0c 83020000 	 .word 643
 669 0a10 84020000 	 .word 644
 670 0a14 85020000 	 .word 645
 671 0a18 86020000 	 .word 646
 672 0a1c 87020000 	 .word 647
 673 0a20 88020000 	 .word 648
 674 0a24 89020000 	 .word 649
 675 0a28 8A020000 	 .word 650
 676 0a2c 8B020000 	 .word 651
 677 0a30 8C020000 	 .word 652
 678 0a34 8D020000 	 .word 653
 679 0a38 8E020000 	 .word 654
 680 0a3c 8F020000 	 .word 655
 681 0a40 90020000 	 .word 656
 682 0a44 91020000 	 .word 657
 683 0a48 92020000 	 .word 658
 684 0a4c 93020000 	 .word 659
 685 0a50 94020000 	 .word 660
 686 0a54 95020000 	 .word 661
 687 0a58 96020000 	 .word 662
 688 0a5c 97020000 	 .word 663
 689 0a60 98020000 	 .word 664
 690 0a64 99020000 	 .word 665
 691 0a68 9A020000 	 .word 666
 692 0a6c 9B020000 	 .word 667
 693 0a70 9C020000 	 .word 668
 694 0a74 9D020000 	 .word 669
 695 0a78 9E020000 	 .word 670
 696 0a7c 9F020000 	 .word 671
 697 0a80 A0020000 	 .word 672
 698 0a84 A1020000 	 .word 673
 699 0a88 A2020000 	 .word 674
 700 0a8c A3020000 	 .word 675
 701 0a90 A4020000 	 .word 676
 702 0a94 A5020000 	 .word 677
 703 0a98 A6020000 	 .word 678
 704 0a9c A7020000 	 .word 679
 705 0aa0 A8020000 	 .word 680
 706 0aa4 A9020000 	 .word 681
 707 0aa8 AA020000 	 .word 682
 708 0aac AB020000 	 .word 683
 709 0ab0 AC020000 	 .word 684
 710 0ab4 AD020000 	 .word 685
 711 0ab8 AE020000 	 .word 686
 712 0abc AF020000 	 .word 687
 713 0ac0 B0020000 	 .word 688
 714 0ac4 B1020000 	 .word 689
 715 0ac8 B2020000 	 .word 690
 716 0acc B3020000 	 .word 691
 717 0ad0 B4020000 	 .word 692
 718 0ad4 B5020000 	 .word 693
 719 0ad8 B6020000 	 .word 694
 720 0adc B7020000 	 .word 695
 721 0ae0 B8020000 	 .word 696
 722 0ae4 B9020000 	 .word 697
 723 0ae8 BA020000 	 .word 698
 724 0aec BB020000 	 .word 699
 725 0af0 BC020000 	 .word 700
 726 0af4 BD020000 	 .word 701
 727 0af8 BE020000 	 .word 702
 728 0afc BF020000 	 .word 703
 729 0b00 C0020000 	 .word 704
 730 0b04 C1020000 	 .word 705
 731 0b08 C2020000 	 .word 706
 732 0b0c C3020000 	 .word 707
 733 0b10 C4020000 	 .word 708
 734 0b14 C5020000 	 .word 709
 735 0b18 C6020000 	 .word 710
 736 0b1c C7020000 	 .word 711
 737 0b20 C8020000 	 .word 712
 738 0b24 C9020000 	 .word 713
 739 0b28 CA020000 	 .word 714
 740 0b2c CB020000 	 .word 715
 741 0b30 CC020000 	 .word 716
 742 0b34 CD020000 	 .word 717
 743 0b38 CE020000 	 .word 718
 744 0b3c CF020000 	 .word 719
 745 0b40 D0020000 	 .word 720
 746 0b44 D1020000 	 .word 721
 747 0b48 D2020000 	 .word 722
 748 0b4c D3020000 	 .word 723
 749 0b50 D4020000 	 .word 724
 750 0b54 D5020000 	 .word 725
 751 0b58 D6020000 	 .word 726
 752 0b5c D7020000 	 .word 727
 753 0b60 D8020000 	 .word 728
 754 0b64 D9020000 	 .word 729
 755 0b68 DA020000 	 .word 730
 756 0b6c DB020000 	 .word 731
 757 0b70 DC020000 	 .word 732
 758 0b74 DD020000 	 .word 733
 759 0b78 DE020000 	 .word 734
 760 0b7c DF020000 	 .word 735
 761 0b80 E0020000 	 .word 736
 762 0b84 E1020000 	 .word 737
 763 0b88 E2020000 	 .word 738
 764 0b8c E3020000 	 .word 739
 765 0b90 E4020000 	 .word 740
 766 0b94 E5020000 	 .word 741
 767 0b98 E6020000 	 .word 742
 768 0b9c E7020000 	 .word 743
 769 0ba0 E8020000 	 .word 744
 770 0ba4 E9020000 	 .word 745
 771 0ba8 EA020000 	 .word 746
 772 0bac EB020000 	 .word 747
 773 0bb0 EC020000 	 .word 748
 774 0bb4 ED020000 	 .word 749
 775 0bb8 EE020000 	 .word 750
 776 0bbc EF020000 	 .word 751
 777 0bc0 F0020000 	 .word 752
 778 0bc4 F1020000 	 .word 753
 779 0bc8 F2020000 	 .word 754
 780 0bcc F3020000 	 .word 755
 781 0bd0 F4020000 	 .word 756
 782 0bd4 F5020000 	 .word 757
 783 0bd8 F6020000 	 .word 758
 784 0bdc F7020000 	 .word 759
 785 0be0 F8020000 	 .word 760
 786 0be4 F9020000 	 .word 761
 787 0be8 FA020000 	 .word 762
 788 0bec FB020000 	 .word 763
 789 0bf0 FC020000 	 .word 764
 790 0bf4 FD020000 	 .word 765
 791 0bf8 FE020000 	 .word 766
 792 0bfc FF020000 	 .word 767
 793 0c00 00030000 	 .word 768
 794 0c04 01030000 	 .word 769
 795 0c08 02030000 	 .word 770
 796 0c0c 03030000 	 .word 771
 797 0c10 04030000 	 .word 772
 798 0c14 05030000 	 .word 773
 799 0c18 06030000 	 .word 774
 800 0c1c 07030000 	 .word 775
 801 0c20 08030000 	 .word 776
 802 0c24 09030000 	 .word 777
 803 0c28 0A030000 	 .word 778
 804 0c2c 0B030000 	 .word 779
 805 0c30 0C030000 	 .word 780
 806 0c34 0D030000 	 .word 781
 807 0c38 0E030000 	 .word 782
 808 0c3c 0F030000 	 .word 783
 809 0c40 10030000 	 .word 784
 810 0c44 11030000 	 .word 785
 811 0c48 12030000 	 .word 786
 812 0c4c 13030000 	 .word 787
 813 0c50 14030000 	 .word 788
 814 0c54 15030000 	 .word 789
 815 0c58 16030000 	 .word 790
 816 0c5c 17030000 	 .word 791
 817 0c60 18030000 	 .word 792
 818 0c64 19030000 	 .word 793
 819 0c68 1A030000 	 .word 794
 820 0c6c 1B030000 	 .word 795
 821 0c70 1C030000 	 .word 796
 822 0c74 1D030000 	 .word 797
 823 0c78 1E030000 	 .word 798
 824 0c7c 1F030000 	 .word 799
 825 0c80 20030000 	 .word 800
 826 0c84 21030000 	 .word 801
 827 0c88 22030000 	 .word 802
 828 0c8c 23030000 	 .word 803
 829 0c90 24030000 	 .word 804
 830 0c94 25030000 	 .word 805
 831 0c98 26030000 	 .word 806
 832 0c9c 27030000 	 .word 807
 833 0ca0 28030000 	 .word 808
 834 0ca4 29030000 	 .word 809
 835 0ca8 2A030000 	 .word 810
 836 0cac 2B030000 	 .word 811
 837 0cb0 2C030000 	 .word 812
 838 0cb4 2D030000 	 .word 813
 839 0cb8 2E030000 	 .word 814
 840 0cbc 2F030000 	 .word 815
 841 0cc0 30030000 	 .word 816
 842 0cc4 31030000 	 .word 817
 843 0cc8 32030000 	 .word 818
 844 0ccc 33030000 	 .word 819
 845 0cd0 34030000 	 .word 820
 846 0cd4 35030000 	 .word 821
 847 0cd8 36030000 	 .word 822
 848 0cdc 37030000 	 .word 823
 849 0ce0 38030000 	 .word 824
 850 0ce4 39030000 	 .word 825
 851 0ce8 3A030000 	 .word 826
 852 0cec 3B030000 	 .word 827
 853 0cf0 3C030000 	 .word 828
 854 0cf4 3D030000 	 .word 829
 855 0cf8 3E030000 	 .word 830
 856 0cfc 3F030000 	 .word 831
 857 0d00 40030000 	 .word 832
 858 0d04 41030000 	 .word 833
 859 0d08 42030000 	 .word 834
 860 0d0c 43030000 	 .word 835
 861 0d10 44030000 	 .word 836
 862 0d14 45030000 	 .word 837
 863 0d18 46030000 	 .word 838
 864 0d1c 47030000 	 .word 839
 865 0d20 48030000 	 .word 840
 866 0d24 49030000 	 .word 841
 867 0d28 4A030000 	 .word 842
 868 0d2c 4B030000 	 .word 843
 869 0d30 4C030000 	 .word 844
 870 0d34 4D030000 	 .word 845
 871 0d38 4E030000 	 .word 846
 872 0d3c 4F030000 	 .word 847
 873 0d40 50030000 	 .word 848
 874 0d44 51030000 	 .word 849
 875 0d48 52030000 	 .word 850
 876 0d4c 53030000 	 .word 851
 877 0d50 54030000 	 .word 852
 878 0d54 55030000 	 .word 853
 879 0d58 56030000 	 .word 854
 880 0d5c 57030000 	 .word 855
 881 0d60 58030000 	 .word 856
 882 0d64 59030000 	 .word 857
 883 0d68 5A030000 	 .word 858
 884 0d6c 5B030000 	 .word 859
 885 0d70 5C030000 	 .word 860
 886 0d74 5D030000 	 .word 861
 887 0d78 5E030000 	 .word 862
 888 0d7c 5F030000 	 .word 863
 889 0d80 60030000 	 .word 864
 890 0d84 61030000 	 .word 865
 891 0d88 62030000 	 .word 866
 892 0d8c 63030000 	 .word 867
 893 0d90 64030000 	 .word 868
 894 0d94 65030000 	 .word 869
 895 0d98 66030000 	 .word 870
 896 0d9c 67030000 	 .word 871
 897 0da0 68030000 	 .word 872
 898 0da4 69030000 	 .word 873
 899 0da8 6A030000 	 .word 874
 900 0dac 6B030000 	 .word 875
 901 0db0 6C030000 	 .word 876
 902 0db4 6D030000 	 .word 877
 903 0db8 6E030000 	 .word 878
 904 0dbc 6F030000 	 .word 879
 905 0dc0 70030000 	 .word 880
 906 0dc4 71030000 	 .word 881
 907 0dc8 72030000 	 .word 882
 908 0dcc 73030000 	 .word 883
 909 0dd0 74030000 	 .word 884
 910 0dd4 75030000 	 .word 885
 911 0dd8 76030000 	 .word 886
 912 0ddc 77030000 	 .word 887
 913 0de0 78030000 	 .word 888
 914 0de4 79030000 	 .word 889
 915 0de8 7A030000 	 .word 890
 916 0dec 7B030000 	 .word 891
 917 0df0 7C030000 	 .word 892
 918 0df4 7D030000 	 .word 893
 919 0df8 7E030000 	 .word 894
 920 0dfc 7F030000 	 .word 895
 921 0e00 80030000 	 .word 896
 922 0e04 81030000 	 .word 897
 923 0e08 82030000 	 .word 898
 924 0e0c 83030000 	 .word 899
 925 0e10 84030000 	 .word 900
 926 0e14 85030000 	 .word 901
 927 0e18 86030000 	 .word 902
 928 0e1c 87030000 	 .word 903
 929 0e20 88030000 	 .word 904
 930 0e24 89030000 	 .word 905
 931 0e28 8A030000 	 .word 906
 932 0e2c 8B030000 	 .word 907
 933 0e30 8C030000 	 .word 908
 934 0e34 8D030000 	 .word 909
 935 0e38 8E030000 	 .word 910
 936 0e3c 8F030000 	 .word 911
 937 0e40 90030000 	 .word 912
 938 0e44 91030000 	 .word 913
 939 0e48 92030000 	 .word 914
 940 0e4c 93030000 	 .word 915
 941 0e50 94030000 	 .word 916
 942 0e54 95030000 	 .word 917
 943 0e58 96030000 	 .word 918
 944 0e5c 97030000 	 .word 919
 945 0e60 98030000 	 .word 920
 946 0e64 99030000 	 .word 921
 947 0e68 9A030000 	 .word 922
 948 0e6c 9B030000 	 .word 923
 949 0e70 9C030000 	 .word 924
 950 0e74 9D030000 	 .word 925
 951 0e78 9E030000 	 .word 926
 952 0e7c 9F030000 	 .word 927
 953 0e80 A0030000 	 .word 928
 954 0e84 A1030000 	 .word 929
 955 0e88 A2030000 	 .word 930
 956 0e8c A3030000 	 .word 931
 957 0e90 A4030000 	 .word 932
 958 0e94 A5030000 	 .word 933
 959 0e98 A6030000 	 .word 934
 960 0e9c A7030000 	 .word 935
 961 0ea0 A8030000 	 .word 936
 962 0ea4 A9030000 	 .word 937
 963 0ea8 AA030000 	 .word 938
 964 0eac AB030000 	 .word 939
 965 0eb0 AC030000 	 .word 940
 966 0eb4 AD030000 	 .word 941
 967 0eb8 AE030000 	 .word 942
 968 0ebc AF030000 	 .word 943
 969 0ec0 B0030000 	 .word 944
 970 0ec4 B1030000 	 .word 945
 971 0ec8 B2030000 	 .word 946
 972 0ecc B3030000 	 .word 947
 973 0ed0 B4030000 	 .word 948
 974 0ed4 B5030000 	 .word 949
 975 0ed8 B6030000 	 .word 950
 976 0edc B7030000 	 .word 951
 977 0ee0 B8030000 	 .word 952
 978 0ee4 B9030000 	 .word 953
 979 0ee8 BA030000 	 .word 954
 980 0eec BB030000 	 .word 955
 981 0ef0 BC030000 	 .word 956
 982 0ef4 BD030000 	 .word 957
 983 0ef8 BE030000 	 .word 958
 984 0efc BF030000 	 .word 959
 985 0f00 C0030000 	 .word 960
 986 0f04 C1030000 	 .word 961
 987 0f08 C2030000 	 .word 962
 988 0f0c C3030000 	 .word 963
 989 0f10 C4030000 	 .word 964
 990 0f14 C5030000 	 .word 965
 991 0f18 C6030000 	 .word 966
 992 0f1c C7030000 	 .word 967
 993 0f20 C8030000 	 .word 968
 994 0f24 C9030000 	 .word 969
 995 0f28 CA030000 	 .word 970
 996 0f2c CB030000 	 .word 971
 997 0f30 CC030000 	 .word 972
 998 0f34 CD030000 	 .word 973
 999 0f38 CE030000 	 .word 974
 1000 0f3c CF030000 	 .word 975
 1001 0f40 D0030000 	 .word 976
 1002 0f44 D1030000 	 .word 977
 1003 0f48 D2030000 	 .word 978
 1004 0f4c D3030000 	 .word 979
 1005 0f50 D4030000 	 .word 980
 1006 0f54 D5030000 	 .word 981
 1007 0f58 D6030000 	 .word 982
 1008 0f5c D7030000 	 .word 983
 1009 0f60 D8030000 	 .word 984
 1010 0f64 D9030000 	 .word 985
 1011 0f68 DA030000 	 .word 986
 1012 0f6c DB030000 	 .word 987
 1013 0f70 DC030000 	 .word 988
 1014 0f74 DD030000 	 .word 989
 1015 0f78 DE030000 	 .word 990
 1016 0f7c DF030000 	 .word 991
 1017 0f80 E0030000 	 .word 992
 1018 0f84 E1030000 	 .word 993
 1019 0f88 E2030000 	 .word 994
 1020 0f8c E3030000 	 .word 995
 1021 0f90 E4030000 	 .word 996
 1022 0f94 E5030000 	 .word 997
 1023 0f98 E6030000 	 .word 998
 1024 0f9c E7030000 	 .word 999
 1025 0fa0 E8030000 	 .word 1000
 1026 0fa4 E9030000 	 .word 1001
 1027 0fa8 EA030000 	 .word 1002
 1028 0fac EB030000 	 .word 1003
 1029 0fb0 EC030000 	 .word 1004
 1030 0fb4 ED030000 	 .word 1005
 1031 0fb8 EE030000 	 .word 1006
 1032 0fbc EF030000 	 .word 1007
 1033 0fc0 F0030000 	 .word 1008
 1034 0fc4 F1030000 	 .word 1009
 1035 0fc8 F2030000 	 .word 1010
 1036 0fcc F3030000 	 .word 1011
 1037 0fd0 F4030000 	 .word 1012
 1038 0fd4 F5030000 	 .word 1013
 1039 0fd8 F6030000 	 .word 1014
 1040 0fdc F7030000 	 .word 1015
 1041 0fe0 F8030000 	 .word 1016
 1042 0fe4 F9030000 	 .word 1017
 1043 0fe8 FA030000 	 .word 1018
 1044 0fec FB030000 	 .word 1019
 1045 0ff0 FC030000 	 .word 1020
 1046 0ff4 FD030000 	 .word 1021
 1047 0ff8 FE030000 	 .word 1022
 1048 0ffc FF030000 	 .word 1023
 1049              	 .comm dst_data,4096,4
 1050              	 .global src_ptr
 1051              	 .section .data.src_ptr,"aw",%progbits
 1052              	 .align 2
 1055              	src_ptr:
 1056 0000 00000000 	 .word src_data
 1057              	 .global dst_ptr
 1058              	 .section .data.dst_ptr,"aw",%progbits
 1059              	 .align 2
 1062              	dst_ptr:
 1063 0000 00000000 	 .word dst_data
 1064              	 .comm t1,4,4
 1065              	 .comm t2,4,4
 1066              	 .comm calib_time,4,4
 1067              	 .comm delta,4,4
 1068              	 .section .text.systick_start,"ax",%progbits
 1069              	 .align 2
 1070              	 .thumb
 1071              	 .thumb_func
 1073              	systick_start:
 1074              	.LFB161:
 1075              	 .file 1 "../main.c"
   1:../main.c     **** /*
   2:../main.c     ****  * main.c
   3:../main.c     ****  *
   4:../main.c     ****  *  Created on: 2024 Aug 27 22:53:15
   5:../main.c     ****  *  Author: admin
   6:../main.c     ****  */
   7:../main.c     **** 
   8:../main.c     **** 
   9:../main.c     **** 
  10:../main.c     **** 
  11:../main.c     **** #include "DAVE.h"                 //Declarations from DAVE Code Generation (includes SFR declaratio
  12:../main.c     **** #include "string.h"
  13:../main.c     **** 
  14:../main.c     **** #include <stdint.h>
  15:../main.c     **** 
  16:../main.c     **** // source array in flash
  17:../main.c     **** const uint32_t src_data[1024] = {
  18:../main.c     ****     0, 1, 2, 3, 4, 5, 6, 7, 8, 9, 10, 11, 12, 13, 14, 15,
  19:../main.c     ****     16, 17, 18, 19, 20, 21, 22, 23, 24, 25, 26, 27, 28, 29, 30, 31,
  20:../main.c     ****     32, 33, 34, 35, 36, 37, 38, 39, 40, 41, 42, 43, 44, 45, 46, 47,
  21:../main.c     ****     48, 49, 50, 51, 52, 53, 54, 55, 56, 57, 58, 59, 60, 61, 62, 63,
  22:../main.c     ****     64, 65, 66, 67, 68, 69, 70, 71, 72, 73, 74, 75, 76, 77, 78, 79,
  23:../main.c     ****     80, 81, 82, 83, 84, 85, 86, 87, 88, 89, 90, 91, 92, 93, 94, 95,
  24:../main.c     ****     96, 97, 98, 99, 100, 101, 102, 103, 104, 105, 106, 107, 108, 109, 110, 111,
  25:../main.c     ****     112, 113, 114, 115, 116, 117, 118, 119, 120, 121, 122, 123, 124, 125, 126, 127,
  26:../main.c     ****     128, 129, 130, 131, 132, 133, 134, 135, 136, 137, 138, 139, 140, 141, 142, 143,
  27:../main.c     ****     144, 145, 146, 147, 148, 149, 150, 151, 152, 153, 154, 155, 156, 157, 158, 159,
  28:../main.c     ****     160, 161, 162, 163, 164, 165, 166, 167, 168, 169, 170, 171, 172, 173, 174, 175,
  29:../main.c     ****     176, 177, 178, 179, 180, 181, 182, 183, 184, 185, 186, 187, 188, 189, 190, 191,
  30:../main.c     ****     192, 193, 194, 195, 196, 197, 198, 199, 200, 201, 202, 203, 204, 205, 206, 207,
  31:../main.c     ****     208, 209, 210, 211, 212, 213, 214, 215, 216, 217, 218, 219, 220, 221, 222, 223,
  32:../main.c     ****     224, 225, 226, 227, 228, 229, 230, 231, 232, 233, 234, 235, 236, 237, 238, 239,
  33:../main.c     ****     240, 241, 242, 243, 244, 245, 246, 247, 248, 249, 250, 251, 252, 253, 254, 255,
  34:../main.c     ****     256, 257, 258, 259, 260, 261, 262, 263, 264, 265, 266, 267, 268, 269, 270, 271,
  35:../main.c     ****     272, 273, 274, 275, 276, 277, 278, 279, 280, 281, 282, 283, 284, 285, 286, 287,
  36:../main.c     ****     288, 289, 290, 291, 292, 293, 294, 295, 296, 297, 298, 299, 300, 301, 302, 303,
  37:../main.c     ****     304, 305, 306, 307, 308, 309, 310, 311, 312, 313, 314, 315, 316, 317, 318, 319,
  38:../main.c     ****     320, 321, 322, 323, 324, 325, 326, 327, 328, 329, 330, 331, 332, 333, 334, 335,
  39:../main.c     ****     336, 337, 338, 339, 340, 341, 342, 343, 344, 345, 346, 347, 348, 349, 350, 351,
  40:../main.c     ****     352, 353, 354, 355, 356, 357, 358, 359, 360, 361, 362, 363, 364, 365, 366, 367,
  41:../main.c     ****     368, 369, 370, 371, 372, 373, 374, 375, 376, 377, 378, 379, 380, 381, 382, 383,
  42:../main.c     ****     384, 385, 386, 387, 388, 389, 390, 391, 392, 393, 394, 395, 396, 397, 398, 399,
  43:../main.c     ****     400, 401, 402, 403, 404, 405, 406, 407, 408, 409, 410, 411, 412, 413, 414, 415,
  44:../main.c     ****     416, 417, 418, 419, 420, 421, 422, 423, 424, 425, 426, 427, 428, 429, 430, 431,
  45:../main.c     ****     432, 433, 434, 435, 436, 437, 438, 439, 440, 441, 442, 443, 444, 445, 446, 447,
  46:../main.c     ****     448, 449, 450, 451, 452, 453, 454, 455, 456, 457, 458, 459, 460, 461, 462, 463,
  47:../main.c     ****     464, 465, 466, 467, 468, 469, 470, 471, 472, 473, 474, 475, 476, 477, 478, 479,
  48:../main.c     ****     480, 481, 482, 483, 484, 485, 486, 487, 488, 489, 490, 491, 492, 493, 494, 495,
  49:../main.c     ****     496, 497, 498, 499, 500, 501, 502, 503, 504, 505, 506, 507, 508, 509, 510, 511,
  50:../main.c     ****     512, 513, 514, 515, 516, 517, 518, 519, 520, 521, 522, 523, 524, 525, 526, 527,
  51:../main.c     ****     528, 529, 530, 531, 532, 533, 534, 535, 536, 537, 538, 539, 540, 541, 542, 543,
  52:../main.c     ****     544, 545, 546, 547, 548, 549, 550, 551, 552, 553, 554, 555, 556, 557, 558, 559,
  53:../main.c     ****     560, 561, 562, 563, 564, 565, 566, 567, 568, 569, 570, 571, 572, 573, 574, 575,
  54:../main.c     ****     576, 577, 578, 579, 580, 581, 582, 583, 584, 585, 586, 587, 588, 589, 590, 591,
  55:../main.c     ****     592, 593, 594, 595, 596, 597, 598, 599, 600, 601, 602, 603, 604, 605, 606, 607,
  56:../main.c     ****     608, 609, 610, 611, 612, 613, 614, 615, 616, 617, 618, 619, 620, 621, 622, 623,
  57:../main.c     ****     624, 625, 626, 627, 628, 629, 630, 631, 632, 633, 634, 635, 636, 637, 638, 639,
  58:../main.c     ****     640, 641, 642, 643, 644, 645, 646, 647, 648, 649, 650, 651, 652, 653, 654, 655,
  59:../main.c     ****     656, 657, 658, 659, 660, 661, 662, 663, 664, 665, 666, 667, 668, 669, 670, 671,
  60:../main.c     ****     672, 673, 674, 675, 676, 677, 678, 679, 680, 681, 682, 683, 684, 685, 686, 687,
  61:../main.c     ****     688, 689, 690, 691, 692, 693, 694, 695, 696, 697, 698, 699, 700, 701, 702, 703,
  62:../main.c     ****     704, 705, 706, 707, 708, 709, 710, 711, 712, 713, 714, 715, 716, 717, 718, 719,
  63:../main.c     ****     720, 721, 722, 723, 724, 725, 726, 727, 728, 729, 730, 731, 732, 733, 734, 735,
  64:../main.c     ****     736, 737, 738, 739, 740, 741, 742, 743, 744, 745, 746, 747, 748, 749, 750, 751,
  65:../main.c     ****     752, 753, 754, 755, 756, 757, 758, 759, 760, 761, 762, 763, 764, 765, 766, 767,
  66:../main.c     ****     768, 769, 770, 771, 772, 773, 774, 775, 776, 777, 778, 779, 780, 781, 782, 783,
  67:../main.c     ****     784, 785, 786, 787, 788, 789, 790, 791, 792, 793, 794, 795, 796, 797, 798, 799,
  68:../main.c     ****     800, 801, 802, 803, 804, 805, 806, 807, 808, 809, 810, 811, 812, 813, 814, 815,
  69:../main.c     ****     816, 817, 818, 819, 820, 821, 822, 823, 824, 825, 826, 827, 828, 829, 830, 831,
  70:../main.c     ****     832, 833, 834, 835, 836, 837, 838, 839, 840, 841, 842, 843, 844, 845, 846, 847,
  71:../main.c     ****     848, 849, 850, 851, 852, 853, 854, 855, 856, 857, 858, 859, 860, 861, 862, 863,
  72:../main.c     ****     864, 865, 866, 867, 868, 869, 870, 871, 872, 873, 874, 875, 876, 877, 878, 879,
  73:../main.c     ****     880, 881, 882, 883, 884, 885, 886, 887, 888, 889, 890, 891, 892, 893, 894, 895,
  74:../main.c     ****     896, 897, 898, 899, 900, 901, 902, 903, 904, 905, 906, 907, 908, 909, 910, 911,
  75:../main.c     ****     912, 913, 914, 915, 916, 917, 918, 919, 920, 921, 922, 923, 924, 925, 926, 927,
  76:../main.c     ****     928, 929, 930, 931, 932, 933, 934, 935, 936, 937, 938, 939, 940, 941, 942, 943,
  77:../main.c     ****     944, 945, 946, 947, 948, 949, 950, 951, 952, 953, 954, 955, 956, 957, 958, 959,
  78:../main.c     ****     960, 961, 962, 963, 964, 965, 966, 967, 968, 969, 970, 971, 972, 973, 974, 975,
  79:../main.c     ****     976, 977, 978, 979, 980, 981, 982, 983, 984, 985, 986, 987, 988, 989, 990, 991,
  80:../main.c     ****     992, 993, 994, 995, 996, 997, 998, 999, 1000, 1001, 1002, 1003, 1004, 1005, 1006, 1007,
  81:../main.c     ****     1008, 1009, 1010, 1011, 1012, 1013, 1014, 1015, 1016, 1017, 1018, 1019, 1020, 1021, 1022, 1023
  82:../main.c     **** };
  83:../main.c     **** 
  84:../main.c     **** //destination array in sram
  85:../main.c     **** uint32_t dst_data[1024];
  86:../main.c     **** 
  87:../main.c     **** //source pointer , from src_data[0] transmit
  88:../main.c     **** uint32_t *src_ptr =(uint32_t*)&src_data[0];
  89:../main.c     **** 
  90:../main.c     **** //destination pointer, transmit to dst_data from dst_data[0]
  91:../main.c     **** uint32_t *dst_ptr =&dst_data[0];
  92:../main.c     **** 
  93:../main.c     **** //measurement of time
  94:../main.c     **** uint32_t t1;
  95:../main.c     **** uint32_t t2;
  96:../main.c     **** uint32_t calib_time;
  97:../main.c     **** uint32_t delta;
  98:../main.c     **** 
  99:../main.c     **** __STATIC_INLINE uint32_t systick_start(void)
 100:../main.c     **** {
 1076              	 .loc 1 100 0
 1077              	 .cfi_startproc
 1078              	 
 1079              	 
 1080              	 
 1081 0000 80B4     	 push {r7}
 1082              	.LCFI0:
 1083              	 .cfi_def_cfa_offset 4
 1084              	 .cfi_offset 7,-4
 1085 0002 00AF     	 add r7,sp,#0
 1086              	.LCFI1:
 1087              	 .cfi_def_cfa_register 7
 101:../main.c     **** 	SysTick->LOAD = SysTick_LOAD_RELOAD_Msk -1;
 1088              	 .loc 1 101 0
 1089 0004 084B     	 ldr r3,.L3
 1090 0006 094A     	 ldr r2,.L3+4
 1091 0008 5A60     	 str r2,[r3,#4]
 102:../main.c     **** 	SysTick->VAL = 0;
 1092              	 .loc 1 102 0
 1093 000a 074B     	 ldr r3,.L3
 1094 000c 0022     	 movs r2,#0
 1095 000e 9A60     	 str r2,[r3,#8]
 103:../main.c     **** 	SysTick->CTRL =SysTick_CTRL_CLKSOURCE_Msk | SysTick_CTRL_ENABLE_Msk;
 1096              	 .loc 1 103 0
 1097 0010 054B     	 ldr r3,.L3
 1098 0012 0522     	 movs r2,#5
 1099 0014 1A60     	 str r2,[r3]
 104:../main.c     **** 	__NOP();
 1100              	 .loc 1 104 0
 1101              	
 1102 0016 00BF     	 nop
 1103              	
 105:../main.c     **** 	return ((uint32_t)SysTick->VAL);
 1104              	 .loc 1 105 0
 1105              	 .thumb
 1106 0018 034B     	 ldr r3,.L3
 1107 001a 9B68     	 ldr r3,[r3,#8]
 106:../main.c     **** }
 1108              	 .loc 1 106 0
 1109 001c 1846     	 mov r0,r3
 1110 001e BD46     	 mov sp,r7
 1111              	.LCFI2:
 1112              	 .cfi_def_cfa_register 13
 1113              	 
 1114 0020 5DF8047B 	 ldr r7,[sp],#4
 1115              	.LCFI3:
 1116              	 .cfi_restore 7
 1117              	 .cfi_def_cfa_offset 0
 1118 0024 7047     	 bx lr
 1119              	.L4:
 1120 0026 00BF     	 .align 2
 1121              	.L3:
 1122 0028 10E000E0 	 .word -536813552
 1123 002c FEFFFF00 	 .word 16777214
 1124              	 .cfi_endproc
 1125              	.LFE161:
 1127              	 .section .text.systick_stop,"ax",%progbits
 1128              	 .align 2
 1129              	 .thumb
 1130              	 .thumb_func
 1132              	systick_stop:
 1133              	.LFB162:
 107:../main.c     **** 
 108:../main.c     **** __STATIC_INLINE uint32_t systick_stop(void)
 109:../main.c     **** {
 1134              	 .loc 1 109 0
 1135              	 .cfi_startproc
 1136              	 
 1137              	 
 1138              	 
 1139 0000 80B4     	 push {r7}
 1140              	.LCFI4:
 1141              	 .cfi_def_cfa_offset 4
 1142              	 .cfi_offset 7,-4
 1143 0002 00AF     	 add r7,sp,#0
 1144              	.LCFI5:
 1145              	 .cfi_def_cfa_register 7
 110:../main.c     **** 	SysTick->CTRL &= ~SysTick_CTRL_ENABLE_Msk;
 1146              	 .loc 1 110 0
 1147 0004 064A     	 ldr r2,.L7
 1148 0006 064B     	 ldr r3,.L7
 1149 0008 1B68     	 ldr r3,[r3]
 1150 000a 23F00103 	 bic r3,r3,#1
 1151 000e 1360     	 str r3,[r2]
 111:../main.c     **** 	return ((uint32_t)SysTick->VAL);
 1152              	 .loc 1 111 0
 1153 0010 034B     	 ldr r3,.L7
 1154 0012 9B68     	 ldr r3,[r3,#8]
 112:../main.c     **** }
 1155              	 .loc 1 112 0
 1156 0014 1846     	 mov r0,r3
 1157 0016 BD46     	 mov sp,r7
 1158              	.LCFI6:
 1159              	 .cfi_def_cfa_register 13
 1160              	 
 1161 0018 5DF8047B 	 ldr r7,[sp],#4
 1162              	.LCFI7:
 1163              	 .cfi_restore 7
 1164              	 .cfi_def_cfa_offset 0
 1165 001c 7047     	 bx lr
 1166              	.L8:
 1167 001e 00BF     	 .align 2
 1168              	.L7:
 1169 0020 10E000E0 	 .word -536813552
 1170              	 .cfi_endproc
 1171              	.LFE162:
 1173              	 .section .text.main,"ax",%progbits
 1174              	 .align 2
 1175              	 .global main
 1176              	 .thumb
 1177              	 .thumb_func
 1179              	main:
 1180              	.LFB163:
 113:../main.c     **** /**
 114:../main.c     **** 
 115:../main.c     ****  * @brief main() - Application entry point
 116:../main.c     ****  *
 117:../main.c     ****  * <b>Details of function</b><br>
 118:../main.c     ****  * This routine is the application entry point. It is invoked by the device startup code. It is res
 119:../main.c     ****  * invoking the APP initialization dispatcher routine - DAVE_Init() and hosting the place-holder fo
 120:../main.c     ****  * code.
 121:../main.c     ****  */
 122:../main.c     **** 
 123:../main.c     **** int main(void)
 124:../main.c     **** {
 1181              	 .loc 1 124 0
 1182              	 .cfi_startproc
 1183              	 
 1184              	 
 1185 0000 80B5     	 push {r7,lr}
 1186              	.LCFI8:
 1187              	 .cfi_def_cfa_offset 8
 1188              	 .cfi_offset 7,-8
 1189              	 .cfi_offset 14,-4
 1190 0002 82B0     	 sub sp,sp,#8
 1191              	.LCFI9:
 1192              	 .cfi_def_cfa_offset 16
 1193 0004 00AF     	 add r7,sp,#0
 1194              	.LCFI10:
 1195              	 .cfi_def_cfa_register 7
 125:../main.c     ****   DAVE_STATUS_t status;
 126:../main.c     **** 
 127:../main.c     ****   status = DAVE_Init();           /* Initialization of DAVE APPs  */
 1196              	 .loc 1 127 0
 1197 0006 FFF7FEFF 	 bl DAVE_Init
 1198 000a 0346     	 mov r3,r0
 1199 000c FB71     	 strb r3,[r7,#7]
 128:../main.c     **** 
 129:../main.c     ****   if (status != DAVE_STATUS_SUCCESS)
 1200              	 .loc 1 129 0
 1201 000e FB79     	 ldrb r3,[r7,#7]
 1202 0010 002B     	 cmp r3,#0
 1203 0012 00D0     	 beq .L10
 1204              	.L11:
 130:../main.c     ****   {
 131:../main.c     ****     /* Placeholder for error handler code. The while loop below can be replaced with an user error 
 132:../main.c     ****     XMC_DEBUG("DAVE APPs initialization failed\n");
 133:../main.c     **** 
 134:../main.c     ****     while(1U)
 135:../main.c     ****     {
 136:../main.c     **** 
 137:../main.c     ****     }
 1205              	 .loc 1 137 0 discriminator 1
 1206 0014 FEE7     	 b .L11
 1207              	.L10:
 138:../main.c     ****   }
 139:../main.c     **** 
 140:../main.c     ****   /* Placeholder for user application code. The while loop below can be replaced with user applicat
 141:../main.c     ****  t1 = systick_start();
 1208              	 .loc 1 141 0
 1209 0016 FFF7FEFF 	 bl systick_start
 1210 001a 0246     	 mov r2,r0
 1211 001c 164B     	 ldr r3,.L13
 1212 001e 1A60     	 str r2,[r3]
 142:../main.c     ****  t2 = systick_stop();
 1213              	 .loc 1 142 0
 1214 0020 FFF7FEFF 	 bl systick_stop
 1215 0024 0246     	 mov r2,r0
 1216 0026 154B     	 ldr r3,.L13+4
 1217 0028 1A60     	 str r2,[r3]
 143:../main.c     ****  calib_time = t1 -t2;
 1218              	 .loc 1 143 0
 1219 002a 134B     	 ldr r3,.L13
 1220 002c 1A68     	 ldr r2,[r3]
 1221 002e 134B     	 ldr r3,.L13+4
 1222 0030 1B68     	 ldr r3,[r3]
 1223 0032 D31A     	 subs r3,r2,r3
 1224 0034 124A     	 ldr r2,.L13+8
 1225 0036 1360     	 str r3,[r2]
 144:../main.c     **** 
 145:../main.c     **** 
 146:../main.c     ****  t1 = systick_start();
 1226              	 .loc 1 146 0
 1227 0038 FFF7FEFF 	 bl systick_start
 1228 003c 0246     	 mov r2,r0
 1229 003e 0E4B     	 ldr r3,.L13
 1230 0040 1A60     	 str r2,[r3]
 147:../main.c     **** 
 148:../main.c     ****  //without DMA , with CPU 33071
 149:../main.c     ****  memcpy(dst_ptr,src_ptr,sizeof(src_data));
 1231              	 .loc 1 149 0
 1232 0042 104B     	 ldr r3,.L13+12
 1233 0044 1A68     	 ldr r2,[r3]
 1234 0046 104B     	 ldr r3,.L13+16
 1235 0048 1B68     	 ldr r3,[r3]
 1236 004a 1046     	 mov r0,r2
 1237 004c 1946     	 mov r1,r3
 1238 004e 4FF48052 	 mov r2,#4096
 1239 0052 FFF7FEFF 	 bl memcpy
 150:../main.c     **** 
 151:../main.c     ****  t2 = systick_stop();
 1240              	 .loc 1 151 0
 1241 0056 FFF7FEFF 	 bl systick_stop
 1242 005a 0246     	 mov r2,r0
 1243 005c 074B     	 ldr r3,.L13+4
 1244 005e 1A60     	 str r2,[r3]
 152:../main.c     ****  delta = t1 - t2 -calib_time;
 1245              	 .loc 1 152 0
 1246 0060 054B     	 ldr r3,.L13
 1247 0062 1A68     	 ldr r2,[r3]
 1248 0064 054B     	 ldr r3,.L13+4
 1249 0066 1B68     	 ldr r3,[r3]
 1250 0068 D21A     	 subs r2,r2,r3
 1251 006a 054B     	 ldr r3,.L13+8
 1252 006c 1B68     	 ldr r3,[r3]
 1253 006e D31A     	 subs r3,r2,r3
 1254 0070 064A     	 ldr r2,.L13+20
 1255 0072 1360     	 str r3,[r2]
 1256              	.L12:
 153:../main.c     ****   while(1U)
 154:../main.c     ****   {
 155:../main.c     **** 
 156:../main.c     ****   }
 1257              	 .loc 1 156 0 discriminator 2
 1258 0074 FEE7     	 b .L12
 1259              	.L14:
 1260 0076 00BF     	 .align 2
 1261              	.L13:
 1262 0078 00000000 	 .word t1
 1263 007c 00000000 	 .word t2
 1264 0080 00000000 	 .word calib_time
 1265 0084 00000000 	 .word dst_ptr
 1266 0088 00000000 	 .word src_ptr
 1267 008c 00000000 	 .word delta
 1268              	 .cfi_endproc
 1269              	.LFE163:
 1271              	 .text
 1272              	.Letext0:
 1273              	 .file 2 "c:\\infineon\\tools\\dave ide\\4.5.0.202105191637\\eclipse\\arm-gcc-49\\arm-none-eabi\\include\\machine\\_default_types.h"
 1274              	 .file 3 "c:\\infineon\\tools\\dave ide\\4.5.0.202105191637\\eclipse\\arm-gcc-49\\arm-none-eabi\\include\\stdint.h"
 1275              	 .file 4 "C:/work_mari/XMC4800/common-tasks/DMA/Libraries/CMSIS/Include/core_cm4.h"
 1276              	 .file 5 "C:/work_mari/XMC4800/common-tasks/DMA/Dave/Generated/DAVE.h"
 1277              	 .file 6 "C:/work_mari/XMC4800/common-tasks/DMA/Libraries/CMSIS/Include/cmsis_gcc.h"
DEFINED SYMBOLS
                            *ABS*:00000000 main.c
    {standard input}:24     .rodata.src_data:00000000 src_data
    {standard input}:21     .rodata.src_data:00000000 $d
                            *COM*:00001000 dst_data
    {standard input}:1055   .data.src_ptr:00000000 src_ptr
    {standard input}:1052   .data.src_ptr:00000000 $d
    {standard input}:1062   .data.dst_ptr:00000000 dst_ptr
    {standard input}:1059   .data.dst_ptr:00000000 $d
                            *COM*:00000004 t1
                            *COM*:00000004 t2
                            *COM*:00000004 calib_time
                            *COM*:00000004 delta
    {standard input}:1069   .text.systick_start:00000000 $t
    {standard input}:1073   .text.systick_start:00000000 systick_start
    {standard input}:1122   .text.systick_start:00000028 $d
    {standard input}:1128   .text.systick_stop:00000000 $t
    {standard input}:1132   .text.systick_stop:00000000 systick_stop
    {standard input}:1169   .text.systick_stop:00000020 $d
    {standard input}:1174   .text.main:00000000 $t
    {standard input}:1179   .text.main:00000000 main
    {standard input}:1262   .text.main:00000078 $d
                     .debug_frame:00000010 $d

UNDEFINED SYMBOLS
DAVE_Init
memcpy
