   1              	 .syntax unified
   2              	 .cpu cortex-m4
   3              	 .eabi_attribute 27,3
   4              	 .fpu fpv4-sp-d16
   5              	 .eabi_attribute 20,1
   6              	 .eabi_attribute 21,1
   7              	 .eabi_attribute 23,3
   8              	 .eabi_attribute 24,1
   9              	 .eabi_attribute 25,1
  10              	 .eabi_attribute 26,1
  11              	 .eabi_attribute 30,6
  12              	 .eabi_attribute 34,1
  13              	 .eabi_attribute 18,4
  14              	 .thumb
  15              	 .file "main.c"
  16              	 .text
  17              	.Ltext0:
  18              	 .cfi_sections .debug_frame
  19              	 .global Send_Data
  20              	 .section .data.Send_Data,"aw",%progbits
  23              	Send_Data:
  24 0000 69       	 .byte 105
  25              	 .comm Rec_Data,1,1
  26              	 .section .text.main,"ax",%progbits
  27              	 .align 2
  28              	 .global main
  29              	 .thumb
  30              	 .thumb_func
  32              	main:
  33              	.LFB306:
  34              	 .file 1 "../main.c"
   1:../main.c     ****  /*
   2:../main.c     ****  * main.c
   3:../main.c     ****  *
   4:../main.c     ****  *  Created on: 2024 Aug 28 21:57:04
   5:../main.c     ****  *  Author: admin
   6:../main.c     ****  */
   7:../main.c     **** 
   8:../main.c     **** 
   9:../main.c     **** 
  10:../main.c     **** 
  11:../main.c     **** #include "DAVE.h"                 //Declarations from DAVE Code Generation (includes SFR declaratio
  12:../main.c     ****   uint8_t Send_Data =0X69;
  13:../main.c     ****   uint8_t Rec_Data;
  14:../main.c     **** /**
  15:../main.c     **** 
  16:../main.c     ****  * @brief main() - Application entry point
  17:../main.c     ****  *
  18:../main.c     ****  * <b>Details of function</b><br>
  19:../main.c     ****  * This routine is the application entry point. It is invoked by the device startup code. It is res
  20:../main.c     ****  * invoking the APP initialization dispatcher routine - DAVE_Init() and hosting the place-holder fo
  21:../main.c     ****  * code.
  22:../main.c     ****  */
  23:../main.c     **** 
  24:../main.c     **** int main(void)
  25:../main.c     **** {
  35              	 .loc 1 25 0
  36              	 .cfi_startproc
  37              	 
  38              	 
  39 0000 80B5     	 push {r7,lr}
  40              	.LCFI0:
  41              	 .cfi_def_cfa_offset 8
  42              	 .cfi_offset 7,-8
  43              	 .cfi_offset 14,-4
  44 0002 82B0     	 sub sp,sp,#8
  45              	.LCFI1:
  46              	 .cfi_def_cfa_offset 16
  47 0004 00AF     	 add r7,sp,#0
  48              	.LCFI2:
  49              	 .cfi_def_cfa_register 7
  26:../main.c     ****   DAVE_STATUS_t status;
  27:../main.c     **** 
  28:../main.c     ****   status = DAVE_Init();           /* Initialization of DAVE APPs  */
  50              	 .loc 1 28 0
  51 0006 FFF7FEFF 	 bl DAVE_Init
  52 000a 0346     	 mov r3,r0
  53 000c FB71     	 strb r3,[r7,#7]
  29:../main.c     **** 
  30:../main.c     ****   uint8_t ReadData;
  31:../main.c     ****   if (status != DAVE_STATUS_SUCCESS)
  54              	 .loc 1 31 0
  55 000e FB79     	 ldrb r3,[r7,#7]
  56 0010 002B     	 cmp r3,#0
  57 0012 00D0     	 beq .L2
  58              	.L3:
  32:../main.c     ****   {
  33:../main.c     ****     /* Placeholder for error handler code. The while loop below can be replaced with an user error 
  34:../main.c     ****     XMC_DEBUG("DAVE APPs initialization failed\n");
  35:../main.c     **** 
  36:../main.c     ****     while(1U)
  37:../main.c     ****     {
  38:../main.c     **** 
  39:../main.c     ****     }
  59              	 .loc 1 39 0 discriminator 1
  60 0014 FEE7     	 b .L3
  61              	.L2:
  40:../main.c     ****   }
  41:../main.c     **** 
  42:../main.c     ****   /* Placeholder for user application code. The while loop below can be replaced with user applicat
  43:../main.c     ****   while(1U)
  44:../main.c     ****   {
  45:../main.c     **** 	  /************** separate (tx and rx)*****************/
  46:../main.c     **** 	 // SPI_SLAVE_Receive(&SPI_SLAVE_0, ReadData, 1);
  47:../main.c     **** 	 // SPI_SLAVE_Transmit(&SPI_SLAVE_0, ReadData, 1);
  48:../main.c     **** 
  49:../main.c     **** 	  /************** both (tx and rx)*****************/
  50:../main.c     **** 	  SPI_SLAVE_Transfer(&SPI_SLAVE_0,&Send_Data,&Rec_Data,1);
  62              	 .loc 1 50 0 discriminator 1
  63 0016 0348     	 ldr r0,.L4
  64 0018 0349     	 ldr r1,.L4+4
  65 001a 044A     	 ldr r2,.L4+8
  66 001c 0123     	 movs r3,#1
  67 001e FFF7FEFF 	 bl SPI_SLAVE_Transfer
  51:../main.c     **** 
  52:../main.c     ****   }
  68              	 .loc 1 52 0 discriminator 1
  69 0022 F8E7     	 b .L2
  70              	.L5:
  71              	 .align 2
  72              	.L4:
  73 0024 00000000 	 .word SPI_SLAVE_0
  74 0028 00000000 	 .word Send_Data
  75 002c 00000000 	 .word Rec_Data
  76              	 .cfi_endproc
  77              	.LFE306:
  79              	 .text
  80              	.Letext0:
  81              	 .file 2 "c:\\infineon\\tools\\dave ide\\4.5.0.202105191637\\eclipse\\arm-gcc-49\\arm-none-eabi\\include\\machine\\_default_types.h"
  82              	 .file 3 "c:\\infineon\\tools\\dave ide\\4.5.0.202105191637\\eclipse\\arm-gcc-49\\arm-none-eabi\\include\\stdint.h"
  83              	 .file 4 "C:/work_mari/XMC4800/common-tasks/SPI_Slave/Libraries/XMCLib/inc/xmc_gpio.h"
  84              	 .file 5 "C:/work_mari/XMC4800/common-tasks/SPI_Slave/Libraries/XMCLib/inc/xmc4_gpio.h"
  85              	 .file 6 "C:/work_mari/XMC4800/common-tasks/SPI_Slave/Libraries/XMCLib/inc/xmc_usic.h"
  86              	 .file 7 "C:/work_mari/XMC4800/common-tasks/SPI_Slave/Libraries/XMCLib/inc/xmc_spi.h"
  87              	 .file 8 "C:/work_mari/XMC4800/common-tasks/SPI_Slave/Dave/Generated/SPI_SLAVE/spi_slave.h"
  88              	 .file 9 "C:/work_mari/XMC4800/common-tasks/SPI_Slave/Dave/Generated/DAVE.h"
  89              	 .file 10 "C:/work_mari/XMC4800/common-tasks/SPI_Slave/Libraries/CMSIS/Include/cmsis_gcc.h"
  90              	 .file 11 "C:/work_mari/XMC4800/common-tasks/SPI_Slave/Libraries/CMSIS/Include/core_cm4.h"
  91              	 .file 12 "C:/work_mari/XMC4800/common-tasks/SPI_Slave/Libraries/CMSIS/Infineon/XMC4800_series/Include/system_XMC4800.h"
  92              	 .file 13 "C:/work_mari/XMC4800/common-tasks/SPI_Slave/Dave/Generated/SPI_SLAVE/spi_slave_extern.h"
DEFINED SYMBOLS
                            *ABS*:00000000 main.c
    {standard input}:23     .data.Send_Data:00000000 Send_Data
                            *COM*:00000001 Rec_Data
    {standard input}:27     .text.main:00000000 $t
    {standard input}:32     .text.main:00000000 main
    {standard input}:73     .text.main:00000024 $d
                     .debug_frame:00000010 $d

UNDEFINED SYMBOLS
DAVE_Init
SPI_SLAVE_Transfer
SPI_SLAVE_0
