   1              	 .syntax unified
   2              	 .cpu cortex-m4
   3              	 .eabi_attribute 27,3
   4              	 .fpu fpv4-sp-d16
   5              	 .eabi_attribute 20,1
   6              	 .eabi_attribute 21,1
   7              	 .eabi_attribute 23,3
   8              	 .eabi_attribute 24,1
   9              	 .eabi_attribute 25,1
  10              	 .eabi_attribute 26,1
  11              	 .eabi_attribute 30,6
  12              	 .eabi_attribute 34,1
  13              	 .eabi_attribute 18,4
  14              	 .thumb
  15              	 .file "dma_ch.c"
  16              	 .text
  17              	.Ltext0:
  18              	 .cfi_sections .debug_frame
  19              	 .section .text.DMA_CH_GetAppVersion,"ax",%progbits
  20              	 .align 2
  21              	 .global DMA_CH_GetAppVersion
  22              	 .thumb
  23              	 .thumb_func
  25              	DMA_CH_GetAppVersion:
  26              	.LFB161:
  27              	 .file 1 "../Dave/Generated/DMA_CH/dma_ch.c"
   1:../Dave/Generated/DMA_CH/dma_ch.c **** 
   2:../Dave/Generated/DMA_CH/dma_ch.c **** /**
   3:../Dave/Generated/DMA_CH/dma_ch.c ****  * @file dma_ch.c
   4:../Dave/Generated/DMA_CH/dma_ch.c ****  * @date 2015-11-12
   5:../Dave/Generated/DMA_CH/dma_ch.c ****  *
   6:../Dave/Generated/DMA_CH/dma_ch.c ****  * NOTE:
   7:../Dave/Generated/DMA_CH/dma_ch.c ****  * This file is generated by DAVE. Any manual modification done to this file will be lost when the 
   8:../Dave/Generated/DMA_CH/dma_ch.c ****  *
   9:../Dave/Generated/DMA_CH/dma_ch.c ****  * @cond
  10:../Dave/Generated/DMA_CH/dma_ch.c ****  **************************************************************************************************
  11:../Dave/Generated/DMA_CH/dma_ch.c ****  * DMA_CH v4.1.10 - Perform single and multi-block data transfer using the GPDMA module
  12:../Dave/Generated/DMA_CH/dma_ch.c ****  *
  13:../Dave/Generated/DMA_CH/dma_ch.c ****  * Copyright (c) 2015-2020, Infineon Technologies AG
  14:../Dave/Generated/DMA_CH/dma_ch.c ****  * All rights reserved.
  15:../Dave/Generated/DMA_CH/dma_ch.c ****  *
  16:../Dave/Generated/DMA_CH/dma_ch.c ****  * Redistribution and use in source and binary forms, with or without modification,are permitted pr
  17:../Dave/Generated/DMA_CH/dma_ch.c ****  * following conditions are met:
  18:../Dave/Generated/DMA_CH/dma_ch.c ****  *
  19:../Dave/Generated/DMA_CH/dma_ch.c ****  *   Redistributions of source code must retain the above copyright notice, this list of conditions
  20:../Dave/Generated/DMA_CH/dma_ch.c ****  *   disclaimer.
  21:../Dave/Generated/DMA_CH/dma_ch.c ****  *
  22:../Dave/Generated/DMA_CH/dma_ch.c ****  *   Redistributions in binary form must reproduce the above copyright notice, this list of conditi
  23:../Dave/Generated/DMA_CH/dma_ch.c ****  *   following disclaimer in the documentation and/or other materials provided with the distributio
  24:../Dave/Generated/DMA_CH/dma_ch.c ****  *
  25:../Dave/Generated/DMA_CH/dma_ch.c ****  *   Neither the name of the copyright holders nor the names of its contributors may be used to end
  26:../Dave/Generated/DMA_CH/dma_ch.c ****  *   products derived from this software without specific prior written permission.
  27:../Dave/Generated/DMA_CH/dma_ch.c ****  *
  28:../Dave/Generated/DMA_CH/dma_ch.c ****  * THIS SOFTWARE IS PROVIDED BY THE COPYRIGHT HOLDERS AND CONTRIBUTORS "AS IS" AND ANY EXPRESS OR I
  29:../Dave/Generated/DMA_CH/dma_ch.c ****  * INCLUDING, BUT NOT LIMITED TO, THE IMPLIED WARRANTIES OF MERCHANTABILITY AND FITNESS FOR A PARTI
  30:../Dave/Generated/DMA_CH/dma_ch.c ****  * DISCLAIMED. IN NO EVENT SHALL THE COPYRIGHT HOLDER OR CONTRIBUTORS BE LIABLE  FOR ANY DIRECT, IN
  31:../Dave/Generated/DMA_CH/dma_ch.c ****  * SPECIAL, EXEMPLARY, OR CONSEQUENTIAL DAMAGES (INCLUDING, BUT NOT LIMITED TO, PROCUREMENT OF SUBS
  32:../Dave/Generated/DMA_CH/dma_ch.c ****  * SERVICES; LOSS OF USE, DATA, OR PROFITS; OR BUSINESS INTERRUPTION) HOWEVER CAUSED AND ON ANY THE
  33:../Dave/Generated/DMA_CH/dma_ch.c ****  * WHETHER IN CONTRACT, STRICT LIABILITY,OR TORT (INCLUDING NEGLIGENCE OR OTHERWISE) ARISING IN ANY
  34:../Dave/Generated/DMA_CH/dma_ch.c ****  * USE OF THIS SOFTWARE, EVEN IF ADVISED OF THE POSSIBILITY OF SUCH DAMAGE.
  35:../Dave/Generated/DMA_CH/dma_ch.c ****  *
  36:../Dave/Generated/DMA_CH/dma_ch.c ****  * To improve the quality of the software, users are encouraged to share modifications, enhancement
  37:../Dave/Generated/DMA_CH/dma_ch.c ****  * with Infineon Technologies AG (dave@infineon.com).
  38:../Dave/Generated/DMA_CH/dma_ch.c ****  **************************************************************************************************
  39:../Dave/Generated/DMA_CH/dma_ch.c ****  *
  40:../Dave/Generated/DMA_CH/dma_ch.c ****  * Change History
  41:../Dave/Generated/DMA_CH/dma_ch.c ****  * --------------
  42:../Dave/Generated/DMA_CH/dma_ch.c ****  *
  43:../Dave/Generated/DMA_CH/dma_ch.c ****  * 2015-02-20:
  44:../Dave/Generated/DMA_CH/dma_ch.c ****  *     - Initial version <br>
  45:../Dave/Generated/DMA_CH/dma_ch.c ****  *
  46:../Dave/Generated/DMA_CH/dma_ch.c ****  * 2015-04-15:
  47:../Dave/Generated/DMA_CH/dma_ch.c ****  *     - Handle src/dst address updates with new APIs in DMA LLD <br>
  48:../Dave/Generated/DMA_CH/dma_ch.c ****  *     - Documentation updates <br>
  49:../Dave/Generated/DMA_CH/dma_ch.c ****  *
  50:../Dave/Generated/DMA_CH/dma_ch.c ****  * 2015-05-20:
  51:../Dave/Generated/DMA_CH/dma_ch.c ****  *     - Some of the functions are now static inline <br>
  52:../Dave/Generated/DMA_CH/dma_ch.c ****  *     - Type changes in formal arguments <br>
  53:../Dave/Generated/DMA_CH/dma_ch.c ****  *
  54:../Dave/Generated/DMA_CH/dma_ch.c ****  * 2015-06-20:
  55:../Dave/Generated/DMA_CH/dma_ch.c ****  *     - Renamed Channelconfiguration to reload <br>
  56:../Dave/Generated/DMA_CH/dma_ch.c ****  * 2015-11-12:
  57:../Dave/Generated/DMA_CH/dma_ch.c ****  *     - Updated the DMA_CH_Init() to support the event call back registration and enable events co
  58:../Dave/Generated/DMA_CH/dma_ch.c ****  * @endcond
  59:../Dave/Generated/DMA_CH/dma_ch.c ****  */
  60:../Dave/Generated/DMA_CH/dma_ch.c ****  
  61:../Dave/Generated/DMA_CH/dma_ch.c **** /**************************************************************************************************
  62:../Dave/Generated/DMA_CH/dma_ch.c ****  * HEADER FILES
  63:../Dave/Generated/DMA_CH/dma_ch.c ****  **************************************************************************************************
  64:../Dave/Generated/DMA_CH/dma_ch.c **** 
  65:../Dave/Generated/DMA_CH/dma_ch.c **** #include "dma_ch.h"
  66:../Dave/Generated/DMA_CH/dma_ch.c **** #include "dma_ch_conf.h"
  67:../Dave/Generated/DMA_CH/dma_ch.c **** 
  68:../Dave/Generated/DMA_CH/dma_ch.c **** /**************************************************************************************************
  69:../Dave/Generated/DMA_CH/dma_ch.c ****  * MACROS
  70:../Dave/Generated/DMA_CH/dma_ch.c ****  **************************************************************************************************
  71:../Dave/Generated/DMA_CH/dma_ch.c **** 
  72:../Dave/Generated/DMA_CH/dma_ch.c **** /**************************************************************************************************
  73:../Dave/Generated/DMA_CH/dma_ch.c ****  * LOCAL DATA
  74:../Dave/Generated/DMA_CH/dma_ch.c ****  **************************************************************************************************
  75:../Dave/Generated/DMA_CH/dma_ch.c **** 
  76:../Dave/Generated/DMA_CH/dma_ch.c **** /**************************************************************************************************
  77:../Dave/Generated/DMA_CH/dma_ch.c ****  * LOCAL ROUTINES
  78:../Dave/Generated/DMA_CH/dma_ch.c ****  **************************************************************************************************
  79:../Dave/Generated/DMA_CH/dma_ch.c **** 
  80:../Dave/Generated/DMA_CH/dma_ch.c **** /**************************************************************************************************
  81:../Dave/Generated/DMA_CH/dma_ch.c ****  * API IMPLEMENTATION
  82:../Dave/Generated/DMA_CH/dma_ch.c ****  **************************************************************************************************
  83:../Dave/Generated/DMA_CH/dma_ch.c **** 
  84:../Dave/Generated/DMA_CH/dma_ch.c **** /* Retrieve the version of the DMA_CH App */
  85:../Dave/Generated/DMA_CH/dma_ch.c **** DAVE_APP_VERSION_t DMA_CH_GetAppVersion(void)
  86:../Dave/Generated/DMA_CH/dma_ch.c **** {
  28              	 .loc 1 86 0
  29              	 .cfi_startproc
  30              	 
  31              	 
  32              	 
  33 0000 80B4     	 push {r7}
  34              	.LCFI0:
  35              	 .cfi_def_cfa_offset 4
  36              	 .cfi_offset 7,-4
  37 0002 83B0     	 sub sp,sp,#12
  38              	.LCFI1:
  39              	 .cfi_def_cfa_offset 16
  40 0004 00AF     	 add r7,sp,#0
  41              	.LCFI2:
  42              	 .cfi_def_cfa_register 7
  87:../Dave/Generated/DMA_CH/dma_ch.c ****   DAVE_APP_VERSION_t version;
  88:../Dave/Generated/DMA_CH/dma_ch.c **** 
  89:../Dave/Generated/DMA_CH/dma_ch.c ****   version.major = DMA_CH_MAJOR_VERSION;
  43              	 .loc 1 89 0
  44 0006 0423     	 movs r3,#4
  45 0008 3B70     	 strb r3,[r7]
  90:../Dave/Generated/DMA_CH/dma_ch.c ****   version.minor = DMA_CH_MINOR_VERSION;
  46              	 .loc 1 90 0
  47 000a 0123     	 movs r3,#1
  48 000c 7B70     	 strb r3,[r7,#1]
  91:../Dave/Generated/DMA_CH/dma_ch.c ****   version.patch = DMA_CH_PATCH_VERSION;
  49              	 .loc 1 91 0
  50 000e 0A23     	 movs r3,#10
  51 0010 BB70     	 strb r3,[r7,#2]
  92:../Dave/Generated/DMA_CH/dma_ch.c **** 
  93:../Dave/Generated/DMA_CH/dma_ch.c ****   return version;
  52              	 .loc 1 93 0
  53 0012 3B1D     	 adds r3,r7,#4
  54 0014 3A46     	 mov r2,r7
  55 0016 1268     	 ldr r2,[r2]
  56 0018 1146     	 mov r1,r2
  57 001a 1980     	 strh r1,[r3]
  58 001c 0233     	 adds r3,r3,#2
  59 001e 120C     	 lsrs r2,r2,#16
  60 0020 1A70     	 strb r2,[r3]
  61 0022 0023     	 movs r3,#0
  62 0024 3A79     	 ldrb r2,[r7,#4]
  63 0026 62F30703 	 bfi r3,r2,#0,#8
  64 002a 7A79     	 ldrb r2,[r7,#5]
  65 002c 62F30F23 	 bfi r3,r2,#8,#8
  66 0030 BA79     	 ldrb r2,[r7,#6]
  67 0032 62F31743 	 bfi r3,r2,#16,#8
  94:../Dave/Generated/DMA_CH/dma_ch.c **** }
  68              	 .loc 1 94 0
  69 0036 1846     	 mov r0,r3
  70 0038 0C37     	 adds r7,r7,#12
  71              	.LCFI3:
  72              	 .cfi_def_cfa_offset 4
  73 003a BD46     	 mov sp,r7
  74              	.LCFI4:
  75              	 .cfi_def_cfa_register 13
  76              	 
  77 003c 5DF8047B 	 ldr r7,[sp],#4
  78              	.LCFI5:
  79              	 .cfi_restore 7
  80              	 .cfi_def_cfa_offset 0
  81 0040 7047     	 bx lr
  82              	 .cfi_endproc
  83              	.LFE161:
  85 0042 00BF     	 .section .text.DMA_CH_Init,"ax",%progbits
  86              	 .align 2
  87              	 .global DMA_CH_Init
  88              	 .thumb
  89              	 .thumb_func
  91              	DMA_CH_Init:
  92              	.LFB162:
  95:../Dave/Generated/DMA_CH/dma_ch.c **** 
  96:../Dave/Generated/DMA_CH/dma_ch.c **** /* DMA_CH initialization function */
  97:../Dave/Generated/DMA_CH/dma_ch.c **** DMA_CH_STATUS_t DMA_CH_Init(DMA_CH_t *const obj)
  98:../Dave/Generated/DMA_CH/dma_ch.c **** {
  93              	 .loc 1 98 0
  94              	 .cfi_startproc
  95              	 
  96              	 
  97 0000 80B5     	 push {r7,lr}
  98              	.LCFI6:
  99              	 .cfi_def_cfa_offset 8
 100              	 .cfi_offset 7,-8
 101              	 .cfi_offset 14,-4
 102 0002 84B0     	 sub sp,sp,#16
 103              	.LCFI7:
 104              	 .cfi_def_cfa_offset 24
 105 0004 00AF     	 add r7,sp,#0
 106              	.LCFI8:
 107              	 .cfi_def_cfa_register 7
 108 0006 7860     	 str r0,[r7,#4]
  99:../Dave/Generated/DMA_CH/dma_ch.c ****   DMA_CH_STATUS_t status;
 100:../Dave/Generated/DMA_CH/dma_ch.c **** 
 101:../Dave/Generated/DMA_CH/dma_ch.c ****   XMC_ASSERT("DMA_CH_Init: NULL DMA_CH_t object", (obj != NULL));
 102:../Dave/Generated/DMA_CH/dma_ch.c **** 
 103:../Dave/Generated/DMA_CH/dma_ch.c ****   /* This cannot possibly fail! */
 104:../Dave/Generated/DMA_CH/dma_ch.c ****   GLOBAL_DMA_Init(obj->dma_global);
 109              	 .loc 1 104 0
 110 0008 7B68     	 ldr r3,[r7,#4]
 111 000a 1B68     	 ldr r3,[r3]
 112 000c 1846     	 mov r0,r3
 113 000e FFF7FEFF 	 bl GLOBAL_DMA_Init
 105:../Dave/Generated/DMA_CH/dma_ch.c **** 
 106:../Dave/Generated/DMA_CH/dma_ch.c ****   if (XMC_DMA_CH_Init(obj->dma_global->dma, obj->ch_num, &obj->config->ch_config) == XMC_DMA_CH_STA
 114              	 .loc 1 106 0
 115 0012 7B68     	 ldr r3,[r7,#4]
 116 0014 1B68     	 ldr r3,[r3]
 117 0016 1968     	 ldr r1,[r3]
 118 0018 7B68     	 ldr r3,[r7,#4]
 119 001a 1A7B     	 ldrb r2,[r3,#12]
 120 001c 7B68     	 ldr r3,[r7,#4]
 121 001e 5B68     	 ldr r3,[r3,#4]
 122 0020 0846     	 mov r0,r1
 123 0022 1146     	 mov r1,r2
 124 0024 1A46     	 mov r2,r3
 125 0026 FFF7FEFF 	 bl XMC_DMA_CH_Init
 126 002a 0346     	 mov r3,r0
 127 002c 002B     	 cmp r3,#0
 128 002e 25D1     	 bne .L4
 107:../Dave/Generated/DMA_CH/dma_ch.c ****   {
 108:../Dave/Generated/DMA_CH/dma_ch.c **** 	if(obj->config->events)
 129              	 .loc 1 108 0
 130 0030 7B68     	 ldr r3,[r7,#4]
 131 0032 5B68     	 ldr r3,[r3,#4]
 132 0034 9B6A     	 ldr r3,[r3,#40]
 133 0036 002B     	 cmp r3,#0
 134 0038 19D0     	 beq .L5
 109:../Dave/Generated/DMA_CH/dma_ch.c **** 	{
 110:../Dave/Generated/DMA_CH/dma_ch.c **** 		XMC_DMA_CH_EnableEvent(obj->dma_global->dma, obj->ch_num, obj->config->events);
 135              	 .loc 1 110 0
 136 003a 7B68     	 ldr r3,[r7,#4]
 137 003c 1B68     	 ldr r3,[r3]
 138 003e 1968     	 ldr r1,[r3]
 139 0040 7B68     	 ldr r3,[r7,#4]
 140 0042 1A7B     	 ldrb r2,[r3,#12]
 141 0044 7B68     	 ldr r3,[r7,#4]
 142 0046 5B68     	 ldr r3,[r3,#4]
 143 0048 9B6A     	 ldr r3,[r3,#40]
 144 004a 0846     	 mov r0,r1
 145 004c 1146     	 mov r1,r2
 146 004e 1A46     	 mov r2,r3
 147 0050 FFF7FEFF 	 bl XMC_DMA_CH_EnableEvent
 111:../Dave/Generated/DMA_CH/dma_ch.c **** 		XMC_DMA_CH_SetEventHandler(obj->dma_global->dma, obj->ch_num, obj->config->callback);
 148              	 .loc 1 111 0
 149 0054 7B68     	 ldr r3,[r7,#4]
 150 0056 1B68     	 ldr r3,[r3]
 151 0058 1968     	 ldr r1,[r3]
 152 005a 7B68     	 ldr r3,[r7,#4]
 153 005c 1A7B     	 ldrb r2,[r3,#12]
 154 005e 7B68     	 ldr r3,[r7,#4]
 155 0060 5B68     	 ldr r3,[r3,#4]
 156 0062 5B6A     	 ldr r3,[r3,#36]
 157 0064 0846     	 mov r0,r1
 158 0066 1146     	 mov r1,r2
 159 0068 1A46     	 mov r2,r3
 160 006a FFF7FEFF 	 bl XMC_DMA_CH_SetEventHandler
 161              	.L5:
 112:../Dave/Generated/DMA_CH/dma_ch.c **** 	}
 113:../Dave/Generated/DMA_CH/dma_ch.c ****     obj->reload(obj);
 162              	 .loc 1 113 0
 163 006e 7B68     	 ldr r3,[r7,#4]
 164 0070 9B68     	 ldr r3,[r3,#8]
 165 0072 7868     	 ldr r0,[r7,#4]
 166 0074 9847     	 blx r3
 114:../Dave/Generated/DMA_CH/dma_ch.c ****     status = DMA_CH_STATUS_SUCCESS;
 167              	 .loc 1 114 0
 168 0076 0023     	 movs r3,#0
 169 0078 FB73     	 strb r3,[r7,#15]
 170 007a 01E0     	 b .L6
 171              	.L4:
 115:../Dave/Generated/DMA_CH/dma_ch.c ****   }
 116:../Dave/Generated/DMA_CH/dma_ch.c ****   else
 117:../Dave/Generated/DMA_CH/dma_ch.c ****   {
 118:../Dave/Generated/DMA_CH/dma_ch.c ****     status = DMA_CH_STATUS_FAILURE;
 172              	 .loc 1 118 0
 173 007c 0123     	 movs r3,#1
 174 007e FB73     	 strb r3,[r7,#15]
 175              	.L6:
 119:../Dave/Generated/DMA_CH/dma_ch.c ****   }
 120:../Dave/Generated/DMA_CH/dma_ch.c **** 
 121:../Dave/Generated/DMA_CH/dma_ch.c ****   return status;
 176              	 .loc 1 121 0
 177 0080 FB7B     	 ldrb r3,[r7,#15]
 122:../Dave/Generated/DMA_CH/dma_ch.c **** }
 178              	 .loc 1 122 0
 179 0082 1846     	 mov r0,r3
 180 0084 1037     	 adds r7,r7,#16
 181              	.LCFI9:
 182              	 .cfi_def_cfa_offset 8
 183 0086 BD46     	 mov sp,r7
 184              	.LCFI10:
 185              	 .cfi_def_cfa_register 13
 186              	 
 187 0088 80BD     	 pop {r7,pc}
 188              	 .cfi_endproc
 189              	.LFE162:
 191 008a 00BF     	 .text
 192              	.Letext0:
 193              	 .file 2 "c:\\infineon\\tools\\dave ide\\4.5.0.202105191637\\eclipse\\arm-gcc-49\\arm-none-eabi\\include\\machine\\_default_types.h"
 194              	 .file 3 "c:\\infineon\\tools\\dave ide\\4.5.0.202105191637\\eclipse\\arm-gcc-49\\arm-none-eabi\\include\\stdint.h"
 195              	 .file 4 "C:/work_mari/XMC4800/common-tasks/DMA/Libraries/CMSIS/Infineon/XMC4800_series/Include/XMC4800.h"
 196              	 .file 5 "C:/work_mari/XMC4800/common-tasks/DMA/Libraries/XMCLib/inc/xmc_dma.h"
 197              	 .file 6 "C:/work_mari/XMC4800/common-tasks/DMA/Dave/Generated/DAVE_Common.h"
 198              	 .file 7 "C:/work_mari/XMC4800/common-tasks/DMA/Dave/Generated/GLOBAL_DMA/global_dma.h"
 199              	 .file 8 "../Dave/Generated/DMA_CH/dma_ch.h"
 200              	 .file 9 "C:/work_mari/XMC4800/common-tasks/DMA/Libraries/CMSIS/Include/cmsis_gcc.h"
 201              	 .file 10 "C:/work_mari/XMC4800/common-tasks/DMA/Libraries/CMSIS/Include/core_cm4.h"
DEFINED SYMBOLS
                            *ABS*:00000000 dma_ch.c
    {standard input}:20     .text.DMA_CH_GetAppVersion:00000000 $t
    {standard input}:25     .text.DMA_CH_GetAppVersion:00000000 DMA_CH_GetAppVersion
    {standard input}:86     .text.DMA_CH_Init:00000000 $t
    {standard input}:91     .text.DMA_CH_Init:00000000 DMA_CH_Init
                     .debug_frame:00000010 $d

UNDEFINED SYMBOLS
GLOBAL_DMA_Init
XMC_DMA_CH_Init
XMC_DMA_CH_EnableEvent
XMC_DMA_CH_SetEventHandler
