   1              	 .syntax unified
   2              	 .cpu cortex-m4
   3              	 .eabi_attribute 27,3
   4              	 .fpu fpv4-sp-d16
   5              	 .eabi_attribute 20,1
   6              	 .eabi_attribute 21,1
   7              	 .eabi_attribute 23,3
   8              	 .eabi_attribute 24,1
   9              	 .eabi_attribute 25,1
  10              	 .eabi_attribute 26,1
  11              	 .eabi_attribute 30,6
  12              	 .eabi_attribute 34,1
  13              	 .eabi_attribute 18,4
  14              	 .thumb
  15              	 .file "adc_measurement_adv_conf.c"
  16              	 .text
  17              	.Ltext0:
  18              	 .cfi_sections .debug_frame
  19              	 .section .text.ADC_MEASUREMENT_ADV_0_event_config,"ax",%progbits
  20              	 .align 2
  21              	 .thumb
  22              	 .thumb_func
  24              	ADC_MEASUREMENT_ADV_0_event_config:
  25              	.LFB270:
  26              	 .file 1 "../Dave/Generated/ADC_MEASUREMENT_ADV/adc_measurement_adv_conf.c"
   1:../Dave/Generated/ADC_MEASUREMENT_ADV/adc_measurement_adv_conf.c **** /**************************************************************************************************
   2:../Dave/Generated/ADC_MEASUREMENT_ADV/adc_measurement_adv_conf.c **** * DAVE APP Name : ADC_MEASUREMENT_ADV       APP Version: 4.0.20
   3:../Dave/Generated/ADC_MEASUREMENT_ADV/adc_measurement_adv_conf.c **** *
   4:../Dave/Generated/ADC_MEASUREMENT_ADV/adc_measurement_adv_conf.c **** * NOTE:
   5:../Dave/Generated/ADC_MEASUREMENT_ADV/adc_measurement_adv_conf.c **** * This file is generated by DAVE. Any manual modification done to this file will be lost when the c
   6:../Dave/Generated/ADC_MEASUREMENT_ADV/adc_measurement_adv_conf.c **** ***************************************************************************************************
   7:../Dave/Generated/ADC_MEASUREMENT_ADV/adc_measurement_adv_conf.c **** 
   8:../Dave/Generated/ADC_MEASUREMENT_ADV/adc_measurement_adv_conf.c **** /* @cond
   9:../Dave/Generated/ADC_MEASUREMENT_ADV/adc_measurement_adv_conf.c ****  **************************************************************************************************
  10:../Dave/Generated/ADC_MEASUREMENT_ADV/adc_measurement_adv_conf.c ****  *
  11:../Dave/Generated/ADC_MEASUREMENT_ADV/adc_measurement_adv_conf.c ****  * Copyright (c) 2015-2020, Infineon Technologies AG
  12:../Dave/Generated/ADC_MEASUREMENT_ADV/adc_measurement_adv_conf.c ****  * All rights reserved.
  13:../Dave/Generated/ADC_MEASUREMENT_ADV/adc_measurement_adv_conf.c ****  *
  14:../Dave/Generated/ADC_MEASUREMENT_ADV/adc_measurement_adv_conf.c ****  * Redistribution and use in source and binary forms, with or without modification,are permitted pr
  15:../Dave/Generated/ADC_MEASUREMENT_ADV/adc_measurement_adv_conf.c ****  * following conditions are met:
  16:../Dave/Generated/ADC_MEASUREMENT_ADV/adc_measurement_adv_conf.c ****  *
  17:../Dave/Generated/ADC_MEASUREMENT_ADV/adc_measurement_adv_conf.c ****  *   Redistributions of source code must retain the above copyright notice, this list of conditions
  18:../Dave/Generated/ADC_MEASUREMENT_ADV/adc_measurement_adv_conf.c ****  *   disclaimer.
  19:../Dave/Generated/ADC_MEASUREMENT_ADV/adc_measurement_adv_conf.c ****  *
  20:../Dave/Generated/ADC_MEASUREMENT_ADV/adc_measurement_adv_conf.c ****  *   Redistributions in binary form must reproduce the above copyright notice, this list of conditi
  21:../Dave/Generated/ADC_MEASUREMENT_ADV/adc_measurement_adv_conf.c ****  *   following disclaimer in the documentation and/or other materials provided with the distributio
  22:../Dave/Generated/ADC_MEASUREMENT_ADV/adc_measurement_adv_conf.c ****  *
  23:../Dave/Generated/ADC_MEASUREMENT_ADV/adc_measurement_adv_conf.c ****  *   Neither the name of the copyright holders nor the names of its contributors may be used to end
  24:../Dave/Generated/ADC_MEASUREMENT_ADV/adc_measurement_adv_conf.c ****  *   products derived from this software without specific prior written permission.
  25:../Dave/Generated/ADC_MEASUREMENT_ADV/adc_measurement_adv_conf.c ****  *
  26:../Dave/Generated/ADC_MEASUREMENT_ADV/adc_measurement_adv_conf.c ****  * THIS SOFTWARE IS PROVIDED BY THE COPYRIGHT HOLDERS AND CONTRIBUTORS "AS IS" AND ANY EXPRESS OR I
  27:../Dave/Generated/ADC_MEASUREMENT_ADV/adc_measurement_adv_conf.c ****  * INCLUDING, BUT NOT LIMITED TO, THE IMPLIED WARRANTIES OF MERCHANTABILITY AND FITNESS FOR A PARTI
  28:../Dave/Generated/ADC_MEASUREMENT_ADV/adc_measurement_adv_conf.c ****  * DISCLAIMED. IN NO EVENT SHALL THE COPYRIGHT HOLDER OR CONTRIBUTORS BE LIABLE  FOR ANY DIRECT, IN
  29:../Dave/Generated/ADC_MEASUREMENT_ADV/adc_measurement_adv_conf.c ****  * SPECIAL, EXEMPLARY, OR CONSEQUENTIAL DAMAGES (INCLUDING, BUT NOT LIMITED TO, PROCUREMENT OF SUBS
  30:../Dave/Generated/ADC_MEASUREMENT_ADV/adc_measurement_adv_conf.c ****  * SERVICES; LOSS OF USE, DATA, OR PROFITS; OR BUSINESS INTERRUPTION) HOWEVER CAUSED AND ON ANY THE
  31:../Dave/Generated/ADC_MEASUREMENT_ADV/adc_measurement_adv_conf.c ****  * WHETHER IN CONTRACT, STRICT LIABILITY,OR TORT (INCLUDING NEGLIGENCE OR OTHERWISE) ARISING IN ANY
  32:../Dave/Generated/ADC_MEASUREMENT_ADV/adc_measurement_adv_conf.c ****  * USE OF THIS SOFTWARE, EVEN IF ADVISED OF THE POSSIBILITY OF SUCH DAMAGE.
  33:../Dave/Generated/ADC_MEASUREMENT_ADV/adc_measurement_adv_conf.c ****  *
  34:../Dave/Generated/ADC_MEASUREMENT_ADV/adc_measurement_adv_conf.c ****  * To improve the quality of the software, users are encouraged to share modifications, enhancement
  35:../Dave/Generated/ADC_MEASUREMENT_ADV/adc_measurement_adv_conf.c ****  * with Infineon Technologies AG (dave@infineon.com).
  36:../Dave/Generated/ADC_MEASUREMENT_ADV/adc_measurement_adv_conf.c ****  **************************************************************************************************
  37:../Dave/Generated/ADC_MEASUREMENT_ADV/adc_measurement_adv_conf.c ****  *
  38:../Dave/Generated/ADC_MEASUREMENT_ADV/adc_measurement_adv_conf.c ****  * Change History
  39:../Dave/Generated/ADC_MEASUREMENT_ADV/adc_measurement_adv_conf.c ****  * --------------
  40:../Dave/Generated/ADC_MEASUREMENT_ADV/adc_measurement_adv_conf.c ****  *
  41:../Dave/Generated/ADC_MEASUREMENT_ADV/adc_measurement_adv_conf.c ****  * 2015-10-09:
  42:../Dave/Generated/ADC_MEASUREMENT_ADV/adc_measurement_adv_conf.c ****  *     - Initial version for DAVEv4.<BR>
  43:../Dave/Generated/ADC_MEASUREMENT_ADV/adc_measurement_adv_conf.c ****  *
  44:../Dave/Generated/ADC_MEASUREMENT_ADV/adc_measurement_adv_conf.c ****  * 2015-10-20:
  45:../Dave/Generated/ADC_MEASUREMENT_ADV/adc_measurement_adv_conf.c ****  *     - Documentation updated.<BR>
  46:../Dave/Generated/ADC_MEASUREMENT_ADV/adc_measurement_adv_conf.c ****  *
  47:../Dave/Generated/ADC_MEASUREMENT_ADV/adc_measurement_adv_conf.c ****  * 2015-12-15:
  48:../Dave/Generated/ADC_MEASUREMENT_ADV/adc_measurement_adv_conf.c ****  *     - Added support for XMC4300 devices.<BR>
  49:../Dave/Generated/ADC_MEASUREMENT_ADV/adc_measurement_adv_conf.c ****  *
  50:../Dave/Generated/ADC_MEASUREMENT_ADV/adc_measurement_adv_conf.c ****  * 2016-01-18:
  51:../Dave/Generated/ADC_MEASUREMENT_ADV/adc_measurement_adv_conf.c ****  *     - 1.Internal consumption of request source.<BR>
  52:../Dave/Generated/ADC_MEASUREMENT_ADV/adc_measurement_adv_conf.c ****  *     - 2.Support for synchronized conversion reduced from 8 master channels to 4 .<BR>
  53:../Dave/Generated/ADC_MEASUREMENT_ADV/adc_measurement_adv_conf.c ****  *     - 3.Converted the SetBoundary() API from public API to private API .<BR>
  54:../Dave/Generated/ADC_MEASUREMENT_ADV/adc_measurement_adv_conf.c ****  *     - 4.Updated all APIs for the Internal consumption of request source.<BR>
  55:../Dave/Generated/ADC_MEASUREMENT_ADV/adc_measurement_adv_conf.c ****  *
  56:../Dave/Generated/ADC_MEASUREMENT_ADV/adc_measurement_adv_conf.c ****  *
  57:../Dave/Generated/ADC_MEASUREMENT_ADV/adc_measurement_adv_conf.c ****  * 2016-02-05:
  58:../Dave/Generated/ADC_MEASUREMENT_ADV/adc_measurement_adv_conf.c ****  *     - Documentation updated.<BR>
  59:../Dave/Generated/ADC_MEASUREMENT_ADV/adc_measurement_adv_conf.c ****  *
  60:../Dave/Generated/ADC_MEASUREMENT_ADV/adc_measurement_adv_conf.c ****  * 2016-03-18:
  61:../Dave/Generated/ADC_MEASUREMENT_ADV/adc_measurement_adv_conf.c ****  *     - Added consumption of the GLOBAL ICLASS -1 for Sync. Conversions.<BR>
  62:../Dave/Generated/ADC_MEASUREMENT_ADV/adc_measurement_adv_conf.c ****  *     - Added consumption of the result register-0 for subtraction mode.<BR>
  63:../Dave/Generated/ADC_MEASUREMENT_ADV/adc_measurement_adv_conf.c ****  *     - Removed ADC_MEASUREMENT_ADV_SetUniformConversion().<BR>
  64:../Dave/Generated/ADC_MEASUREMENT_ADV/adc_measurement_adv_conf.c ****  *     - New API ADC_MEASUREMENT_ADV_SetIclass() added to configure the GLOBAL ICLASS for Slaves. <
  65:../Dave/Generated/ADC_MEASUREMENT_ADV/adc_measurement_adv_conf.c ****  *
  66:../Dave/Generated/ADC_MEASUREMENT_ADV/adc_measurement_adv_conf.c ****  * 2016-04-26:
  67:../Dave/Generated/ADC_MEASUREMENT_ADV/adc_measurement_adv_conf.c ****  *     - The synchronized conversion in a master slave configuration is currently not supported.<BR
  68:../Dave/Generated/ADC_MEASUREMENT_ADV/adc_measurement_adv_conf.c ****  *
  69:../Dave/Generated/ADC_MEASUREMENT_ADV/adc_measurement_adv_conf.c ****  * 2016-06-17:
  70:../Dave/Generated/ADC_MEASUREMENT_ADV/adc_measurement_adv_conf.c ****  *     - The synchronized conversion is supported.<BR>
  71:../Dave/Generated/ADC_MEASUREMENT_ADV/adc_measurement_adv_conf.c ****  *     - Modified the Sync initialization sequence to configure the EVAL bits in the slave groups.<
  72:../Dave/Generated/ADC_MEASUREMENT_ADV/adc_measurement_adv_conf.c ****  *
  73:../Dave/Generated/ADC_MEASUREMENT_ADV/adc_measurement_adv_conf.c ****  * 2016-08-18:
  74:../Dave/Generated/ADC_MEASUREMENT_ADV/adc_measurement_adv_conf.c ****  *     - Minimum sample time at low frequencies changed to incorporate Errata ADC_AI.H006 and ADC_A
  75:../Dave/Generated/ADC_MEASUREMENT_ADV/adc_measurement_adv_conf.c ****  *
  76:../Dave/Generated/ADC_MEASUREMENT_ADV/adc_measurement_adv_conf.c ****  * 2018-06-19:
  77:../Dave/Generated/ADC_MEASUREMENT_ADV/adc_measurement_adv_conf.c ****  *     - Avoid generating wrong setting for sync_conversion field in XMC_VADC_CHANNEL_CONFIG_t
  78:../Dave/Generated/ADC_MEASUREMENT_ADV/adc_measurement_adv_conf.c ****  *
  79:../Dave/Generated/ADC_MEASUREMENT_ADV/adc_measurement_adv_conf.c ****  * @endcond
  80:../Dave/Generated/ADC_MEASUREMENT_ADV/adc_measurement_adv_conf.c ****  *
  81:../Dave/Generated/ADC_MEASUREMENT_ADV/adc_measurement_adv_conf.c ****  */
  82:../Dave/Generated/ADC_MEASUREMENT_ADV/adc_measurement_adv_conf.c **** 
  83:../Dave/Generated/ADC_MEASUREMENT_ADV/adc_measurement_adv_conf.c **** /**************************************************************************************************
  84:../Dave/Generated/ADC_MEASUREMENT_ADV/adc_measurement_adv_conf.c ****  * HEADER FILES
  85:../Dave/Generated/ADC_MEASUREMENT_ADV/adc_measurement_adv_conf.c ****  **************************************************************************************************
  86:../Dave/Generated/ADC_MEASUREMENT_ADV/adc_measurement_adv_conf.c **** 
  87:../Dave/Generated/ADC_MEASUREMENT_ADV/adc_measurement_adv_conf.c **** #include "adc_measurement_adv.h"
  88:../Dave/Generated/ADC_MEASUREMENT_ADV/adc_measurement_adv_conf.c **** 
  89:../Dave/Generated/ADC_MEASUREMENT_ADV/adc_measurement_adv_conf.c **** /**************************************************************************************************
  90:../Dave/Generated/ADC_MEASUREMENT_ADV/adc_measurement_adv_conf.c ****  * EXTERN DECLARATIONS
  91:../Dave/Generated/ADC_MEASUREMENT_ADV/adc_measurement_adv_conf.c ****  **************************************************************************************************
  92:../Dave/Generated/ADC_MEASUREMENT_ADV/adc_measurement_adv_conf.c **** 
  93:../Dave/Generated/ADC_MEASUREMENT_ADV/adc_measurement_adv_conf.c **** 
  94:../Dave/Generated/ADC_MEASUREMENT_ADV/adc_measurement_adv_conf.c **** /**************************************************************************************************
  95:../Dave/Generated/ADC_MEASUREMENT_ADV/adc_measurement_adv_conf.c **** * DATA STRUCTURES
  96:../Dave/Generated/ADC_MEASUREMENT_ADV/adc_measurement_adv_conf.c **** ***************************************************************************************************
  97:../Dave/Generated/ADC_MEASUREMENT_ADV/adc_measurement_adv_conf.c **** 
  98:../Dave/Generated/ADC_MEASUREMENT_ADV/adc_measurement_adv_conf.c **** /* This function would be called in the ADC_MEASUREMENT_Init() to initialize the SR lines of the
  99:../Dave/Generated/ADC_MEASUREMENT_ADV/adc_measurement_adv_conf.c ****  * Result event/channel event.
 100:../Dave/Generated/ADC_MEASUREMENT_ADV/adc_measurement_adv_conf.c ****  */
 101:../Dave/Generated/ADC_MEASUREMENT_ADV/adc_measurement_adv_conf.c **** static void ADC_MEASUREMENT_ADV_0_event_config(void)
 102:../Dave/Generated/ADC_MEASUREMENT_ADV/adc_measurement_adv_conf.c **** {
  27              	 .loc 1 102 0
  28              	 .cfi_startproc
  29              	 
  30              	 
  31 0000 80B5     	 push {r7,lr}
  32              	.LCFI0:
  33              	 .cfi_def_cfa_offset 8
  34              	 .cfi_offset 7,-8
  35              	 .cfi_offset 14,-4
  36 0002 00AF     	 add r7,sp,#0
  37              	.LCFI1:
  38              	 .cfi_def_cfa_register 7
 103:../Dave/Generated/ADC_MEASUREMENT_ADV/adc_measurement_adv_conf.c **** 
 104:../Dave/Generated/ADC_MEASUREMENT_ADV/adc_measurement_adv_conf.c ****     /* Result Event Node Mux Configuration for Channel_B (Group-0 channel-0 Result_Register-4)*/
 105:../Dave/Generated/ADC_MEASUREMENT_ADV/adc_measurement_adv_conf.c ****     XMC_VADC_GROUP_SetResultInterruptNode(VADC_G0, 4U, XMC_VADC_SR_GROUP_SR0);
  39              	 .loc 1 105 0
  40 0004 0248     	 ldr r0,.L2
  41 0006 0421     	 movs r1,#4
  42 0008 0022     	 movs r2,#0
  43 000a FFF7FEFF 	 bl XMC_VADC_GROUP_SetResultInterruptNode
 106:../Dave/Generated/ADC_MEASUREMENT_ADV/adc_measurement_adv_conf.c **** 
 107:../Dave/Generated/ADC_MEASUREMENT_ADV/adc_measurement_adv_conf.c **** }
  44              	 .loc 1 107 0
  45 000e 80BD     	 pop {r7,pc}
  46              	.L3:
  47              	 .align 2
  48              	.L2:
  49 0010 00440040 	 .word 1073759232
  50              	 .cfi_endproc
  51              	.LFE270:
  53              	 .section .rodata.ADC_MEASUREMENT_ADV_0_Channel_A_ch_config,"a",%progbits
  54              	 .align 2
  57              	ADC_MEASUREMENT_ADV_0_Channel_A_ch_config:
  58 0000 00       	 .byte 0
  59 0001 00       	 .byte 0
  60 0002 2F       	 .byte 47
  61 0003 00       	 .byte 0
  62 0004 00000000 	 .word 0
  63 0008 00000000 	 .space 4
  64 000c 01       	 .byte 1
  65 000d 00       	 .byte 0
  66 000e 0000     	 .space 2
  67              	 .section .rodata.ADC_MEASUREMENT_ADV_0_Channel_A_res_config,"a",%progbits
  68              	 .align 2
  71              	ADC_MEASUREMENT_ADV_0_Channel_A_res_config:
  72 0000 00000000 	 .space 4
  73              	 .global ADC_MEASUREMENT_ADV_0_Channel_A_handle
  74              	 .section .rodata.ADC_MEASUREMENT_ADV_0_Channel_A_handle,"a",%progbits
  75              	 .align 2
  78              	ADC_MEASUREMENT_ADV_0_Channel_A_handle:
  79 0000 00000000 	 .word ADC_MEASUREMENT_ADV_0_Channel_A_ch_config
  80 0004 00000000 	 .word ADC_MEASUREMENT_ADV_0_Channel_A_res_config
  81 0008 00000000 	 .word ANALOG_IO_0
  82 000c 00       	 .byte 0
  83 000d 01       	 .byte 1
  84 000e 0000     	 .space 2
  85              	 .section .rodata.ADC_MEASUREMENT_ADV_0_Channel_B_ch_config,"a",%progbits
  86              	 .align 2
  89              	ADC_MEASUREMENT_ADV_0_Channel_B_ch_config:
  90 0000 00       	 .byte 0
  91 0001 00       	 .byte 0
  92 0002 24       	 .byte 36
  93 0003 00       	 .byte 0
  94 0004 00000000 	 .word 0
  95 0008 00000000 	 .space 4
  96 000c 01       	 .byte 1
  97 000d 01       	 .byte 1
  98 000e 0000     	 .space 2
  99              	 .section .rodata.ADC_MEASUREMENT_ADV_0_Channel_B_res_config,"a",%progbits
 100              	 .align 2
 103              	ADC_MEASUREMENT_ADV_0_Channel_B_res_config:
 104 0000 0000     	 .space 2
 105 0002 00       	 .byte 0
 106 0003 80       	 .byte 128
 107              	 .global ADC_MEASUREMENT_ADV_0_Channel_B_handle
 108              	 .section .rodata.ADC_MEASUREMENT_ADV_0_Channel_B_handle,"a",%progbits
 109              	 .align 2
 112              	ADC_MEASUREMENT_ADV_0_Channel_B_handle:
 113 0000 00000000 	 .word ADC_MEASUREMENT_ADV_0_Channel_B_ch_config
 114 0004 00000000 	 .word ADC_MEASUREMENT_ADV_0_Channel_B_res_config
 115 0008 00000000 	 .word ANALOG_IO_1
 116 000c 00       	 .byte 0
 117 000d 00       	 .byte 0
 118 000e 0000     	 .space 2
 119              	 .section .rodata.ADC_MEASUREMENT_ADV_0_scan_config,"a",%progbits
 120              	 .align 2
 123              	ADC_MEASUREMENT_ADV_0_scan_config:
 124 0000 00       	 .byte 0
 125 0001 000000   	 .space 3
 126 0004 00       	 .space 1
 127 0005 45       	 .byte 69
 128 0006 00       	 .byte 0
 129 0007 00       	 .byte 0
 130 0008 24       	 .byte 36
 131 0009 000000   	 .space 3
 132              	 .section .rodata.ADC_MEASUREMENT_ADV_0_scan_handle,"a",%progbits
 133              	 .align 2
 136              	ADC_MEASUREMENT_ADV_0_scan_handle:
 137 0000 00000000 	 .word 0
 138 0004 00000000 	 .word 0
 139 0008 00000000 	 .word 0
 140 000c 00       	 .byte 0
 141 000d 000000   	 .space 3
 142 0010 00       	 .byte 0
 143 0011 00       	 .byte 0
 144 0012 00       	 .byte 0
 145 0013 00       	 .byte 0
 146 0014 00000000 	 .word ADC_MEASUREMENT_ADV_0_scan_config
 147 0018 01       	 .byte 1
 148 0019 00       	 .byte 0
 149 001a 0000     	 .space 2
 150 001c 03000000 	 .word 3
 151 0020 00       	 .byte 0
 152 0021 000000   	 .space 3
 153              	 .section .data.ADC_MEASUREMENT_ADV_0_channel_array,"aw",%progbits
 154              	 .align 2
 157              	ADC_MEASUREMENT_ADV_0_channel_array:
 158 0000 00000000 	 .word ADC_MEASUREMENT_ADV_0_Channel_A_handle
 159 0004 00000000 	 .word ADC_MEASUREMENT_ADV_0_Channel_B_handle
 160              	 .section .data.ADC_MEASUREMENT_ADV_0_initialization_status,"aw",%progbits
 163              	ADC_MEASUREMENT_ADV_0_initialization_status:
 164 0000 02       	 .byte 2
 165              	 .global ADC_MEASUREMENT_ADV_0
 166              	 .section .rodata.ADC_MEASUREMENT_ADV_0,"a",%progbits
 167              	 .align 2
 170              	ADC_MEASUREMENT_ADV_0:
 171 0000 00000000 	 .word ADC_MEASUREMENT_ADV_0_channel_array
 172 0004 00000000 	 .word ADC_MEASUREMENT_ADV_0_event_config
 173 0008 00000000 	 .word ADC_MEASUREMENT_ADV_0_scan_handle
 174 000c 00000000 	 .word ADC_MEASUREMENT_ADV_0_initialization_status
 175 0010 01       	 .byte 1
 176 0011 00       	 .byte 0
 177 0012 02       	 .byte 2
 178 0013 02       	 .byte 2
 179 0014 01       	 .byte 1
 180 0015 000000   	 .space 3
 181              	 .text
 182              	.Letext0:
 183              	 .file 2 "c:\\infineon\\tools\\dave ide\\4.5.0.202105191637\\eclipse\\arm-gcc-49\\arm-none-eabi\\include\\machine\\_default_types.h"
 184              	 .file 3 "c:\\infineon\\tools\\dave ide\\4.5.0.202105191637\\eclipse\\arm-gcc-49\\arm-none-eabi\\include\\stdint.h"
 185              	 .file 4 "C:/work_mari/XMC4800/DAC_ADC/Libraries/CMSIS/Infineon/XMC4800_series/Include/XMC4800.h"
 186              	 .file 5 "C:/work_mari/XMC4800/DAC_ADC/Libraries/XMCLib/inc/xmc_vadc.h"
 187              	 .file 6 "C:/work_mari/XMC4800/DAC_ADC/Libraries/XMCLib/inc/xmc4_gpio.h"
 188              	 .file 7 "C:/work_mari/XMC4800/DAC_ADC/Dave/Generated/ANALOG_IO/analog_io.h"
 189              	 .file 8 "../Dave/Generated/ADC_MEASUREMENT_ADV/adc_measurement_adv.h"
 190              	 .file 9 "C:/work_mari/XMC4800/DAC_ADC/Libraries/CMSIS/Include/cmsis_gcc.h"
 191              	 .file 10 "C:/work_mari/XMC4800/DAC_ADC/Libraries/CMSIS/Include/core_cm4.h"
 192              	 .file 11 "C:/work_mari/XMC4800/DAC_ADC/Libraries/CMSIS/Infineon/XMC4800_series/Include/system_XMC4800.h"
 193              	 .file 12 "C:/work_mari/XMC4800/DAC_ADC/Dave/Generated/ANALOG_IO/analog_io_extern.h"
DEFINED SYMBOLS
                            *ABS*:00000000 adc_measurement_adv_conf.c
    {standard input}:20     .text.ADC_MEASUREMENT_ADV_0_event_config:00000000 $t
    {standard input}:24     .text.ADC_MEASUREMENT_ADV_0_event_config:00000000 ADC_MEASUREMENT_ADV_0_event_config
    {standard input}:49     .text.ADC_MEASUREMENT_ADV_0_event_config:00000010 $d
    {standard input}:54     .rodata.ADC_MEASUREMENT_ADV_0_Channel_A_ch_config:00000000 $d
    {standard input}:57     .rodata.ADC_MEASUREMENT_ADV_0_Channel_A_ch_config:00000000 ADC_MEASUREMENT_ADV_0_Channel_A_ch_config
    {standard input}:68     .rodata.ADC_MEASUREMENT_ADV_0_Channel_A_res_config:00000000 $d
    {standard input}:71     .rodata.ADC_MEASUREMENT_ADV_0_Channel_A_res_config:00000000 ADC_MEASUREMENT_ADV_0_Channel_A_res_config
    {standard input}:78     .rodata.ADC_MEASUREMENT_ADV_0_Channel_A_handle:00000000 ADC_MEASUREMENT_ADV_0_Channel_A_handle
    {standard input}:75     .rodata.ADC_MEASUREMENT_ADV_0_Channel_A_handle:00000000 $d
    {standard input}:86     .rodata.ADC_MEASUREMENT_ADV_0_Channel_B_ch_config:00000000 $d
    {standard input}:89     .rodata.ADC_MEASUREMENT_ADV_0_Channel_B_ch_config:00000000 ADC_MEASUREMENT_ADV_0_Channel_B_ch_config
    {standard input}:100    .rodata.ADC_MEASUREMENT_ADV_0_Channel_B_res_config:00000000 $d
    {standard input}:103    .rodata.ADC_MEASUREMENT_ADV_0_Channel_B_res_config:00000000 ADC_MEASUREMENT_ADV_0_Channel_B_res_config
    {standard input}:112    .rodata.ADC_MEASUREMENT_ADV_0_Channel_B_handle:00000000 ADC_MEASUREMENT_ADV_0_Channel_B_handle
    {standard input}:109    .rodata.ADC_MEASUREMENT_ADV_0_Channel_B_handle:00000000 $d
    {standard input}:120    .rodata.ADC_MEASUREMENT_ADV_0_scan_config:00000000 $d
    {standard input}:123    .rodata.ADC_MEASUREMENT_ADV_0_scan_config:00000000 ADC_MEASUREMENT_ADV_0_scan_config
    {standard input}:133    .rodata.ADC_MEASUREMENT_ADV_0_scan_handle:00000000 $d
    {standard input}:136    .rodata.ADC_MEASUREMENT_ADV_0_scan_handle:00000000 ADC_MEASUREMENT_ADV_0_scan_handle
    {standard input}:154    .data.ADC_MEASUREMENT_ADV_0_channel_array:00000000 $d
    {standard input}:157    .data.ADC_MEASUREMENT_ADV_0_channel_array:00000000 ADC_MEASUREMENT_ADV_0_channel_array
    {standard input}:163    .data.ADC_MEASUREMENT_ADV_0_initialization_status:00000000 ADC_MEASUREMENT_ADV_0_initialization_status
    {standard input}:170    .rodata.ADC_MEASUREMENT_ADV_0:00000000 ADC_MEASUREMENT_ADV_0
    {standard input}:167    .rodata.ADC_MEASUREMENT_ADV_0:00000000 $d
                     .debug_frame:00000010 $d

UNDEFINED SYMBOLS
XMC_VADC_GROUP_SetResultInterruptNode
ANALOG_IO_0
ANALOG_IO_1
